/home/runner/work/dashboard/dashboard/clones/cpython/Doc/whatsnew/changelog.rst:152:<translated>:1: WARNING: Inline literal start-string without end-string. [docutils]
/home/runner/work/dashboard/dashboard/clones/cpython/Doc/whatsnew/changelog.rst:152:<translated>:1: WARNING: Inline literal start-string without end-string. [docutils]
/home/runner/work/dashboard/dashboard/clones/cpython/Doc/whatsnew/changelog.rst:565:<translated>:1: WARNING: Inline literal start-string without end-string. [docutils]
/home/runner/work/dashboard/dashboard/clones/cpython/Doc/whatsnew/changelog.rst:645:<translated>:1: WARNING: Inline interpreted text or phrase reference start-string without end-string. [docutils]
/home/runner/work/dashboard/dashboard/clones/cpython/Doc/whatsnew/changelog.rst:1360:<translated>:1: ERROR: invalid PEP number 750`（模板字符串）。为t-strings添加新语法并实现新的内部 :class: [docutils]
/home/runner/work/dashboard/dashboard/clones/cpython/Doc/whatsnew/changelog.rst:1543:<translated>:1: WARNING: Inline interpreted text or phrase reference start-string without end-string. [docutils]
/home/runner/work/dashboard/dashboard/clones/cpython/Doc/whatsnew/changelog.rst:1729:<translated>:1: WARNING: Inline interpreted text or phrase reference start-string without end-string. [docutils]
/home/runner/work/dashboard/dashboard/clones/cpython/Doc/whatsnew/changelog.rst:1732:<translated>:1: WARNING: Inline interpreted text or phrase reference start-string without end-string. [docutils]
/home/runner/work/dashboard/dashboard/clones/cpython/Doc/whatsnew/changelog.rst:3859:<translated>:1: WARNING: Inline literal start-string without end-string. [docutils]
/home/runner/work/dashboard/dashboard/clones/cpython/Doc/whatsnew/changelog.rst:4916:<translated>:1: WARNING: Inline literal start-string without end-string. [docutils]
/home/runner/work/dashboard/dashboard/clones/cpython/Doc/whatsnew/changelog.rst:4924:<translated>:1: WARNING: Inline literal start-string without end-string. [docutils]
/home/runner/work/dashboard/dashboard/clones/cpython/Doc/whatsnew/changelog.rst:4924:<translated>:1: WARNING: Inline literal start-string without end-string. [docutils]
/home/runner/work/dashboard/dashboard/clones/cpython/Doc/whatsnew/changelog.rst:4936:<translated>:1: WARNING: Inline literal start-string without end-string. [docutils]
/home/runner/work/dashboard/dashboard/clones/cpython/Doc/whatsnew/changelog.rst:4936:<translated>:1: WARNING: Inline literal start-string without end-string. [docutils]
/home/runner/work/dashboard/dashboard/clones/cpython/Doc/whatsnew/changelog.rst:5897:<translated>:1: WARNING: Inline literal start-string without end-string. [docutils]
/home/runner/work/dashboard/dashboard/clones/cpython/Doc/whatsnew/changelog.rst:6348:<translated>:1: WARNING: Inline literal start-string without end-string. [docutils]
/home/runner/work/dashboard/dashboard/clones/cpython/Doc/whatsnew/changelog.rst:6373:<translated>:1: WARNING: Inline interpreted text or phrase reference start-string without end-string. [docutils]
/home/runner/work/dashboard/dashboard/clones/cpython/Doc/whatsnew/changelog.rst:6421:<translated>:1: WARNING: Inline literal start-string without end-string. [docutils]
/home/runner/work/dashboard/dashboard/clones/cpython/Doc/whatsnew/changelog.rst:6592:<translated>:1: WARNING: Inline interpreted text or phrase reference start-string without end-string. [docutils]
/home/runner/work/dashboard/dashboard/clones/cpython/Doc/whatsnew/changelog.rst:6757:<translated>:1: WARNING: Inline literal start-string without end-string. [docutils]
/home/runner/work/dashboard/dashboard/clones/cpython/Doc/whatsnew/changelog.rst:6757:<translated>:1: WARNING: Inline literal start-string without end-string. [docutils]
/home/runner/work/dashboard/dashboard/clones/cpython/Doc/whatsnew/changelog.rst:6852:<translated>:1: WARNING: Inline interpreted text or phrase reference start-string without end-string. [docutils]
/home/runner/work/dashboard/dashboard/clones/cpython/Doc/whatsnew/changelog.rst:6852:<translated>:1: WARNING: Inline interpreted text or phrase reference start-string without end-string. [docutils]
/home/runner/work/dashboard/dashboard/clones/cpython/Doc/whatsnew/changelog.rst:6852:<translated>:1: WARNING: Inline interpreted text or phrase reference start-string without end-string. [docutils]
/home/runner/work/dashboard/dashboard/clones/cpython/Doc/whatsnew/changelog.rst:7108:<translated>:1: WARNING: Inline literal start-string without end-string. [docutils]
/home/runner/work/dashboard/dashboard/clones/cpython/Doc/whatsnew/changelog.rst:7512:<translated>:1: ERROR: Unknown interpreted text role "c:meth". [docutils]
/home/runner/work/dashboard/dashboard/clones/cpython/Doc/whatsnew/changelog.rst:7542:<translated>:1: WARNING: Inline literal start-string without end-string. [docutils]
/home/runner/work/dashboard/dashboard/clones/cpython/Doc/whatsnew/changelog.rst:8172:<translated>:1: WARNING: Inline literal start-string without end-string. [docutils]
/home/runner/work/dashboard/dashboard/clones/cpython/Doc/whatsnew/changelog.rst:8446:<translated>:1: WARNING: Inline literal start-string without end-string. [docutils]
/home/runner/work/dashboard/dashboard/clones/cpython/Doc/whatsnew/changelog.rst:8760:<translated>:1: WARNING: Inline interpreted text or phrase reference start-string without end-string. [docutils]
/home/runner/work/dashboard/dashboard/clones/cpython/Doc/whatsnew/changelog.rst:9113:<translated>:1: WARNING: Inline interpreted text or phrase reference start-string without end-string. [docutils]
/home/runner/work/dashboard/dashboard/clones/cpython/Doc/whatsnew/changelog.rst:9117:<translated>:1: WARNING: Inline literal start-string without end-string. [docutils]
/home/runner/work/dashboard/dashboard/clones/cpython/Doc/whatsnew/changelog.rst:9234:<translated>:1: WARNING: Inline literal start-string without end-string. [docutils]
/home/runner/work/dashboard/dashboard/clones/cpython/Doc/whatsnew/changelog.rst:9926:<translated>:1: WARNING: Inline literal start-string without end-string. [docutils]
/home/runner/work/dashboard/dashboard/clones/cpython/Doc/whatsnew/changelog.rst:9930:<translated>:1: ERROR: Unknown interpreted text role "suspension". [docutils]
/home/runner/work/dashboard/dashboard/clones/cpython/Doc/whatsnew/changelog.rst:9969:<translated>:1: WARNING: Inline strong start-string without end-string. [docutils]
/home/runner/work/dashboard/dashboard/clones/cpython/Doc/whatsnew/changelog.rst:9969:<translated>:1: WARNING: Inline strong start-string without end-string. [docutils]
/home/runner/work/dashboard/dashboard/clones/cpython/Doc/whatsnew/changelog.rst:9990:<translated>:1: WARNING: Inline interpreted text or phrase reference start-string without end-string. [docutils]
/home/runner/work/dashboard/dashboard/clones/cpython/Doc/whatsnew/changelog.rst:10307:<translated>:1: WARNING: Inline literal start-string without end-string. [docutils]
/home/runner/work/dashboard/dashboard/clones/cpython/Doc/whatsnew/changelog.rst:10488:<translated>:1: WARNING: Inline literal start-string without end-string. [docutils]
/home/runner/work/dashboard/dashboard/clones/cpython/Doc/whatsnew/changelog.rst:10493:<translated>:1: WARNING: Inline interpreted text or phrase reference start-string without end-string. [docutils]
/home/runner/work/dashboard/dashboard/clones/cpython/Doc/whatsnew/changelog.rst:10654:<translated>:1: WARNING: Inline literal start-string without end-string. [docutils]
/home/runner/work/dashboard/dashboard/clones/cpython/Doc/whatsnew/changelog.rst:10789:<translated>:1: WARNING: Inline interpreted text or phrase reference start-string without end-string. [docutils]
/home/runner/work/dashboard/dashboard/clones/cpython/Doc/whatsnew/changelog.rst:10794:<translated>:1: WARNING: Inline interpreted text or phrase reference start-string without end-string. [docutils]
/home/runner/work/dashboard/dashboard/clones/cpython/Doc/whatsnew/changelog.rst:10806:<translated>:1: WARNING: Inline interpreted text or phrase reference start-string without end-string. [docutils]
/home/runner/work/dashboard/dashboard/clones/cpython/Doc/whatsnew/changelog.rst:10827:<translated>:1: WARNING: Inline interpreted text or phrase reference start-string without end-string. [docutils]
/home/runner/work/dashboard/dashboard/clones/cpython/Doc/whatsnew/changelog.rst:11655:<translated>:1: WARNING: Inline literal start-string without end-string. [docutils]
/home/runner/work/dashboard/dashboard/clones/cpython/Doc/whatsnew/changelog.rst:11691:<translated>:1: WARNING: Inline literal start-string without end-string. [docutils]
/home/runner/work/dashboard/dashboard/clones/cpython/Doc/whatsnew/changelog.rst:12350:<translated>:1: WARNING: Inline literal start-string without end-string. [docutils]
/home/runner/work/dashboard/dashboard/clones/cpython/Doc/whatsnew/changelog.rst:12672:<translated>:1: WARNING: Inline emphasis start-string without end-string. [docutils]
/home/runner/work/dashboard/dashboard/clones/cpython/Doc/whatsnew/changelog.rst:12792:<translated>:1: WARNING: Inline interpreted text or phrase reference start-string without end-string. [docutils]
/home/runner/work/dashboard/dashboard/clones/cpython/Doc/whatsnew/changelog.rst:13151:<translated>:1: WARNING: Inline literal start-string without end-string. [docutils]
/home/runner/work/dashboard/dashboard/clones/cpython/Doc/whatsnew/changelog.rst:13313:<translated>:1: WARNING: Inline literal start-string without end-string. [docutils]
/home/runner/work/dashboard/dashboard/clones/cpython/Doc/whatsnew/changelog.rst:13544:<translated>:1: WARNING: Inline literal start-string without end-string. [docutils]
/home/runner/work/dashboard/dashboard/clones/cpython/Doc/whatsnew/changelog.rst:13576:<translated>:1: WARNING: Inline interpreted text or phrase reference start-string without end-string. [docutils]
/home/runner/work/dashboard/dashboard/clones/cpython/Doc/whatsnew/changelog.rst:14271:<translated>:1: WARNING: Inline strong start-string without end-string. [docutils]
/home/runner/work/dashboard/dashboard/clones/cpython/Doc/whatsnew/changelog.rst:14815:<translated>:1: WARNING: Inline literal start-string without end-string. [docutils]
/home/runner/work/dashboard/dashboard/clones/cpython/Doc/whatsnew/changelog.rst:15972:<translated>:1: WARNING: Inline literal start-string without end-string. [docutils]
/home/runner/work/dashboard/dashboard/clones/cpython/Doc/whatsnew/changelog.rst:16274:<translated>:1: ERROR: Unknown interpreted text role "susp". [docutils]
/home/runner/work/dashboard/dashboard/clones/cpython/Doc/whatsnew/changelog.rst:16274:<translated>:1: ERROR: Unknown interpreted text role "susp". [docutils]
/home/runner/work/dashboard/dashboard/clones/cpython/Doc/whatsnew/changelog.rst:16278:<translated>:1: ERROR: Unknown interpreted text role "susp". [docutils]
/home/runner/work/dashboard/dashboard/clones/cpython/Doc/whatsnew/changelog.rst:16290:<translated>:1: WARNING: Inline literal start-string without end-string. [docutils]
/home/runner/work/dashboard/dashboard/clones/cpython/Doc/whatsnew/changelog.rst:16290:<translated>:1: WARNING: Inline literal start-string without end-string. [docutils]
/home/runner/work/dashboard/dashboard/clones/cpython/Doc/whatsnew/changelog.rst:16302:<translated>:1: ERROR: Unknown interpreted text role "susp". [docutils]
/home/runner/work/dashboard/dashboard/clones/cpython/Doc/whatsnew/changelog.rst:16302:<translated>:1: ERROR: Unknown interpreted text role "susp". [docutils]
/home/runner/work/dashboard/dashboard/clones/cpython/Doc/whatsnew/changelog.rst:17429:<translated>:1: WARNING: Inline literal start-string without end-string. [docutils]
/home/runner/work/dashboard/dashboard/clones/cpython/Doc/whatsnew/changelog.rst:17429:<translated>:1: WARNING: Inline literal start-string without end-string. [docutils]
/home/runner/work/dashboard/dashboard/clones/cpython/Doc/whatsnew/changelog.rst:17429:<translated>:1: WARNING: Inline interpreted text or phrase reference start-string without end-string. [docutils]
/home/runner/work/dashboard/dashboard/clones/cpython/Doc/whatsnew/changelog.rst:17658:<translated>:1: WARNING: Inline interpreted text or phrase reference start-string without end-string. [docutils]
/home/runner/work/dashboard/dashboard/clones/cpython/Doc/whatsnew/changelog.rst:17865:<translated>:1: WARNING: Inline literal start-string without end-string. [docutils]
/home/runner/work/dashboard/dashboard/clones/cpython/Doc/whatsnew/changelog.rst:18260:<translated>:1: WARNING: Inline literal start-string without end-string. [docutils]
/home/runner/work/dashboard/dashboard/clones/cpython/Doc/whatsnew/changelog.rst:18260:<translated>:1: WARNING: Inline target start-string without end-string. [docutils]
/home/runner/work/dashboard/dashboard/clones/cpython/Doc/whatsnew/changelog.rst:18260:<translated>:1: WARNING: Inline interpreted text or phrase reference start-string without end-string. [docutils]
/home/runner/work/dashboard/dashboard/clones/cpython/Doc/whatsnew/changelog.rst:18416:<translated>:1: WARNING: Inline interpreted text or phrase reference start-string without end-string. [docutils]
/home/runner/work/dashboard/dashboard/clones/cpython/Doc/whatsnew/changelog.rst:19279:<translated>:1: WARNING: Inline interpreted text or phrase reference start-string without end-string. [docutils]
/home/runner/work/dashboard/dashboard/clones/cpython/Doc/whatsnew/changelog.rst:20200:<translated>:1: WARNING: Inline interpreted text or phrase reference start-string without end-string. [docutils]
/home/runner/work/dashboard/dashboard/clones/cpython/Doc/whatsnew/changelog.rst:21066:<translated>:1: WARNING: Inline emphasis start-string without end-string. [docutils]
/home/runner/work/dashboard/dashboard/clones/cpython/Doc/whatsnew/changelog.rst:21755:<translated>:1: WARNING: Inline literal start-string without end-string. [docutils]
/home/runner/work/dashboard/dashboard/clones/cpython/Doc/whatsnew/changelog.rst:21890:<translated>:1: WARNING: Inline literal start-string without end-string. [docutils]
/home/runner/work/dashboard/dashboard/clones/cpython/Doc/whatsnew/changelog.rst:21910:<translated>:1: WARNING: Inline literal start-string without end-string. [docutils]
/home/runner/work/dashboard/dashboard/clones/cpython/Doc/whatsnew/changelog.rst:21910:<translated>:1: WARNING: Inline literal start-string without end-string. [docutils]
/home/runner/work/dashboard/dashboard/clones/cpython/Doc/whatsnew/changelog.rst:21920:<translated>:1: WARNING: Inline interpreted text or phrase reference start-string without end-string. [docutils]
/home/runner/work/dashboard/dashboard/clones/cpython/Doc/whatsnew/changelog.rst:22138:<translated>:1: WARNING: Inline interpreted text or phrase reference start-string without end-string. [docutils]
/home/runner/work/dashboard/dashboard/clones/cpython/Doc/whatsnew/changelog.rst:22498:<translated>:1: WARNING: Inline literal start-string without end-string. [docutils]
/home/runner/work/dashboard/dashboard/clones/cpython/Doc/whatsnew/changelog.rst:22534:<translated>:1: WARNING: Inline interpreted text or phrase reference start-string without end-string. [docutils]
/home/runner/work/dashboard/dashboard/clones/cpython/Doc/whatsnew/changelog.rst:22605:<translated>:1: WARNING: Inline literal start-string without end-string. [docutils]
/home/runner/work/dashboard/dashboard/clones/cpython/Doc/whatsnew/changelog.rst:22955:<translated>:1: WARNING: Inline interpreted text or phrase reference start-string without end-string. [docutils]
/home/runner/work/dashboard/dashboard/clones/cpython/Doc/whatsnew/changelog.rst:22955:<translated>:1: WARNING: Inline interpreted text or phrase reference start-string without end-string. [docutils]
/home/runner/work/dashboard/dashboard/clones/cpython/Doc/whatsnew/changelog.rst:22991:<translated>:1: WARNING: Inline literal start-string without end-string. [docutils]
/home/runner/work/dashboard/dashboard/clones/cpython/Doc/whatsnew/changelog.rst:23227:<translated>:1: WARNING: Inline interpreted text or phrase reference start-string without end-string. [docutils]
/home/runner/work/dashboard/dashboard/clones/cpython/Doc/whatsnew/changelog.rst:23679:<translated>:1: WARNING: Inline interpreted text or phrase reference start-string without end-string. [docutils]
/home/runner/work/dashboard/dashboard/clones/cpython/Doc/whatsnew/changelog.rst:24079:<translated>:1: WARNING: Inline literal start-string without end-string. [docutils]
/home/runner/work/dashboard/dashboard/clones/cpython/Doc/whatsnew/changelog.rst:24555:<translated>:1: WARNING: Inline interpreted text or phrase reference start-string without end-string. [docutils]
/home/runner/work/dashboard/dashboard/clones/cpython/Doc/whatsnew/changelog.rst:24561:<translated>:1: WARNING: Inline literal start-string without end-string. [docutils]
/home/runner/work/dashboard/dashboard/clones/cpython/Doc/whatsnew/changelog.rst:24935:<translated>:1: WARNING: Inline literal start-string without end-string. [docutils]
/home/runner/work/dashboard/dashboard/clones/cpython/Doc/whatsnew/changelog.rst:25073:<translated>:1: WARNING: Inline interpreted text or phrase reference start-string without end-string. [docutils]
/home/runner/work/dashboard/dashboard/clones/cpython/Doc/whatsnew/changelog.rst:25106:<translated>:1: WARNING: Inline literal start-string without end-string. [docutils]
/home/runner/work/dashboard/dashboard/clones/cpython/Doc/whatsnew/changelog.rst:25107:<translated>:1: WARNING: Inline literal start-string without end-string. [docutils]
/home/runner/work/dashboard/dashboard/clones/cpython/Doc/whatsnew/changelog.rst:25904:<translated>:1: WARNING: Inline literal start-string without end-string. [docutils]
/home/runner/work/dashboard/dashboard/clones/cpython/Doc/whatsnew/changelog.rst:25970:<translated>:1: WARNING: Inline literal start-string without end-string. [docutils]
/home/runner/work/dashboard/dashboard/clones/cpython/Doc/whatsnew/changelog.rst:26021:<translated>:1: WARNING: Inline interpreted text or phrase reference start-string without end-string. [docutils]
/home/runner/work/dashboard/dashboard/clones/cpython/Doc/whatsnew/changelog.rst:26568:<translated>:1: WARNING: Inline literal start-string without end-string. [docutils]
/home/runner/work/dashboard/dashboard/clones/cpython/Doc/whatsnew/changelog.rst:27109:<translated>:1: WARNING: Inline interpreted text or phrase reference start-string without end-string. [docutils]
/home/runner/work/dashboard/dashboard/clones/cpython/Doc/whatsnew/changelog.rst:27336:<translated>:1: WARNING: Inline interpreted text or phrase reference start-string without end-string. [docutils]
/home/runner/work/dashboard/dashboard/clones/cpython/Doc/whatsnew/changelog.rst:27491:<translated>:1: ERROR: invalid PEP number 604`（允许将联合类型写作 ``X | Y` [docutils]
/home/runner/work/dashboard/dashboard/clones/cpython/Doc/whatsnew/changelog.rst:27587:<translated>:1: WARNING: Inline literal start-string without end-string. [docutils]
/home/runner/work/dashboard/dashboard/clones/cpython/Doc/whatsnew/changelog.rst:27599:<translated>:1: WARNING: Inline interpreted text or phrase reference start-string without end-string. [docutils]
/home/runner/work/dashboard/dashboard/clones/cpython/Doc/whatsnew/changelog.rst:28119:<translated>:1: WARNING: Inline literal start-string without end-string. [docutils]
/home/runner/work/dashboard/dashboard/clones/cpython/Doc/whatsnew/changelog.rst:29252:<translated>:1: WARNING: Inline literal start-string without end-string. [docutils]
/home/runner/work/dashboard/dashboard/clones/cpython/Doc/whatsnew/changelog.rst:30047:<translated>:1: WARNING: Inline literal start-string without end-string. [docutils]
/home/runner/work/dashboard/dashboard/clones/cpython/Doc/whatsnew/changelog.rst:30047:<translated>:1: WARNING: Inline literal start-string without end-string. [docutils]
/home/runner/work/dashboard/dashboard/clones/cpython/Doc/whatsnew/changelog.rst:30498:<translated>:1: WARNING: Inline literal start-string without end-string. [docutils]
/home/runner/work/dashboard/dashboard/clones/cpython/Doc/whatsnew/changelog.rst:30498:<translated>:1: WARNING: Inline literal start-string without end-string. [docutils]
/home/runner/work/dashboard/dashboard/clones/cpython/Doc/whatsnew/changelog.rst:31119:<translated>:1: WARNING: Inline literal start-string without end-string. [docutils]
/home/runner/work/dashboard/dashboard/clones/cpython/Doc/whatsnew/changelog.rst:31365:<translated>:1: WARNING: Inline interpreted text or phrase reference start-string without end-string. [docutils]
/home/runner/work/dashboard/dashboard/clones/cpython/Doc/whatsnew/changelog.rst:31531:<translated>:1: WARNING: Inline literal start-string without end-string. [docutils]
/home/runner/work/dashboard/dashboard/clones/cpython/Doc/whatsnew/changelog.rst:31876:<translated>:1: WARNING: Inline interpreted text or phrase reference start-string without end-string. [docutils]
/home/runner/work/dashboard/dashboard/clones/cpython/Doc/whatsnew/changelog.rst:32057:<translated>:1: WARNING: Inline interpreted text or phrase reference start-string without end-string. [docutils]
/home/runner/work/dashboard/dashboard/clones/cpython/Doc/whatsnew/changelog.rst:32138:<translated>:1: WARNING: Inline literal start-string without end-string. [docutils]
/home/runner/work/dashboard/dashboard/clones/cpython/Doc/whatsnew/changelog.rst:32178:<translated>:1: WARNING: Inline emphasis start-string without end-string. [docutils]
/home/runner/work/dashboard/dashboard/clones/cpython/Doc/whatsnew/changelog.rst:32199:<translated>:1: WARNING: Inline literal start-string without end-string. [docutils]
/home/runner/work/dashboard/dashboard/clones/cpython/Doc/whatsnew/changelog.rst:32199:<translated>:1: WARNING: Inline literal start-string without end-string. [docutils]
/home/runner/work/dashboard/dashboard/clones/cpython/Doc/whatsnew/changelog.rst:32214:<translated>:1: WARNING: Inline literal start-string without end-string. [docutils]
/home/runner/work/dashboard/dashboard/clones/cpython/Doc/whatsnew/changelog.rst:32309:<translated>:1: WARNING: Inline literal start-string without end-string. [docutils]
/home/runner/work/dashboard/dashboard/clones/cpython/Doc/whatsnew/changelog.rst:32658:<translated>:1: WARNING: Inline literal start-string without end-string. [docutils]
/home/runner/work/dashboard/dashboard/clones/cpython/Doc/whatsnew/changelog.rst:32723:<translated>:1: WARNING: Inline literal start-string without end-string. [docutils]
/home/runner/work/dashboard/dashboard/clones/cpython/Doc/whatsnew/changelog.rst:32723:<translated>:1: WARNING: Inline literal start-string without end-string. [docutils]
/home/runner/work/dashboard/dashboard/clones/cpython/Doc/whatsnew/changelog.rst:32966:<translated>:1: WARNING: Inline interpreted text or phrase reference start-string without end-string. [docutils]
/home/runner/work/dashboard/dashboard/clones/cpython/Doc/whatsnew/changelog.rst:33514:<translated>:1: WARNING: Inline interpreted text or phrase reference start-string without end-string. [docutils]
/home/runner/work/dashboard/dashboard/clones/cpython/Doc/whatsnew/changelog.rst:33514:<translated>:1: WARNING: Inline literal start-string without end-string. [docutils]
/home/runner/work/dashboard/dashboard/clones/cpython/Doc/whatsnew/changelog.rst:33572:<translated>:1: WARNING: Inline interpreted text or phrase reference start-string without end-string. [docutils]
/home/runner/work/dashboard/dashboard/clones/cpython/Doc/whatsnew/changelog.rst:33614:<translated>:1: WARNING: Inline literal start-string without end-string. [docutils]
/home/runner/work/dashboard/dashboard/clones/cpython/Doc/whatsnew/changelog.rst:33889:<translated>:1: WARNING: Inline interpreted text or phrase reference start-string without end-string. [docutils]
/home/runner/work/dashboard/dashboard/clones/cpython/Doc/whatsnew/changelog.rst:34047:<translated>:1: WARNING: Inline literal start-string without end-string. [docutils]
/home/runner/work/dashboard/dashboard/clones/cpython/Doc/whatsnew/changelog.rst:34127:<translated>:1: WARNING: Inline interpreted text or phrase reference start-string without end-string. [docutils]
/home/runner/work/dashboard/dashboard/clones/cpython/Doc/whatsnew/changelog.rst:34242:<translated>:1: WARNING: Inline literal start-string without end-string. [docutils]
/home/runner/work/dashboard/dashboard/clones/cpython/Doc/whatsnew/changelog.rst:34884:<translated>:1: WARNING: Inline literal start-string without end-string. [docutils]
/home/runner/work/dashboard/dashboard/clones/cpython/Doc/whatsnew/changelog.rst:34966:<translated>:1: WARNING: Inline emphasis start-string without end-string. [docutils]
/home/runner/work/dashboard/dashboard/clones/cpython/Doc/whatsnew/changelog.rst:35136:<translated>:1: WARNING: Inline literal start-string without end-string. [docutils]
/home/runner/work/dashboard/dashboard/clones/cpython/Doc/whatsnew/changelog.rst:35378:<translated>:1: WARNING: Inline interpreted text or phrase reference start-string without end-string. [docutils]
/home/runner/work/dashboard/dashboard/clones/cpython/Doc/whatsnew/changelog.rst:35876:<translated>:1: WARNING: Inline interpreted text or phrase reference start-string without end-string. [docutils]
/home/runner/work/dashboard/dashboard/clones/cpython/Doc/whatsnew/changelog.rst:36117:<translated>:1: WARNING: Inline literal start-string without end-string. [docutils]
/home/runner/work/dashboard/dashboard/clones/cpython/Doc/whatsnew/changelog.rst:36944:<translated>:1: WARNING: Inline interpreted text or phrase reference start-string without end-string. [docutils]
/home/runner/work/dashboard/dashboard/clones/cpython/Doc/whatsnew/changelog.rst:37624:<translated>:1: WARNING: Inline interpreted text or phrase reference start-string without end-string. [docutils]
/home/runner/work/dashboard/dashboard/clones/cpython/Doc/whatsnew/changelog.rst:38380:<translated>:1: WARNING: Inline interpreted text or phrase reference start-string without end-string. [docutils]
/home/runner/work/dashboard/dashboard/clones/cpython/Doc/whatsnew/changelog.rst:38605:<translated>:1: WARNING: Inline emphasis start-string without end-string. [docutils]
/home/runner/work/dashboard/dashboard/clones/cpython/Doc/whatsnew/changelog.rst:39562:<translated>:1: WARNING: Inline literal start-string without end-string. [docutils]
/home/runner/work/dashboard/dashboard/clones/cpython/Doc/whatsnew/changelog.rst:39617:<translated>:1: WARNING: Inline interpreted text or phrase reference start-string without end-string. [docutils]
/home/runner/work/dashboard/dashboard/clones/cpython/Doc/whatsnew/changelog.rst:40355:<translated>:1: WARNING: Inline literal start-string without end-string. [docutils]
/home/runner/work/dashboard/dashboard/clones/cpython/Doc/whatsnew/changelog.rst:40540:<translated>:1: WARNING: Inline interpreted text or phrase reference start-string without end-string. [docutils]
/home/runner/work/dashboard/dashboard/clones/cpython/Doc/whatsnew/changelog.rst:41143:<translated>:1: WARNING: Inline literal start-string without end-string. [docutils]
/home/runner/work/dashboard/dashboard/clones/cpython/Doc/whatsnew/changelog.rst:41450:<translated>:1: WARNING: Inline literal start-string without end-string. [docutils]
/home/runner/work/dashboard/dashboard/clones/cpython/Doc/whatsnew/changelog.rst:41450:<translated>:1: WARNING: Inline literal start-string without end-string. [docutils]
/home/runner/work/dashboard/dashboard/clones/cpython/Doc/whatsnew/changelog.rst:41491:<translated>:1: WARNING: Inline interpreted text or phrase reference start-string without end-string. [docutils]
/home/runner/work/dashboard/dashboard/clones/cpython/Doc/whatsnew/changelog.rst:41735:<translated>:1: WARNING: Inline interpreted text or phrase reference start-string without end-string. [docutils]
/home/runner/work/dashboard/dashboard/clones/cpython/Doc/whatsnew/changelog.rst:42732:<translated>:1: WARNING: Inline literal start-string without end-string. [docutils]
/home/runner/work/dashboard/dashboard/clones/cpython/Doc/whatsnew/changelog.rst:43114:<translated>:1: WARNING: Inline literal start-string without end-string. [docutils]
/home/runner/work/dashboard/dashboard/clones/cpython/Doc/whatsnew/changelog.rst:43114:<translated>:1: WARNING: Inline literal start-string without end-string. [docutils]
/home/runner/work/dashboard/dashboard/clones/cpython/Doc/whatsnew/changelog.rst:43130:<translated>:1: WARNING: Inline interpreted text or phrase reference start-string without end-string. [docutils]
/home/runner/work/dashboard/dashboard/clones/cpython/Doc/whatsnew/changelog.rst:43320:<translated>:1: WARNING: Inline literal start-string without end-string. [docutils]
/home/runner/work/dashboard/dashboard/clones/cpython/Doc/whatsnew/changelog.rst:43466:<translated>:1: WARNING: Inline literal start-string without end-string. [docutils]
/home/runner/work/dashboard/dashboard/clones/cpython/Doc/whatsnew/changelog.rst:43770:<translated>:1: WARNING: Inline interpreted text or phrase reference start-string without end-string. [docutils]
/home/runner/work/dashboard/dashboard/clones/cpython/Doc/whatsnew/changelog.rst:45027:<translated>:1: WARNING: Inline interpreted text or phrase reference start-string without end-string. [docutils]
/home/runner/work/dashboard/dashboard/clones/cpython/Doc/whatsnew/changelog.rst:45120:<translated>:1: WARNING: Inline interpreted text or phrase reference start-string without end-string. [docutils]
/home/runner/work/dashboard/dashboard/clones/cpython/Doc/whatsnew/changelog.rst:45529:<translated>:1: WARNING: Inline interpreted text or phrase reference start-string without end-string. [docutils]
/home/runner/work/dashboard/dashboard/clones/cpython/Doc/whatsnew/changelog.rst:45709:<translated>:1: WARNING: Inline interpreted text or phrase reference start-string without end-string. [docutils]
/home/runner/work/dashboard/dashboard/clones/cpython/Doc/whatsnew/changelog.rst:45777:<translated>:1: WARNING: Inline literal start-string without end-string. [docutils]
/home/runner/work/dashboard/dashboard/clones/cpython/Doc/whatsnew/changelog.rst:45777:<translated>:1: WARNING: Inline emphasis start-string without end-string. [docutils]
/home/runner/work/dashboard/dashboard/clones/cpython/Doc/whatsnew/changelog.rst:45848:<translated>:1: WARNING: Inline literal start-string without end-string. [docutils]
/home/runner/work/dashboard/dashboard/clones/cpython/Doc/whatsnew/changelog.rst:47257:<translated>:1: WARNING: Inline literal start-string without end-string. [docutils]
/home/runner/work/dashboard/dashboard/clones/cpython/Doc/whatsnew/changelog.rst:47451:<translated>:1: WARNING: Inline literal start-string without end-string. [docutils]
/home/runner/work/dashboard/dashboard/clones/cpython/Doc/whatsnew/changelog.rst:48362:<translated>:1: WARNING: Inline interpreted text or phrase reference start-string without end-string. [docutils]
/home/runner/work/dashboard/dashboard/clones/cpython/Doc/whatsnew/changelog.rst:51448:<translated>:1: WARNING: Inline literal start-string without end-string. [docutils]
/home/runner/work/dashboard/dashboard/clones/cpython/Doc/whatsnew/changelog.rst:152:<translated>:1: WARNING: Inline literal start-string without end-string. [docutils]
/home/runner/work/dashboard/dashboard/clones/cpython/Doc/whatsnew/changelog.rst:152:<translated>:1: WARNING: Inline literal start-string without end-string. [docutils]
/home/runner/work/dashboard/dashboard/clones/cpython/Doc/whatsnew/changelog.rst:565:<translated>:1: WARNING: Inline literal start-string without end-string. [docutils]
/home/runner/work/dashboard/dashboard/clones/cpython/Doc/whatsnew/changelog.rst:645:<translated>:1: WARNING: Inline interpreted text or phrase reference start-string without end-string. [docutils]
/home/runner/work/dashboard/dashboard/clones/cpython/Doc/build/NEWS:645: WARNING: inconsistent term references in translated message. original: [':envvar:`TMPDIR`', ':ref:`forkserver <multiprocessing-start-method-forkserver>`'], translated: [] [i18n.inconsistent_references]
/home/runner/work/dashboard/dashboard/clones/cpython/Doc/build/NEWS:746: WARNING: inconsistent term references in translated message. original: [], translated: ['`_pyrepl`', '`__package__`', '`__file__`'] [i18n.inconsistent_references]
/home/runner/work/dashboard/dashboard/clones/cpython/Doc/build/NEWS:979: WARNING: inconsistent term references in translated message. original: [':func:`fcntl.fcntl`', ':term:`bytes-like\nobjects <bytes-like object>`', ':class:`bytes`', ':func:`fcntl.ioctl`'], translated: [':func:`fcntl.fcntl`', ':class:`bytes`', ':func:`fcntl.ioctl`'] [i18n.inconsistent_references]
/home/runner/work/dashboard/dashboard/clones/cpython/Doc/build/NEWS:1304: WARNING: inconsistent term references in translated message. original: [], translated: ['`python -m asyncio ps PID`', '`python -m asyncio pstree PID`'] [i18n.inconsistent_references]
/home/runner/work/dashboard/dashboard/clones/cpython/Doc/build/NEWS:1327: WARNING: inconsistent term references in translated message. original: [], translated: ['`sym_new_type`', '`sym_new_not_null`'] [i18n.inconsistent_references]
/home/runner/work/dashboard/dashboard/clones/cpython/Doc/build/NEWS:1342: WARNING: inconsistent term references in translated message. original: [], translated: ['`_CALL_LEN`'] [i18n.inconsistent_references]
/home/runner/work/dashboard/dashboard/clones/cpython/Doc/whatsnew/changelog.rst:1360:<translated>:1: ERROR: invalid PEP number 750`（模板字符串）。为t-strings添加新语法并实现新的内部 :class: [docutils]
/home/runner/work/dashboard/dashboard/clones/cpython/Doc/build/NEWS:1442: WARNING: inconsistent term references in translated message. original: [':keyword:`async with`', ':keyword:`with`', ':keyword:`with`', ':keyword:`async with`'], translated: [':keyword:`async with`（或 :keyword:`with`', ':keyword:`with`（或 :keyword:`async with`'] [i18n.inconsistent_references]
/home/runner/work/dashboard/dashboard/clones/cpython/Doc/build/NEWS:1524: WARNING: inconsistent term references in translated message. original: [':c:func:`PyType_GetModuleByDef`', ':exc:`TypeError`'], translated: [':c:func:`PyType_GetModuleByDef`返回NULL而不设置 :exc:`TypeError`'] [i18n.inconsistent_references]
/home/runner/work/dashboard/dashboard/clones/cpython/Doc/whatsnew/changelog.rst:1543:<translated>:1: WARNING: Inline interpreted text or phrase reference start-string without end-string. [docutils]
/home/runner/work/dashboard/dashboard/clones/cpython/Doc/build/NEWS:1543: WARNING: inconsistent term references in translated message. original: [':c:struct:`PyASCIIObject`'], translated: [] [i18n.inconsistent_references]
/home/runner/work/dashboard/dashboard/clones/cpython/Doc/build/NEWS:1690: WARNING: inconsistent term references in translated message. original: [':class:`ctypes.py_object`', ':term:`generic type`'], translated: [':class:`ctypes.py_object`'] [i18n.inconsistent_references]
/home/runner/work/dashboard/dashboard/clones/cpython/Doc/whatsnew/changelog.rst:1729:<translated>:1: WARNING: Inline interpreted text or phrase reference start-string without end-string. [docutils]
/home/runner/work/dashboard/dashboard/clones/cpython/Doc/build/NEWS:1729: WARNING: inconsistent term references in translated message. original: [':func:`textwrap.indent`'], translated: [] [i18n.inconsistent_references]
/home/runner/work/dashboard/dashboard/clones/cpython/Doc/whatsnew/changelog.rst:1732:<translated>:1: WARNING: Inline interpreted text or phrase reference start-string without end-string. [docutils]
/home/runner/work/dashboard/dashboard/clones/cpython/Doc/build/NEWS:1732: WARNING: inconsistent term references in translated message. original: [':func:`textwrap.dedent`'], translated: [] [i18n.inconsistent_references]
/home/runner/work/dashboard/dashboard/clones/cpython/Doc/build/NEWS:2134: WARNING: inconsistent term references in translated message. original: [':mod:`pdb`', ':exc:`bdb.BdbQuit`', ':mod:`pdb`', ':func:`breakpoint`', ':func:`pdb.set_trace`'], translated: [':func:`breakpoint`', ':func:`pdb.set_trace`', ':mod:`pdb`', ':exc:`bdb.BdbQuit`'] [i18n.inconsistent_references]
/home/runner/work/dashboard/dashboard/clones/cpython/Doc/build/NEWS:2188: WARNING: inconsistent term references in translated message. original: [':func:`super`', ':term:`closure variable`', ':class:`typing.NamedTuple`'], translated: [':class:`typing.NamedTuple`', ':func:`super`和 ``__class__``'] [i18n.inconsistent_references]
/home/runner/work/dashboard/dashboard/clones/cpython/Doc/build/NEWS:2435: WARNING: inconsistent term references in translated message. original: [':meth:`bytes.fromhex`', ':meth:`bytearray.fromhex`', ':class:`bytes`', ':term:`bytes-like objects <bytes-like object>`'], translated: [':meth:`bytes.fromhex`', ':meth:`bytearray.fromhex`', ':class:`bytes`和 :term:`字节类对象 <bytes-like object>`'] [i18n.inconsistent_references]
/home/runner/work/dashboard/dashboard/clones/cpython/Doc/build/NEWS:3045: WARNING: inconsistent term references in translated message. original: [':c:func:`PyUnstable_TryIncRef`', ':c:func:`PyUnstable_EnableTryIncRef`'], translated: [':c:func:`PyUnstable_TryIncRef`'] [i18n.inconsistent_references]
/home/runner/work/dashboard/dashboard/clones/cpython/Doc/build/NEWS:3123: WARNING: inconsistent term references in translated message. original: [':mod:`unittest`', ':meth:`~unittest.TestCase.assertHasAttr`', ':meth:`~unittest.TestCase.assertNotHasAttr`', ':meth:`~unittest.TestCase.assertIsSubclass`', ':meth:`~unittest.TestCase.assertNotIsSubclass`', ':meth:`~unittest.TestCase.assertStartsWith`', ':meth:`~unittest.TestCase.assertNotStartsWith`', ':meth:`~unittest.TestCase.assertEndsWith`', ':meth:`~unittest.TestCase.assertNotEndsWith`'], translated: [':mod:`unittest`', ':meth:`~unittest.TestCase.assertHasAttr`', ':meth:`~unittest.TestCase.assertNotHasAttr`', ':meth:`~unittest.TestCase.assertIsSubclass`', ':meth:`~unittest.TestCase.assertNotIsSubclass`', ':meth:`~unittest.TestCase.assertStartsWith`', ':meth:`~unittest.TestCase.assertNotStartsWith`', ':meth:`~unittest.TestCase.assertEndsWith`和 :meth:`~unittest.TestCase.assertNotEndsWith`'] [i18n.inconsistent_references]
/home/runner/work/dashboard/dashboard/clones/cpython/Doc/build/NEWS:3375: WARNING: inconsistent term references in translated message. original: [':c:func:`Py_FatalError`', ':term:`free threaded <free threading>`'], translated: [':c:func:`Py_FatalError`'] [i18n.inconsistent_references]
/home/runner/work/dashboard/dashboard/clones/cpython/Doc/build/NEWS:3756: WARNING: inconsistent term references in translated message. original: [':meth:`~object.__buffer__`', ':class:`bytearray`', ':attr:`~inspect.BufferFlags.READ`', ':attr:`~inspect.BufferFlags.WRITE`'], translated: [':attr:`~inspect.BufferFlags.READ`或 :attr:`~inspect.BufferFlags.WRITE`', ':class:`bytearray`', ':meth:`~object.__buffer__`'] [i18n.inconsistent_references]
/home/runner/work/dashboard/dashboard/clones/cpython/Doc/build/NEWS:3802: WARNING: inconsistent term references in translated message. original: [':c:func:`PySequence_In`', ':term:`soft deprecated`', ':c:func:`PySequence_Contains`'], translated: [':c:func:`PySequence_In`', ':c:func:`PySequence_Contains`'] [i18n.inconsistent_references]
/home/runner/work/dashboard/dashboard/clones/cpython/Doc/whatsnew/changelog.rst:3859:<translated>:1: WARNING: Inline literal start-string without end-string. [docutils]
/home/runner/work/dashboard/dashboard/clones/cpython/Doc/build/NEWS:4000: WARNING: inconsistent term references in translated message. original: [':class:`multiprocessing.Lock`', ':class:`multiprocessing.RLock`'], translated: [':class:`multiprocessing.Lock`和 :class:`multiprocessing.RLock`'] [i18n.inconsistent_references]
/home/runner/work/dashboard/dashboard/clones/cpython/Doc/build/NEWS:4004: WARNING: inconsistent term references in translated message. original: [':class:`calendar.IllegalMonthError`', ':class:`IndexError`', ':func:`calendar.month`'], translated: [':func:`calendar.month`会抛出 :class:`calendar.IllegalMonthError`（现在是 :class:`IndexError`'] [i18n.inconsistent_references]
/home/runner/work/dashboard/dashboard/clones/cpython/Doc/build/NEWS:4467: WARNING: inconsistent term references in translated message. original: [':term:`soft deprecated`'], translated: [] [i18n.inconsistent_references]
/home/runner/work/dashboard/dashboard/clones/cpython/Doc/build/NEWS:4604: WARNING: inconsistent term references in translated message. original: [':func:`os.getloadavg`', ':exc:`OSError`'], translated: [':func:`os.getloadavg`可能会抛出 :exc:`OSError`'] [i18n.inconsistent_references]
/home/runner/work/dashboard/dashboard/clones/cpython/Doc/whatsnew/changelog.rst:4916:<translated>:1: WARNING: Inline literal start-string without end-string. [docutils]
/home/runner/work/dashboard/dashboard/clones/cpython/Doc/whatsnew/changelog.rst:4924:<translated>:1: WARNING: Inline literal start-string without end-string. [docutils]
/home/runner/work/dashboard/dashboard/clones/cpython/Doc/whatsnew/changelog.rst:4924:<translated>:1: WARNING: Inline literal start-string without end-string. [docutils]
/home/runner/work/dashboard/dashboard/clones/cpython/Doc/whatsnew/changelog.rst:4936:<translated>:1: WARNING: Inline literal start-string without end-string. [docutils]
/home/runner/work/dashboard/dashboard/clones/cpython/Doc/whatsnew/changelog.rst:4936:<translated>:1: WARNING: Inline literal start-string without end-string. [docutils]
/home/runner/work/dashboard/dashboard/clones/cpython/Doc/build/NEWS:5174: WARNING: inconsistent term references in translated message. original: [':mod:`email`', ':mod:`~email.generator`', ':attr:`~email.policy.Policy.verify_generated_headers`'], translated: [':mod:`email`', ':mod:`~email.generator`现在会拒绝序列化（写入）不安全折叠或分隔的标题；参见 :attr:`~email.policy.Policy.verify_generated_headers`'] [i18n.inconsistent_references]
/home/runner/work/dashboard/dashboard/clones/cpython/Doc/build/NEWS:5183: WARNING: inconsistent term references in translated message. original: [':func:`ctypes.ARRAY`', ':term:`soft deprecated`'], translated: [':func:`ctypes.ARRAY`现在是软弃用`'] [i18n.inconsistent_references]
/home/runner/work/dashboard/dashboard/clones/cpython/Doc/build/NEWS:5870: WARNING: inconsistent term references in translated message. original: [':term:`context`', ':term:`current context`', ':term:`context management protocol`', ':class:`contextvars.Context`'], translated: [':term:`上下文`', ':term:`当前上下文`', ':class:`contextvars.Context`'] [i18n.inconsistent_references]
/home/runner/work/dashboard/dashboard/clones/cpython/Doc/whatsnew/changelog.rst:5897:<translated>:1: WARNING: Inline literal start-string without end-string. [docutils]
/home/runner/work/dashboard/dashboard/clones/cpython/Doc/whatsnew/changelog.rst:6348:<translated>:1: WARNING: Inline literal start-string without end-string. [docutils]
/home/runner/work/dashboard/dashboard/clones/cpython/Doc/whatsnew/changelog.rst:6373:<translated>:1: WARNING: Inline interpreted text or phrase reference start-string without end-string. [docutils]
/home/runner/work/dashboard/dashboard/clones/cpython/Doc/build/NEWS:6373: WARNING: inconsistent term references in translated message. original: [], translated: ['`else`语句不匹配任何有效语句的错误消息的改进，这些改进使得在这些`elif`'] [i18n.inconsistent_references]
/home/runner/work/dashboard/dashboard/clones/cpython/Doc/whatsnew/changelog.rst:6421:<translated>:1: WARNING: Inline literal start-string without end-string. [docutils]
/home/runner/work/dashboard/dashboard/clones/cpython/Doc/whatsnew/changelog.rst:6592:<translated>:1: WARNING: Inline interpreted text or phrase reference start-string without end-string. [docutils]
/home/runner/work/dashboard/dashboard/clones/cpython/Doc/build/NEWS:6592: WARNING: inconsistent term references in translated message. original: [':c:func:`PyEval_GetLocals`', ':exc:`SystemError`'], translated: [':c:func:`PyEval_GetLocals`'] [i18n.inconsistent_references]
/home/runner/work/dashboard/dashboard/clones/cpython/Doc/whatsnew/changelog.rst:6757:<translated>:1: WARNING: Inline literal start-string without end-string. [docutils]
/home/runner/work/dashboard/dashboard/clones/cpython/Doc/whatsnew/changelog.rst:6757:<translated>:1: WARNING: Inline literal start-string without end-string. [docutils]
/home/runner/work/dashboard/dashboard/clones/cpython/Doc/build/NEWS:6843: WARNING: inconsistent term references in translated message. original: [], translated: ['`--disable-gil`', '`--experimental-jit`'] [i18n.inconsistent_references]
/home/runner/work/dashboard/dashboard/clones/cpython/Doc/build/NEWS:6846: WARNING: inconsistent term references in translated message. original: [], translated: ['`python-config`'] [i18n.inconsistent_references]
/home/runner/work/dashboard/dashboard/clones/cpython/Doc/whatsnew/changelog.rst:6852:<translated>:1: WARNING: Inline interpreted text or phrase reference start-string without end-string. [docutils]
/home/runner/work/dashboard/dashboard/clones/cpython/Doc/whatsnew/changelog.rst:6852:<translated>:1: WARNING: Inline interpreted text or phrase reference start-string without end-string. [docutils]
/home/runner/work/dashboard/dashboard/clones/cpython/Doc/whatsnew/changelog.rst:6852:<translated>:1: WARNING: Inline interpreted text or phrase reference start-string without end-string. [docutils]
/home/runner/work/dashboard/dashboard/clones/cpython/Doc/build/NEWS:6852: WARNING: inconsistent term references in translated message. original: [], translated: ['`.pc`'] [i18n.inconsistent_references]
/home/runner/work/dashboard/dashboard/clones/cpython/Doc/build/NEWS:6858: WARNING: inconsistent term references in translated message. original: [], translated: ['`make_ssl_certs`'] [i18n.inconsistent_references]
/home/runner/work/dashboard/dashboard/clones/cpython/Doc/build/NEWS:6867: WARNING: inconsistent term references in translated message. original: [], translated: ['`--enable-experimental-jit`', '`SHT_NOTE`', '`AssertionError`'] [i18n.inconsistent_references]
/home/runner/work/dashboard/dashboard/clones/cpython/Doc/build/NEWS:6871: WARNING: inconsistent term references in translated message. original: [], translated: ['`--enable-experimental-jit`'] [i18n.inconsistent_references]
/home/runner/work/dashboard/dashboard/clones/cpython/Doc/build/NEWS:6933: WARNING: inconsistent term references in translated message. original: [], translated: ['`sys._is_gil_enabled()`', '`True`', '`True`', '`False`'] [i18n.inconsistent_references]
/home/runner/work/dashboard/dashboard/clones/cpython/Doc/build/NEWS:6946: WARNING: inconsistent term references in translated message. original: [], translated: ['`__firstlineno__`'] [i18n.inconsistent_references]
/home/runner/work/dashboard/dashboard/clones/cpython/Doc/build/NEWS:6952: WARNING: inconsistent term references in translated message. original: [], translated: ['`async_generator.athrow().close()`', '`async_generator.asend().close()`'] [i18n.inconsistent_references]
/home/runner/work/dashboard/dashboard/clones/cpython/Doc/build/NEWS:6969: WARNING: inconsistent term references in translated message. original: [], translated: ['`--enable-experimental-jit=interpreter`', '`-X uops`', '`PYTHON_UOPS=1`'] [i18n.inconsistent_references]
/home/runner/work/dashboard/dashboard/clones/cpython/Doc/build/NEWS:6974: WARNING: inconsistent term references in translated message. original: [], translated: ['`PYTHON_JIT`', '`PYTHON_UOPS`'] [i18n.inconsistent_references]
/home/runner/work/dashboard/dashboard/clones/cpython/Doc/whatsnew/changelog.rst:7108:<translated>:1: WARNING: Inline literal start-string without end-string. [docutils]
/home/runner/work/dashboard/dashboard/clones/cpython/Doc/build/NEWS:7236: WARNING: inconsistent term references in translated message. original: [':meth:`pathlib.Path.glob`'], translated: ['`115060`', ':meth:`pathlib.Path.glob`'] [i18n.inconsistent_references]
/home/runner/work/dashboard/dashboard/clones/cpython/Doc/build/NEWS:7239: WARNING: inconsistent term references in translated message. original: [':meth:`pathlib.Path.iterdir`', ':func:`os.scandir`'], translated: ['`117727`', ':func:`os.scandir`', ':meth:`pathlib.Path.iterdir`'] [i18n.inconsistent_references]
/home/runner/work/dashboard/dashboard/clones/cpython/Doc/build/NEWS:7242: WARNING: inconsistent term references in translated message. original: [':meth:`pathlib.Path.walk`'], translated: ['`117586`', ':meth:`pathlib.Path.walk`'] [i18n.inconsistent_references]
/home/runner/work/dashboard/dashboard/clones/cpython/Doc/build/NEWS:7245: WARNING: inconsistent term references in translated message. original: [':meth:`asyncio.StreamReader.readuntil`'], translated: ['`117722`', ':meth:`asyncio.StreamReader.readuntil`'] [i18n.inconsistent_references]
/home/runner/work/dashboard/dashboard/clones/cpython/Doc/build/NEWS:7249: WARNING: inconsistent term references in translated message. original: [':class:`doctest.DocTestFinder`'], translated: ['`117692`', ':class:`doctest.DocTestFinder`'] [i18n.inconsistent_references]
/home/runner/work/dashboard/dashboard/clones/cpython/Doc/build/NEWS:7252: WARNING: inconsistent term references in translated message. original: [], translated: ['`117348`'] [i18n.inconsistent_references]
/home/runner/work/dashboard/dashboard/clones/cpython/Doc/build/NEWS:7255: WARNING: inconsistent term references in translated message. original: [':func:`os.path.commonpath`'], translated: ['`117641`', ':func:`os.path.commonpath`'] [i18n.inconsistent_references]
/home/runner/work/dashboard/dashboard/clones/cpython/Doc/build/NEWS:7257: WARNING: inconsistent term references in translated message. original: [], translated: ['`117663`'] [i18n.inconsistent_references]
/home/runner/work/dashboard/dashboard/clones/cpython/Doc/build/NEWS:7260: WARNING: inconsistent term references in translated message. original: [':func:`os.path.join`'], translated: ['`117636`', ':func:`os.path.join`'] [i18n.inconsistent_references]
/home/runner/work/dashboard/dashboard/clones/cpython/Doc/build/NEWS:7262: WARNING: inconsistent term references in translated message. original: [':mod:`pdb`'], translated: ['`117618`', ':mod:`pdb`'] [i18n.inconsistent_references]
/home/runner/work/dashboard/dashboard/clones/cpython/Doc/build/NEWS:7265: WARNING: inconsistent term references in translated message. original: [], translated: ['`102247`'] [i18n.inconsistent_references]
/home/runner/work/dashboard/dashboard/clones/cpython/Doc/build/NEWS:7272: WARNING: inconsistent term references in translated message. original: [':func:`os.path.relpath`'], translated: ['`117607`', ':func:`os.path.relpath`'] [i18n.inconsistent_references]
/home/runner/work/dashboard/dashboard/clones/cpython/Doc/build/NEWS:7274: WARNING: inconsistent term references in translated message. original: [':meth:`pathlib.Path.glob`'], translated: ['`117586`', ':meth:`pathlib.Path.glob`'] [i18n.inconsistent_references]
/home/runner/work/dashboard/dashboard/clones/cpython/Doc/build/NEWS:7277: WARNING: inconsistent term references in translated message. original: [], translated: ['`117225`'] [i18n.inconsistent_references]
/home/runner/work/dashboard/dashboard/clones/cpython/Doc/build/NEWS:7279: WARNING: inconsistent term references in translated message. original: [':meth:`ipaddress.IPv6Address.is_loopback`'], translated: ['`117566`', ':meth:`ipaddress.IPv6Address.is_loopback`'] [i18n.inconsistent_references]
/home/runner/work/dashboard/dashboard/clones/cpython/Doc/build/NEWS:7283: WARNING: inconsistent term references in translated message. original: [':func:`os.path.realpath`'], translated: ['`117546`', ':func:`os.path.realpath`'] [i18n.inconsistent_references]
/home/runner/work/dashboard/dashboard/clones/cpython/Doc/build/NEWS:7323: WARNING: inconsistent term references in translated message. original: [':func:`mimetypes.guess_file_type`', ':func:`~mimetypes.guess_type`', ':term:`soft deprecated`'], translated: [':func:`mimetypes.guess_file_type`', ':func:`~mimetypes.guess_type`'] [i18n.inconsistent_references]
/home/runner/work/dashboard/dashboard/clones/cpython/Doc/whatsnew/changelog.rst:7512:<translated>:1: ERROR: Unknown interpreted text role "c:meth". [docutils]
/home/runner/work/dashboard/dashboard/clones/cpython/Doc/build/NEWS:7512: WARNING: inconsistent term references in translated message. original: [':meth:`datetime.datetime.fromisoformat`'], translated: [] [i18n.inconsistent_references]
/home/runner/work/dashboard/dashboard/clones/cpython/Doc/whatsnew/changelog.rst:7542:<translated>:1: WARNING: Inline literal start-string without end-string. [docutils]
/home/runner/work/dashboard/dashboard/clones/cpython/Doc/build/NEWS:7653: WARNING: inconsistent term references in translated message. original: [':meth:`asyncio.asyncio.run_coroutine_threadsafe`', ':class:`CancelledError`', ':class:`TimeoutError`', ':class:`InvalidStateError`'], translated: [':meth:`asyncio.asyncio.run_coroutine_threadsafe`', ':class:`TimeoutError`', ':class:`InvalidStateError`'] [i18n.inconsistent_references]
/home/runner/work/dashboard/dashboard/clones/cpython/Doc/build/NEWS:7678: WARNING: inconsistent term references in translated message. original: [':mod:`ssl`'], translated: [] [i18n.inconsistent_references]
/home/runner/work/dashboard/dashboard/clones/cpython/Doc/whatsnew/changelog.rst:8172:<translated>:1: WARNING: Inline literal start-string without end-string. [docutils]
/home/runner/work/dashboard/dashboard/clones/cpython/Doc/build/NEWS:8290: WARNING: inconsistent term references in translated message. original: [':func:`functools.partial`s of :func:`repr`', ':term:`module`'], translated: [':func:`functools.partial`', ':func:`repr`', ':term:`module`'] [i18n.inconsistent_references]
/home/runner/work/dashboard/dashboard/clones/cpython/Doc/whatsnew/changelog.rst:8446:<translated>:1: WARNING: Inline literal start-string without end-string. [docutils]
/home/runner/work/dashboard/dashboard/clones/cpython/Doc/build/NEWS:8586: WARNING: inconsistent term references in translated message. original: [':func:`format`', ':class:`~decimal.Decimal`'], translated: [':class:`~decimal.Decimal`', ':func:`format`', '`INF`'] [i18n.inconsistent_references]
/home/runner/work/dashboard/dashboard/clones/cpython/Doc/build/NEWS:8593: WARNING: inconsistent term references in translated message. original: [':class:`fractions.Fraction`', ':class:`complex`'], translated: [':class:`complex`'] [i18n.inconsistent_references]
/home/runner/work/dashboard/dashboard/clones/cpython/Doc/whatsnew/changelog.rst:8760:<translated>:1: WARNING: Inline interpreted text or phrase reference start-string without end-string. [docutils]
/home/runner/work/dashboard/dashboard/clones/cpython/Doc/build/NEWS:8760: WARNING: inconsistent term references in translated message. original: [':func:`asyncio.Condition.notify`'], translated: [] [i18n.inconsistent_references]
/home/runner/work/dashboard/dashboard/clones/cpython/Doc/build/NEWS:8991: WARNING: inconsistent term references in translated message. original: [':c:func:`PyList_GetItemRef`', ':c:func:`PyList_GetItem`', ':term:`strong reference`', ':term:`borrowed reference`'], translated: [':c:func:`PyList_GetItemRef`', ':c:func:`PyList_GetItem`', ':term:`强引用`'] [i18n.inconsistent_references]
/home/runner/work/dashboard/dashboard/clones/cpython/Doc/whatsnew/changelog.rst:9113:<translated>:1: WARNING: Inline interpreted text or phrase reference start-string without end-string. [docutils]
/home/runner/work/dashboard/dashboard/clones/cpython/Doc/build/NEWS:9113: WARNING: inconsistent term references in translated message. original: [':func:`input`'], translated: [] [i18n.inconsistent_references]
/home/runner/work/dashboard/dashboard/clones/cpython/Doc/whatsnew/changelog.rst:9117:<translated>:1: WARNING: Inline literal start-string without end-string. [docutils]
/home/runner/work/dashboard/dashboard/clones/cpython/Doc/whatsnew/changelog.rst:9234:<translated>:1: WARNING: Inline literal start-string without end-string. [docutils]
/home/runner/work/dashboard/dashboard/clones/cpython/Doc/whatsnew/changelog.rst:9926:<translated>:1: WARNING: Inline literal start-string without end-string. [docutils]
/home/runner/work/dashboard/dashboard/clones/cpython/Doc/whatsnew/changelog.rst:9930:<translated>:1: ERROR: Unknown interpreted text role "suspension". [docutils]
/home/runner/work/dashboard/dashboard/clones/cpython/Doc/build/NEWS:9930: WARNING: inconsistent term references in translated message. original: [':meth:`frame.clear`'], translated: [] [i18n.inconsistent_references]
/home/runner/work/dashboard/dashboard/clones/cpython/Doc/whatsnew/changelog.rst:9969:<translated>:1: WARNING: Inline strong start-string without end-string. [docutils]
/home/runner/work/dashboard/dashboard/clones/cpython/Doc/whatsnew/changelog.rst:9969:<translated>:1: WARNING: Inline strong start-string without end-string. [docutils]
/home/runner/work/dashboard/dashboard/clones/cpython/Doc/whatsnew/changelog.rst:9990:<translated>:1: WARNING: Inline interpreted text or phrase reference start-string without end-string. [docutils]
/home/runner/work/dashboard/dashboard/clones/cpython/Doc/build/NEWS:9990: WARNING: inconsistent term references in translated message. original: [':exc:`SyntaxWarning`'], translated: [] [i18n.inconsistent_references]
/home/runner/work/dashboard/dashboard/clones/cpython/Doc/whatsnew/changelog.rst:10307:<translated>:1: WARNING: Inline literal start-string without end-string. [docutils]
/home/runner/work/dashboard/dashboard/clones/cpython/Doc/whatsnew/changelog.rst:10488:<translated>:1: WARNING: Inline literal start-string without end-string. [docutils]
/home/runner/work/dashboard/dashboard/clones/cpython/Doc/whatsnew/changelog.rst:10493:<translated>:1: WARNING: Inline interpreted text or phrase reference start-string without end-string. [docutils]
/home/runner/work/dashboard/dashboard/clones/cpython/Doc/build/NEWS:10493: WARNING: inconsistent term references in translated message. original: [':c:func:`Py_SET_REFCNT`'], translated: [] [i18n.inconsistent_references]
/home/runner/work/dashboard/dashboard/clones/cpython/Doc/whatsnew/changelog.rst:10654:<translated>:1: WARNING: Inline literal start-string without end-string. [docutils]
/home/runner/work/dashboard/dashboard/clones/cpython/Doc/whatsnew/changelog.rst:10789:<translated>:1: WARNING: Inline interpreted text or phrase reference start-string without end-string. [docutils]
/home/runner/work/dashboard/dashboard/clones/cpython/Doc/build/NEWS:10789: WARNING: inconsistent term references in translated message. original: [], translated: ['`RAISE`'] [i18n.inconsistent_references]
/home/runner/work/dashboard/dashboard/clones/cpython/Doc/whatsnew/changelog.rst:10794:<translated>:1: WARNING: Inline interpreted text or phrase reference start-string without end-string. [docutils]
/home/runner/work/dashboard/dashboard/clones/cpython/Doc/whatsnew/changelog.rst:10806:<translated>:1: WARNING: Inline interpreted text or phrase reference start-string without end-string. [docutils]
/home/runner/work/dashboard/dashboard/clones/cpython/Doc/build/NEWS:10806: WARNING: inconsistent term references in translated message. original: [], translated: ['`dir`', '`next`'] [i18n.inconsistent_references]
/home/runner/work/dashboard/dashboard/clones/cpython/Doc/whatsnew/changelog.rst:10827:<translated>:1: WARNING: Inline interpreted text or phrase reference start-string without end-string. [docutils]
/home/runner/work/dashboard/dashboard/clones/cpython/Doc/build/NEWS:10994: WARNING: inconsistent term references in translated message. original: [':opcode:`TO_BOOL`', ':opcode:`POP_JUMP_IF_TRUE`', ':opcode:`POP_JUMP_IF_FALSE`', ':opcode:`UNARY_NOT`', ':class:`bool`', ':opcode:`COMPARE_OP`'], translated: [':opcode:`TO_BOOL`', ':opcode:`POP_JUMP_IF_TRUE`', ':opcode:`POP_JUMP_IF_FALSE`', ':opcode:`UNARY_NOT`（这些现在都期望精确的 :class:`bool`', ':opcode:`COMPARE_OP`'] [i18n.inconsistent_references]
/home/runner/work/dashboard/dashboard/clones/cpython/Doc/build/NEWS:11022: WARNING: inconsistent term references in translated message. original: [':exc:`ValueError`', ':func:`asyncio.sleep`', ':func:`time.sleep`'], translated: [':func:`asyncio.sleep`', ':exc:`ValueError`（与 :func:`time.sleep`'] [i18n.inconsistent_references]
/home/runner/work/dashboard/dashboard/clones/cpython/Doc/build/NEWS:11224: WARNING: inconsistent term references in translated message. original: [':exc:`TypeError`', ':exc:`OverflowError`'], translated: [':exc:`TypeError`会被 :exc:`OverflowError`'] [i18n.inconsistent_references]
/home/runner/work/dashboard/dashboard/clones/cpython/Doc/whatsnew/changelog.rst:11655:<translated>:1: WARNING: Inline literal start-string without end-string. [docutils]
/home/runner/work/dashboard/dashboard/clones/cpython/Doc/whatsnew/changelog.rst:11691:<translated>:1: WARNING: Inline literal start-string without end-string. [docutils]
/home/runner/work/dashboard/dashboard/clones/cpython/Doc/whatsnew/changelog.rst:12350:<translated>:1: WARNING: Inline literal start-string without end-string. [docutils]
/home/runner/work/dashboard/dashboard/clones/cpython/Doc/build/NEWS:12395: WARNING: inconsistent term references in translated message. original: [], translated: ['`FreeBSD GCP镜像启用了TCP和UDP黑洞 <https://reviews.freebsd.org/D41751>`_（``sysctl net.inet.tcp.blackhole=2``'] [i18n.inconsistent_references]
/home/runner/work/dashboard/dashboard/clones/cpython/Doc/build/NEWS:12544: WARNING: inconsistent term references in translated message. original: [':option:`--with-trace-refs`', ':ref:`debug build <debug-build>`'], translated: [':option:`--with-trace-refs`（跟踪引用）构建的 Python 现在与 Python 发布构建和 :ref:`debug build <debug-build>`'] [i18n.inconsistent_references]
/home/runner/work/dashboard/dashboard/clones/cpython/Doc/whatsnew/changelog.rst:12672:<translated>:1: WARNING: Inline emphasis start-string without end-string. [docutils]
/home/runner/work/dashboard/dashboard/clones/cpython/Doc/build/NEWS:12788: WARNING: inconsistent term references in translated message. original: [':option:`--with-trace-refs`', ':ref:`Limited API <limited-c-api>`'], translated: [':option:`--with-trace-refs`（跟踪引用）构建的 Python 现在支持 :ref:`Limited API <limited-c-api>`'] [i18n.inconsistent_references]
/home/runner/work/dashboard/dashboard/clones/cpython/Doc/whatsnew/changelog.rst:12792:<translated>:1: WARNING: Inline interpreted text or phrase reference start-string without end-string. [docutils]
/home/runner/work/dashboard/dashboard/clones/cpython/Doc/build/NEWS:12874: WARNING: inconsistent term references in translated message. original: [':c:func:`PyDict_GetItemRef`', ':c:func:`PyDict_GetItemStringRef`', ':c:func:`PyDict_GetItemWithError`', ':term:`strong reference`', ':term:`borrowed reference`'], translated: [':c:func:`PyDict_GetItemRef`', ':c:func:`PyDict_GetItemStringRef`', ':c:func:`PyDict_GetItemWithError`', ':term:`强引用`'] [i18n.inconsistent_references]
/home/runner/work/dashboard/dashboard/clones/cpython/Doc/build/NEWS:12887: WARNING: inconsistent term references in translated message. original: [':c:func:`PyImport_AddModuleRef`', ':c:func:`PyImport_AddModule`', ':term:`strong reference`', ':term:`borrowed reference`'], translated: [':c:func:`PyImport_AddModuleRef`', ':c:func:`PyImport_AddModule`', ':term:`强引用`'] [i18n.inconsistent_references]
/home/runner/work/dashboard/dashboard/clones/cpython/Doc/whatsnew/changelog.rst:13151:<translated>:1: WARNING: Inline literal start-string without end-string. [docutils]
/home/runner/work/dashboard/dashboard/clones/cpython/Doc/whatsnew/changelog.rst:13313:<translated>:1: WARNING: Inline literal start-string without end-string. [docutils]
/home/runner/work/dashboard/dashboard/clones/cpython/Doc/whatsnew/changelog.rst:13544:<translated>:1: WARNING: Inline literal start-string without end-string. [docutils]
/home/runner/work/dashboard/dashboard/clones/cpython/Doc/whatsnew/changelog.rst:13576:<translated>:1: WARNING: Inline interpreted text or phrase reference start-string without end-string. [docutils]
/home/runner/work/dashboard/dashboard/clones/cpython/Doc/build/NEWS:13576: WARNING: inconsistent term references in translated message. original: [':func:`os.path.join`'], translated: [] [i18n.inconsistent_references]
/home/runner/work/dashboard/dashboard/clones/cpython/Doc/whatsnew/changelog.rst:14271:<translated>:1: WARNING: Inline strong start-string without end-string. [docutils]
/home/runner/work/dashboard/dashboard/clones/cpython/Doc/build/NEWS:14427: WARNING: inconsistent term references in translated message. original: [':class:`lzma.LZMADecompressor`', ':class:`bz2.BZ2Decompressor`', ':class:`lzma.LZMADecompressor`', ':class:`lzma.LZMACompressor`', ':class:`bz2.BZ2Compressor`', ':class:`bz2.BZ2Decompressor`'], translated: [':class:`lzma.LZMADecompressor`和 :class:`bz2.BZ2Decompressor`', ':class:`lzma.LZMADecompressor`', ':class:`lzma.LZMACompressor`', ':class:`bz2.BZ2Compressor`', ':class:`bz2.BZ2Decompressor`'] [i18n.inconsistent_references]
/home/runner/work/dashboard/dashboard/clones/cpython/Doc/whatsnew/changelog.rst:14815:<translated>:1: WARNING: Inline literal start-string without end-string. [docutils]
/home/runner/work/dashboard/dashboard/clones/cpython/Doc/build/NEWS:15027: WARNING: inconsistent term references in translated message. original: [':func:`os.walk`', ':exc:`RecursionError`', ':func:`os.walk`'], translated: [':func:`os.walk`', ':exc:`RecursionError`'] [i18n.inconsistent_references]
/home/runner/work/dashboard/dashboard/clones/cpython/Doc/build/NEWS:15104: WARNING: inconsistent term references in translated message. original: [':class:`os.PathLike`', ':class:`pathlib.Path`', ':meth:`compileall.compile_file`', ':meth:`compileall.compile_dir`'], translated: [':meth:`compileall.compile_file`', ':meth:`compileall.compile_dir`', ':class:`os.PathLike`（如 :class:`pathlib.Path`'] [i18n.inconsistent_references]
/home/runner/work/dashboard/dashboard/clones/cpython/Doc/build/NEWS:15805: WARNING: inconsistent term references in translated message. original: [':class:`array.array`', ':term:`generic type`'], translated: [':class:`array.array`'] [i18n.inconsistent_references]
/home/runner/work/dashboard/dashboard/clones/cpython/Doc/build/NEWS:15852: WARNING: inconsistent term references in translated message. original: [':class:`argparse.ArgumentParser`'], translated: ['`store_true`', ':class:`argparse.ArgumentParser`'] [i18n.inconsistent_references]
/home/runner/work/dashboard/dashboard/clones/cpython/Doc/whatsnew/changelog.rst:15972:<translated>:1: WARNING: Inline literal start-string without end-string. [docutils]
/home/runner/work/dashboard/dashboard/clones/cpython/Doc/build/NEWS:15993: WARNING: inconsistent term references in translated message. original: [':mod:`multiprocessing`', ':ref:`"forkserver" start method\n<multiprocessing-start-methods>`'], translated: [':mod:`multiprocessing`模块恢复使用基于文件系统的Unix域套接字与 *forkserver* 进程通信，而不是使用Linux抽象套接字命名空间。只有选择使用 :ref:`'] [i18n.inconsistent_references]
/home/runner/work/dashboard/dashboard/clones/cpython/Doc/whatsnew/changelog.rst:16274:<translated>:1: ERROR: Unknown interpreted text role "susp". [docutils]
/home/runner/work/dashboard/dashboard/clones/cpython/Doc/whatsnew/changelog.rst:16274:<translated>:1: ERROR: Unknown interpreted text role "susp". [docutils]
/home/runner/work/dashboard/dashboard/clones/cpython/Doc/build/NEWS:16274: WARNING: inconsistent term references in translated message. original: [':keyword:`try`', ':keyword:`except`', ':meth:`~generator.close`', ':meth:`~generator.throw`'], translated: [':keyword:`try`', ':keyword:`except`'] [i18n.inconsistent_references]
/home/runner/work/dashboard/dashboard/clones/cpython/Doc/whatsnew/changelog.rst:16278:<translated>:1: ERROR: Unknown interpreted text role "susp". [docutils]
/home/runner/work/dashboard/dashboard/clones/cpython/Doc/build/NEWS:16278: WARNING: inconsistent term references in translated message. original: [':meth:`~object.__get__`'], translated: [] [i18n.inconsistent_references]
/home/runner/work/dashboard/dashboard/clones/cpython/Doc/whatsnew/changelog.rst:16290:<translated>:1: WARNING: Inline literal start-string without end-string. [docutils]
/home/runner/work/dashboard/dashboard/clones/cpython/Doc/whatsnew/changelog.rst:16290:<translated>:1: WARNING: Inline literal start-string without end-string. [docutils]
/home/runner/work/dashboard/dashboard/clones/cpython/Doc/whatsnew/changelog.rst:16302:<translated>:1: ERROR: Unknown interpreted text role "susp". [docutils]
/home/runner/work/dashboard/dashboard/clones/cpython/Doc/whatsnew/changelog.rst:16302:<translated>:1: ERROR: Unknown interpreted text role "susp". [docutils]
/home/runner/work/dashboard/dashboard/clones/cpython/Doc/build/NEWS:16302: WARNING: inconsistent term references in translated message. original: [':class:`list`', ':meth:`str.split`', ':meth:`str.rsplit`'], translated: [':class:`list`'] [i18n.inconsistent_references]
/home/runner/work/dashboard/dashboard/clones/cpython/Doc/build/NEWS:17310: WARNING: inconsistent term references in translated message. original: [':func:`sqlite3.connect`'], translated: [] [i18n.inconsistent_references]
/home/runner/work/dashboard/dashboard/clones/cpython/Doc/whatsnew/changelog.rst:17429:<translated>:1: WARNING: Inline literal start-string without end-string. [docutils]
/home/runner/work/dashboard/dashboard/clones/cpython/Doc/whatsnew/changelog.rst:17429:<translated>:1: WARNING: Inline literal start-string without end-string. [docutils]
/home/runner/work/dashboard/dashboard/clones/cpython/Doc/whatsnew/changelog.rst:17429:<translated>:1: WARNING: Inline interpreted text or phrase reference start-string without end-string. [docutils]
/home/runner/work/dashboard/dashboard/clones/cpython/Doc/build/NEWS:17429: WARNING: inconsistent term references in translated message. original: [':class:`concurrent.futures.ProcessPoolExecutor`'], translated: [] [i18n.inconsistent_references]
/home/runner/work/dashboard/dashboard/clones/cpython/Doc/whatsnew/changelog.rst:17658:<translated>:1: WARNING: Inline interpreted text or phrase reference start-string without end-string. [docutils]
/home/runner/work/dashboard/dashboard/clones/cpython/Doc/build/NEWS:17658: WARNING: inconsistent term references in translated message. original: [':const:`errno.ENOBUFS`'], translated: [] [i18n.inconsistent_references]
/home/runner/work/dashboard/dashboard/clones/cpython/Doc/whatsnew/changelog.rst:17865:<translated>:1: WARNING: Inline literal start-string without end-string. [docutils]
/home/runner/work/dashboard/dashboard/clones/cpython/Doc/whatsnew/changelog.rst:18260:<translated>:1: WARNING: Inline literal start-string without end-string. [docutils]
/home/runner/work/dashboard/dashboard/clones/cpython/Doc/whatsnew/changelog.rst:18260:<translated>:1: WARNING: Inline target start-string without end-string. [docutils]
/home/runner/work/dashboard/dashboard/clones/cpython/Doc/whatsnew/changelog.rst:18260:<translated>:1: WARNING: Inline interpreted text or phrase reference start-string without end-string. [docutils]
/home/runner/work/dashboard/dashboard/clones/cpython/Doc/whatsnew/changelog.rst:18416:<translated>:1: WARNING: Inline interpreted text or phrase reference start-string without end-string. [docutils]
/home/runner/work/dashboard/dashboard/clones/cpython/Doc/build/NEWS:18416: WARNING: inconsistent term references in translated message. original: [':class:`typing.Text`'], translated: [] [i18n.inconsistent_references]
/home/runner/work/dashboard/dashboard/clones/cpython/Doc/build/NEWS:18460: WARNING: inconsistent term references in translated message. original: [':class:`inspect.Parameter`', ':exc:`ValueError`'], translated: [':class:`inspect.Parameter`现在会引发 :exc:`ValueError`'] [i18n.inconsistent_references]
/home/runner/work/dashboard/dashboard/clones/cpython/Doc/build/NEWS:18621: WARNING: inconsistent term references in translated message. original: [':term:`context manager`', ':class:`sqlite3.Blob`'], translated: [':class:`sqlite3.Blob`'] [i18n.inconsistent_references]
/home/runner/work/dashboard/dashboard/clones/cpython/Doc/build/NEWS:19270: WARNING: inconsistent term references in translated message. original: [':meth:`~asyncio.AbstractEventLoop.sock_sendto`', ':meth:`~asyncio.AbstractEventLoop.sock_recvfrom`', ':meth:`~asyncio.AbstractEventLoop.sock_recvfrom_into`'], translated: [':meth:`~asyncio.AbstractEventLoop.sock_sendto`', ':meth:`~asyncio.AbstractEventLoop.sock_recvfrom`和 :meth:`~asyncio.AbstractEventLoop.sock_recvfrom_into`'] [i18n.inconsistent_references]
/home/runner/work/dashboard/dashboard/clones/cpython/Doc/whatsnew/changelog.rst:19279:<translated>:1: WARNING: Inline interpreted text or phrase reference start-string without end-string. [docutils]
/home/runner/work/dashboard/dashboard/clones/cpython/Doc/build/NEWS:19279: WARNING: inconsistent term references in translated message. original: [':class:`ParamSpec`', ':class:`GenericAlias`', ':class:`Concatenate`'], translated: [':class:`GenericAlias`', ':class:`ParamSpec`'] [i18n.inconsistent_references]
/home/runner/work/dashboard/dashboard/clones/cpython/Doc/build/NEWS:19282: WARNING: inconsistent term references in translated message. original: [':ref:`sysconfig installation\nschemes <installation_paths>`', ':mod:`venv`', ':func:`sysconfig.get_default_scheme`', ':func:`sysconfig.get_preferred_scheme`'], translated: [':ref:`sysconfig安装方案 <installation_paths>`', ':mod:`venv`', ':func:`sysconfig.get_default_scheme`和 :func:`sysconfig.get_preferred_scheme`'] [i18n.inconsistent_references]
/home/runner/work/dashboard/dashboard/clones/cpython/Doc/whatsnew/changelog.rst:20200:<translated>:1: WARNING: Inline interpreted text or phrase reference start-string without end-string. [docutils]
/home/runner/work/dashboard/dashboard/clones/cpython/Doc/build/NEWS:20200: WARNING: inconsistent term references in translated message. original: [':meth:`pathlib.Path.absolute`'], translated: [] [i18n.inconsistent_references]
/home/runner/work/dashboard/dashboard/clones/cpython/Doc/build/NEWS:20792: WARNING: inconsistent term references in translated message. original: [':c:func:`PyBuffer_GetPointer`', ':c:func:`PyBuffer_FromContiguous`', ':c:func:`PyBuffer_ToContiguous`', ':c:func:`PyMemoryView_FromBuffer`', ':c:func:`PyBuffer_FromContiguous`', ':c:func:`PyBuffer_GetPointer`'], translated: [':c:func:`PyBuffer_GetPointer`', ':c:func:`PyBuffer_FromContiguous`', ':c:func:`PyBuffer_ToContiguous`和 :c:func:`PyMemoryView_FromBuffer`', ':c:func:`PyBuffer_FromContiguous`现在还将源缓冲区作为``const void *``', ':c:func:`PyBuffer_GetPointer`将步幅作为 ``const Py_ssize_t *``'] [i18n.inconsistent_references]
/home/runner/work/dashboard/dashboard/clones/cpython/Doc/build/NEWS:20800: WARNING: inconsistent term references in translated message. original: [':c:func:`PyCapsule_Import`'], translated: [] [i18n.inconsistent_references]
/home/runner/work/dashboard/dashboard/clones/cpython/Doc/whatsnew/changelog.rst:21066:<translated>:1: WARNING: Inline emphasis start-string without end-string. [docutils]
/home/runner/work/dashboard/dashboard/clones/cpython/Doc/whatsnew/changelog.rst:21755:<translated>:1: WARNING: Inline literal start-string without end-string. [docutils]
/home/runner/work/dashboard/dashboard/clones/cpython/Doc/build/NEWS:21759: WARNING: inconsistent term references in translated message. original: [':ref:`Include\nFiles <api-includes>`'], translated: [] [i18n.inconsistent_references]
/home/runner/work/dashboard/dashboard/clones/cpython/Doc/whatsnew/changelog.rst:21890:<translated>:1: WARNING: Inline literal start-string without end-string. [docutils]
/home/runner/work/dashboard/dashboard/clones/cpython/Doc/whatsnew/changelog.rst:21910:<translated>:1: WARNING: Inline literal start-string without end-string. [docutils]
/home/runner/work/dashboard/dashboard/clones/cpython/Doc/whatsnew/changelog.rst:21910:<translated>:1: WARNING: Inline literal start-string without end-string. [docutils]
/home/runner/work/dashboard/dashboard/clones/cpython/Doc/build/NEWS:21910: WARNING: inconsistent term references in translated message. original: [':func:`open`', ':func:`io.open`', ':func:`codecs.open`', ':class:`fileinput.FileInput`'], translated: [':func:`open`', ':func:`io.open`', ':func:`codecs.open`和 :class:`fileinput.FileInput`'] [i18n.inconsistent_references]
/home/runner/work/dashboard/dashboard/clones/cpython/Doc/whatsnew/changelog.rst:21920:<translated>:1: WARNING: Inline interpreted text or phrase reference start-string without end-string. [docutils]
/home/runner/work/dashboard/dashboard/clones/cpython/Doc/build/NEWS:21920: WARNING: inconsistent term references in translated message. original: [':mod:`traceback`'], translated: [] [i18n.inconsistent_references]
/home/runner/work/dashboard/dashboard/clones/cpython/Doc/whatsnew/changelog.rst:22138:<translated>:1: WARNING: Inline interpreted text or phrase reference start-string without end-string. [docutils]
/home/runner/work/dashboard/dashboard/clones/cpython/Doc/build/NEWS:22191: WARNING: inconsistent term references in translated message. original: [':exc:`TypeError`', ':exc:`AttributeError`', ':keyword:`with`', ':keyword:`async with`', ':term:`context manager`', ':term:`asynchronous context manager`'], translated: [':term:`上下文管理器`', ':keyword:`with`', ':keyword:`async with`', ':exc:`TypeError`', ':exc:`AttributeError`'] [i18n.inconsistent_references]
/home/runner/work/dashboard/dashboard/clones/cpython/Doc/whatsnew/changelog.rst:22498:<translated>:1: WARNING: Inline literal start-string without end-string. [docutils]
/home/runner/work/dashboard/dashboard/clones/cpython/Doc/whatsnew/changelog.rst:22534:<translated>:1: WARNING: Inline interpreted text or phrase reference start-string without end-string. [docutils]
/home/runner/work/dashboard/dashboard/clones/cpython/Doc/whatsnew/changelog.rst:22605:<translated>:1: WARNING: Inline literal start-string without end-string. [docutils]
/home/runner/work/dashboard/dashboard/clones/cpython/Doc/whatsnew/changelog.rst:22955:<translated>:1: WARNING: Inline interpreted text or phrase reference start-string without end-string. [docutils]
/home/runner/work/dashboard/dashboard/clones/cpython/Doc/whatsnew/changelog.rst:22955:<translated>:1: WARNING: Inline interpreted text or phrase reference start-string without end-string. [docutils]
/home/runner/work/dashboard/dashboard/clones/cpython/Doc/build/NEWS:22955: WARNING: inconsistent term references in translated message. original: [':mod:`ipaddress.IPv6Address.is_private`'], translated: [] [i18n.inconsistent_references]
/home/runner/work/dashboard/dashboard/clones/cpython/Doc/whatsnew/changelog.rst:22991:<translated>:1: WARNING: Inline literal start-string without end-string. [docutils]
/home/runner/work/dashboard/dashboard/clones/cpython/Doc/build/NEWS:23095: WARNING: inconsistent term references in translated message. original: [':meth:`subprocess.check_output`', ':exc:`ValueError`', ':exc:`TypeError`'], translated: [':meth:`subprocess.check_output`现在会引发 :exc:`ValueError`', ':exc:`TypeError`'] [i18n.inconsistent_references]
/home/runner/work/dashboard/dashboard/clones/cpython/Doc/build/NEWS:23202: WARNING: inconsistent term references in translated message. original: [':meth:`int.to_bytes`', ':meth:`int.from_bytes`'], translated: [] [i18n.inconsistent_references]
/home/runner/work/dashboard/dashboard/clones/cpython/Doc/whatsnew/changelog.rst:23227:<translated>:1: WARNING: Inline interpreted text or phrase reference start-string without end-string. [docutils]
/home/runner/work/dashboard/dashboard/clones/cpython/Doc/build/NEWS:23227: WARNING: inconsistent term references in translated message. original: [':func:`shutil.make_archive`'], translated: [] [i18n.inconsistent_references]
/home/runner/work/dashboard/dashboard/clones/cpython/Doc/whatsnew/changelog.rst:23679:<translated>:1: WARNING: Inline interpreted text or phrase reference start-string without end-string. [docutils]
/home/runner/work/dashboard/dashboard/clones/cpython/Doc/build/NEWS:23679: WARNING: inconsistent term references in translated message. original: [':c:func:`PyType_Ready`', ':c:macro:`Py_TPFLAGS_HAVE_GC`', ':c:member:`PyTypeObject.tp_traverse`'], translated: [':c:macro:`Py_TPFLAGS_HAVE_GC`', ':c:member:`PyTypeObject.tp_traverse`'] [i18n.inconsistent_references]
/home/runner/work/dashboard/dashboard/clones/cpython/Doc/whatsnew/changelog.rst:24079:<translated>:1: WARNING: Inline literal start-string without end-string. [docutils]
/home/runner/work/dashboard/dashboard/clones/cpython/Doc/whatsnew/changelog.rst:24555:<translated>:1: WARNING: Inline interpreted text or phrase reference start-string without end-string. [docutils]
/home/runner/work/dashboard/dashboard/clones/cpython/Doc/build/NEWS:24555: WARNING: inconsistent term references in translated message. original: [':class:`xmlrpc.client.ServerProxy`'], translated: [] [i18n.inconsistent_references]
/home/runner/work/dashboard/dashboard/clones/cpython/Doc/build/NEWS:24558: WARNING: inconsistent term references in translated message. original: [':meth:`~array.array.index`', ':class:`array.array`'], translated: [':class:`array.array`的 :meth:`~array.array.index`'] [i18n.inconsistent_references]
/home/runner/work/dashboard/dashboard/clones/cpython/Doc/whatsnew/changelog.rst:24561:<translated>:1: WARNING: Inline literal start-string without end-string. [docutils]
/home/runner/work/dashboard/dashboard/clones/cpython/Doc/build/NEWS:24899: WARNING: inconsistent term references in translated message. original: [':mod:`readline`'], translated: [] [i18n.inconsistent_references]
/home/runner/work/dashboard/dashboard/clones/cpython/Doc/whatsnew/changelog.rst:24935:<translated>:1: WARNING: Inline literal start-string without end-string. [docutils]
/home/runner/work/dashboard/dashboard/clones/cpython/Doc/whatsnew/changelog.rst:25073:<translated>:1: WARNING: Inline interpreted text or phrase reference start-string without end-string. [docutils]
/home/runner/work/dashboard/dashboard/clones/cpython/Doc/build/NEWS:25073: WARNING: inconsistent term references in translated message. original: [':c:func:`PyCFunction_New`'], translated: [] [i18n.inconsistent_references]
/home/runner/work/dashboard/dashboard/clones/cpython/Doc/whatsnew/changelog.rst:25106:<translated>:1: WARNING: Inline literal start-string without end-string. [docutils]
/home/runner/work/dashboard/dashboard/clones/cpython/Doc/whatsnew/changelog.rst:25107:<translated>:1: WARNING: Inline literal start-string without end-string. [docutils]
/home/runner/work/dashboard/dashboard/clones/cpython/Doc/build/NEWS:25216: WARNING: inconsistent term references in translated message. original: [], translated: ['`__init_subclass__`'] [i18n.inconsistent_references]
/home/runner/work/dashboard/dashboard/clones/cpython/Doc/build/NEWS:25218: WARNING: inconsistent term references in translated message. original: [], translated: ['`_json`'] [i18n.inconsistent_references]
/home/runner/work/dashboard/dashboard/clones/cpython/Doc/build/NEWS:25229: WARNING: inconsistent term references in translated message. original: [], translated: ['`bdist_wininst`', '`bdist_wheel`'] [i18n.inconsistent_references]
/home/runner/work/dashboard/dashboard/clones/cpython/Doc/build/NEWS:25233: WARNING: inconsistent term references in translated message. original: [], translated: ['`sqlite3.enable_shared_cache`'] [i18n.inconsistent_references]
/home/runner/work/dashboard/dashboard/clones/cpython/Doc/whatsnew/changelog.rst:25904:<translated>:1: WARNING: Inline literal start-string without end-string. [docutils]
/home/runner/work/dashboard/dashboard/clones/cpython/Doc/whatsnew/changelog.rst:25970:<translated>:1: WARNING: Inline literal start-string without end-string. [docutils]
/home/runner/work/dashboard/dashboard/clones/cpython/Doc/build/NEWS:26008: WARNING: inconsistent term references in translated message. original: [':func:`traceback.format_exception`', ':func:`traceback.format_exception_only`', ':func:`traceback.print_exception`'], translated: [':func:`traceback.format_exception`', ':func:`traceback.format_exception_only`和 :func:`traceback.print_exception`'] [i18n.inconsistent_references]
/home/runner/work/dashboard/dashboard/clones/cpython/Doc/whatsnew/changelog.rst:26021:<translated>:1: WARNING: Inline interpreted text or phrase reference start-string without end-string. [docutils]
/home/runner/work/dashboard/dashboard/clones/cpython/Doc/build/NEWS:26021: WARNING: inconsistent term references in translated message. original: [':meth:`pprint.PrettyPrinter.format`', ':func:`pprint._safe_repr`'], translated: [':meth:`pprint.PrettyPrinter.format`'] [i18n.inconsistent_references]
/home/runner/work/dashboard/dashboard/clones/cpython/Doc/build/NEWS:26535: WARNING: inconsistent term references in translated message. original: [':term:`classes <class>`', ':term:`types <type>`', ':meth:`__class_getitem__`'], translated: [':term:`类 <class>`和 :term:`类型 <type>`', ':meth:`__class_getitem__`'] [i18n.inconsistent_references]
/home/runner/work/dashboard/dashboard/clones/cpython/Doc/whatsnew/changelog.rst:26568:<translated>:1: WARNING: Inline literal start-string without end-string. [docutils]
/home/runner/work/dashboard/dashboard/clones/cpython/Doc/build/NEWS:27074: WARNING: inconsistent term references in translated message. original: [':term:`iterator`', ':class:`memoryview`'], translated: [':class:`memoryview`'] [i18n.inconsistent_references]
/home/runner/work/dashboard/dashboard/clones/cpython/Doc/build/NEWS:27076: WARNING: inconsistent term references in translated message. original: [':meth:`turtle.Vec2D.__rmul__`'], translated: [] [i18n.inconsistent_references]
/home/runner/work/dashboard/dashboard/clones/cpython/Doc/build/NEWS:27092: WARNING: inconsistent term references in translated message. original: [':exc:`~sqlite3.ProgrammingError`', ':mod:`sqlite3`'], translated: [':mod:`sqlite3`中对于缺少参数的 :exc:`~sqlite3.ProgrammingError`'] [i18n.inconsistent_references]
/home/runner/work/dashboard/dashboard/clones/cpython/Doc/whatsnew/changelog.rst:27109:<translated>:1: WARNING: Inline interpreted text or phrase reference start-string without end-string. [docutils]
/home/runner/work/dashboard/dashboard/clones/cpython/Doc/build/NEWS:27109: WARNING: inconsistent term references in translated message. original: [':meth:`asyncio.wait_for`'], translated: [] [i18n.inconsistent_references]
/home/runner/work/dashboard/dashboard/clones/cpython/Doc/whatsnew/changelog.rst:27336:<translated>:1: WARNING: Inline interpreted text or phrase reference start-string without end-string. [docutils]
/home/runner/work/dashboard/dashboard/clones/cpython/Doc/build/NEWS:27336: WARNING: inconsistent term references in translated message. original: [':func:`hashlib.compare_digest`'], translated: [] [i18n.inconsistent_references]
/home/runner/work/dashboard/dashboard/clones/cpython/Doc/whatsnew/changelog.rst:27491:<translated>:1: ERROR: invalid PEP number 604`（允许将联合类型写作 ``X | Y` [docutils]
/home/runner/work/dashboard/dashboard/clones/cpython/Doc/whatsnew/changelog.rst:27587:<translated>:1: WARNING: Inline literal start-string without end-string. [docutils]
/home/runner/work/dashboard/dashboard/clones/cpython/Doc/whatsnew/changelog.rst:27599:<translated>:1: WARNING: Inline interpreted text or phrase reference start-string without end-string. [docutils]
/home/runner/work/dashboard/dashboard/clones/cpython/Doc/build/NEWS:27599: WARNING: inconsistent term references in translated message. original: [':mod:`zoneinfo`'], translated: [] [i18n.inconsistent_references]
/home/runner/work/dashboard/dashboard/clones/cpython/Doc/whatsnew/changelog.rst:28119:<translated>:1: WARNING: Inline literal start-string without end-string. [docutils]
/home/runner/work/dashboard/dashboard/clones/cpython/Doc/build/NEWS:28583: WARNING: inconsistent term references in translated message. original: [':c:func:`PyObject_New`', ':c:func:`PyObject_NewVar`', ':c:member:`PyTypeObject.tp_basicsize`'], translated: [':c:func:`PyObject_New`', ':c:member:`PyTypeObject.tp_basicsize`'] [i18n.inconsistent_references]
/home/runner/work/dashboard/dashboard/clones/cpython/Doc/build/NEWS:29095: WARNING: inconsistent term references in translated message. original: [':c:member:`~PyModuleDef.m_traverse`', ':c:member:`~PyModuleDef.m_clear`', ':c:member:`~PyModuleDef.m_free`', ':c:type:`PyModuleDef`', ':c:data:`Py_mod_exec`', ':c:member:`~PyModuleDef.m_size`', ':c:func:`PyModule_GetState`'], translated: [':c:member:`~PyModuleDef.m_traverse`', ':c:member:`~PyModuleDef.m_clear`', ':c:member:`~PyModuleDef.m_free`', ':c:data:`Py_mod_exec`', ':c:member:`~PyModuleDef.m_size`', ':c:func:`PyModule_GetState`'] [i18n.inconsistent_references]
/home/runner/work/dashboard/dashboard/clones/cpython/Doc/build/NEWS:29201: WARNING: inconsistent term references in translated message. original: [':class:`dict`', ':class:`collections.UserDict`'], translated: [':class:`dict`（和 :class:`collections.UserDict`'] [i18n.inconsistent_references]
/home/runner/work/dashboard/dashboard/clones/cpython/Doc/whatsnew/changelog.rst:29252:<translated>:1: WARNING: Inline literal start-string without end-string. [docutils]
/home/runner/work/dashboard/dashboard/clones/cpython/Doc/build/NEWS:29685: WARNING: inconsistent term references in translated message. original: [], translated: ['`38871`', '`:mod:`'] [i18n.inconsistent_references]
/home/runner/work/dashboard/dashboard/clones/cpython/Doc/build/NEWS:29688: WARNING: inconsistent term references in translated message. original: [], translated: ['`39142`'] [i18n.inconsistent_references]
/home/runner/work/dashboard/dashboard/clones/cpython/Doc/build/NEWS:29694: WARNING: inconsistent term references in translated message. original: [], translated: ['`39158`'] [i18n.inconsistent_references]
/home/runner/work/dashboard/dashboard/clones/cpython/Doc/build/NEWS:29696: WARNING: inconsistent term references in translated message. original: [], translated: ['`39129`'] [i18n.inconsistent_references]
/home/runner/work/dashboard/dashboard/clones/cpython/Doc/build/NEWS:29698: WARNING: inconsistent term references in translated message. original: [':func:`urllib.request.proxy_bypass_environment`'], translated: ['`39057`', ':func:`urllib.request.proxy_bypass_environment`'] [i18n.inconsistent_references]
/home/runner/work/dashboard/dashboard/clones/cpython/Doc/build/NEWS:29701: WARNING: inconsistent term references in translated message. original: [], translated: ['`39056`'] [i18n.inconsistent_references]
/home/runner/work/dashboard/dashboard/clones/cpython/Doc/build/NEWS:29704: WARNING: inconsistent term references in translated message. original: [':func:`base64.b64decode`'], translated: ['`39055`', ':func:`base64.b64decode`'] [i18n.inconsistent_references]
/home/runner/work/dashboard/dashboard/clones/cpython/Doc/build/NEWS:29707: WARNING: inconsistent term references in translated message. original: [':func:`mock.patch.stopall`', ':func:`mock.patch.dict`'], translated: ['`21600`', ':func:`mock.patch.stopall`', ':func:`mock.patch.dict`'] [i18n.inconsistent_references]
/home/runner/work/dashboard/dashboard/clones/cpython/Doc/build/NEWS:29710: WARNING: inconsistent term references in translated message. original: [':class:`tempfile.SpooledTemporaryFile`'], translated: ['`39019`', ':class:`tempfile.SpooledTemporaryFile`'] [i18n.inconsistent_references]
/home/runner/work/dashboard/dashboard/clones/cpython/Doc/build/NEWS:29713: WARNING: inconsistent term references in translated message. original: [], translated: ['`39019`'] [i18n.inconsistent_references]
/home/runner/work/dashboard/dashboard/clones/cpython/Doc/build/NEWS:29716: WARNING: inconsistent term references in translated message. original: [], translated: ['`38914`'] [i18n.inconsistent_references]
/home/runner/work/dashboard/dashboard/clones/cpython/Doc/build/NEWS:29722: WARNING: inconsistent term references in translated message. original: [':class:`os.PathLike`'], translated: ['`38878`', ':class:`os.PathLike`'] [i18n.inconsistent_references]
/home/runner/work/dashboard/dashboard/clones/cpython/Doc/whatsnew/changelog.rst:30047:<translated>:1: WARNING: Inline literal start-string without end-string. [docutils]
/home/runner/work/dashboard/dashboard/clones/cpython/Doc/whatsnew/changelog.rst:30047:<translated>:1: WARNING: Inline literal start-string without end-string. [docutils]
/home/runner/work/dashboard/dashboard/clones/cpython/Doc/build/NEWS:30273: WARNING: inconsistent term references in translated message. original: [':class:`bytes`', ':class:`bytearray`'], translated: [':class:`bytes`和 :class:`bytearray`'] [i18n.inconsistent_references]
/home/runner/work/dashboard/dashboard/clones/cpython/Doc/whatsnew/changelog.rst:30498:<translated>:1: WARNING: Inline literal start-string without end-string. [docutils]
/home/runner/work/dashboard/dashboard/clones/cpython/Doc/whatsnew/changelog.rst:30498:<translated>:1: WARNING: Inline literal start-string without end-string. [docutils]
/home/runner/work/dashboard/dashboard/clones/cpython/Doc/whatsnew/changelog.rst:31119:<translated>:1: WARNING: Inline literal start-string without end-string. [docutils]
/home/runner/work/dashboard/dashboard/clones/cpython/Doc/whatsnew/changelog.rst:31365:<translated>:1: WARNING: Inline interpreted text or phrase reference start-string without end-string. [docutils]
/home/runner/work/dashboard/dashboard/clones/cpython/Doc/whatsnew/changelog.rst:31531:<translated>:1: WARNING: Inline literal start-string without end-string. [docutils]
/home/runner/work/dashboard/dashboard/clones/cpython/Doc/build/NEWS:31819: WARNING: inconsistent term references in translated message. original: [':func:`os.readlink`', ':func:`~os.path.realpath`'], translated: [':func:`os.readlink`（或间接通过 :func:`~os.path.realpath`'] [i18n.inconsistent_references]
/home/runner/work/dashboard/dashboard/clones/cpython/Doc/whatsnew/changelog.rst:31876:<translated>:1: WARNING: Inline interpreted text or phrase reference start-string without end-string. [docutils]
/home/runner/work/dashboard/dashboard/clones/cpython/Doc/build/NEWS:31876: WARNING: inconsistent term references in translated message. original: [':func:`os.dup`'], translated: [] [i18n.inconsistent_references]
/home/runner/work/dashboard/dashboard/clones/cpython/Doc/whatsnew/changelog.rst:32057:<translated>:1: WARNING: Inline interpreted text or phrase reference start-string without end-string. [docutils]
/home/runner/work/dashboard/dashboard/clones/cpython/Doc/build/NEWS:32057: WARNING: inconsistent term references in translated message. original: [':class:`weakref.proxy`'], translated: [] [i18n.inconsistent_references]
/home/runner/work/dashboard/dashboard/clones/cpython/Doc/whatsnew/changelog.rst:32138:<translated>:1: WARNING: Inline literal start-string without end-string. [docutils]
/home/runner/work/dashboard/dashboard/clones/cpython/Doc/whatsnew/changelog.rst:32178:<translated>:1: WARNING: Inline emphasis start-string without end-string. [docutils]
/home/runner/work/dashboard/dashboard/clones/cpython/Doc/whatsnew/changelog.rst:32199:<translated>:1: WARNING: Inline literal start-string without end-string. [docutils]
/home/runner/work/dashboard/dashboard/clones/cpython/Doc/whatsnew/changelog.rst:32199:<translated>:1: WARNING: Inline literal start-string without end-string. [docutils]
/home/runner/work/dashboard/dashboard/clones/cpython/Doc/whatsnew/changelog.rst:32214:<translated>:1: WARNING: Inline literal start-string without end-string. [docutils]
/home/runner/work/dashboard/dashboard/clones/cpython/Doc/whatsnew/changelog.rst:32309:<translated>:1: WARNING: Inline literal start-string without end-string. [docutils]
/home/runner/work/dashboard/dashboard/clones/cpython/Doc/whatsnew/changelog.rst:32658:<translated>:1: WARNING: Inline literal start-string without end-string. [docutils]
/home/runner/work/dashboard/dashboard/clones/cpython/Doc/whatsnew/changelog.rst:32723:<translated>:1: WARNING: Inline literal start-string without end-string. [docutils]
/home/runner/work/dashboard/dashboard/clones/cpython/Doc/whatsnew/changelog.rst:32723:<translated>:1: WARNING: Inline literal start-string without end-string. [docutils]
/home/runner/work/dashboard/dashboard/clones/cpython/Doc/whatsnew/changelog.rst:32966:<translated>:1: WARNING: Inline interpreted text or phrase reference start-string without end-string. [docutils]
/home/runner/work/dashboard/dashboard/clones/cpython/Doc/build/NEWS:33049: WARNING: inconsistent term references in translated message. original: [':func:`shutil.which`', ':data:`os.defpath`', ':data:`os.defpath`'], translated: [':func:`shutil.which`', ':data:`os.defpath`'] [i18n.inconsistent_references]
/home/runner/work/dashboard/dashboard/clones/cpython/Doc/whatsnew/changelog.rst:33514:<translated>:1: WARNING: Inline interpreted text or phrase reference start-string without end-string. [docutils]
/home/runner/work/dashboard/dashboard/clones/cpython/Doc/whatsnew/changelog.rst:33514:<translated>:1: WARNING: Inline literal start-string without end-string. [docutils]
/home/runner/work/dashboard/dashboard/clones/cpython/Doc/build/NEWS:33514: WARNING: inconsistent term references in translated message. original: [':func:`pickle.load`', ':func:`marshal.load`'], translated: [':func:`pickle.load`'] [i18n.inconsistent_references]
/home/runner/work/dashboard/dashboard/clones/cpython/Doc/whatsnew/changelog.rst:33572:<translated>:1: WARNING: Inline interpreted text or phrase reference start-string without end-string. [docutils]
/home/runner/work/dashboard/dashboard/clones/cpython/Doc/whatsnew/changelog.rst:33614:<translated>:1: WARNING: Inline literal start-string without end-string. [docutils]
/home/runner/work/dashboard/dashboard/clones/cpython/Doc/whatsnew/changelog.rst:33889:<translated>:1: WARNING: Inline interpreted text or phrase reference start-string without end-string. [docutils]
/home/runner/work/dashboard/dashboard/clones/cpython/Doc/build/NEWS:33889: WARNING: inconsistent term references in translated message. original: [':func:`re.search`', ':func:`re.findall`', ':func:`re.sub`'], translated: [':func:`re.search`', ':func:`re.findall`'] [i18n.inconsistent_references]
/home/runner/work/dashboard/dashboard/clones/cpython/Doc/build/NEWS:33902: WARNING: inconsistent term references in translated message. original: [':class:`datetime.datetime`', ':class:`datetime.timedelta`', ':class:`datetime.datetime`', ':meth:`datetime.datetime.astimezone`', ':meth:`datetime.datetime.now`', ':meth:`datetime.fromtimestamp`'], translated: [':class:`datetime.datetime`', ':class:`datetime.timedelta`', ':class:`datetime.datetime`', ':meth:`datetime.datetime.astimezone`和替代构造函数如 :meth:`datetime.datetime.now`', ':meth:`datetime.fromtimestamp`'] [i18n.inconsistent_references]
/home/runner/work/dashboard/dashboard/clones/cpython/Doc/whatsnew/changelog.rst:34047:<translated>:1: WARNING: Inline literal start-string without end-string. [docutils]
/home/runner/work/dashboard/dashboard/clones/cpython/Doc/whatsnew/changelog.rst:34127:<translated>:1: WARNING: Inline interpreted text or phrase reference start-string without end-string. [docutils]
/home/runner/work/dashboard/dashboard/clones/cpython/Doc/whatsnew/changelog.rst:34242:<translated>:1: WARNING: Inline literal start-string without end-string. [docutils]
/home/runner/work/dashboard/dashboard/clones/cpython/Doc/build/NEWS:34529: WARNING: inconsistent term references in translated message. original: [], translated: ['`x in [a, b]`和`for x in [a, b]`'] [i18n.inconsistent_references]
/home/runner/work/dashboard/dashboard/clones/cpython/Doc/build/NEWS:34876: WARNING: inconsistent term references in translated message. original: [':meth:`socketserver.BaseServer.serve_forever`', ':meth:`~socketserver.BaseServer.shutdown`'], translated: [':meth:`~socketserver.BaseServer.shutdown`'] [i18n.inconsistent_references]
/home/runner/work/dashboard/dashboard/clones/cpython/Doc/whatsnew/changelog.rst:34884:<translated>:1: WARNING: Inline literal start-string without end-string. [docutils]
/home/runner/work/dashboard/dashboard/clones/cpython/Doc/whatsnew/changelog.rst:34966:<translated>:1: WARNING: Inline emphasis start-string without end-string. [docutils]
/home/runner/work/dashboard/dashboard/clones/cpython/Doc/build/NEWS:35095: WARNING: inconsistent term references in translated message. original: [':func:`~unittest.addModuleCleanup`', ':meth:`~unittest.TestCase.addClassCleanup`', ':func:`~unittest.setUpModule`', ':meth:`~unittest.TestCase.setUpClass`'], translated: [':func:`~unittest.addModuleCleanup`和 :meth:`~unittest.TestCase.addClassCleanup`', ':func:`~unittest.setUpModule`', ':meth:`~unittest.TestCase.setUpClass`'] [i18n.inconsistent_references]
/home/runner/work/dashboard/dashboard/clones/cpython/Doc/whatsnew/changelog.rst:35136:<translated>:1: WARNING: Inline literal start-string without end-string. [docutils]
/home/runner/work/dashboard/dashboard/clones/cpython/Doc/build/NEWS:35151: WARNING: inconsistent term references in translated message. original: [':exc:`ValueError`', ':meth:`multiprocessing.Queue.put`', ':meth:`multiprocessing.Queue.get`', ':exc:`AssertionError`', ':exc:`OSError`'], translated: [':meth:`multiprocessing.Queue.put`和 :meth:`multiprocessing.Queue.get`', ':exc:`ValueError`', ':exc:`AssertionError`', ':exc:`OSError`'] [i18n.inconsistent_references]
/home/runner/work/dashboard/dashboard/clones/cpython/Doc/whatsnew/changelog.rst:35378:<translated>:1: WARNING: Inline interpreted text or phrase reference start-string without end-string. [docutils]
/home/runner/work/dashboard/dashboard/clones/cpython/Doc/build/NEWS:35378: WARNING: inconsistent term references in translated message. original: [':func:`os.readv`', ':func:`os.writev`', ':func:`os.preadv`', ':func:`os.pwritev`', ':func:`os.sendfile`'], translated: [':func:`os.readv`', ':func:`os.writev`', ':func:`os.preadv`', ':func:`os.pwritev`'] [i18n.inconsistent_references]
/home/runner/work/dashboard/dashboard/clones/cpython/Doc/whatsnew/changelog.rst:35876:<translated>:1: WARNING: Inline interpreted text or phrase reference start-string without end-string. [docutils]
/home/runner/work/dashboard/dashboard/clones/cpython/Doc/build/NEWS:35876: WARNING: inconsistent term references in translated message. original: [':mod:`ipaddress`', ':meth:`hosts`'], translated: [':mod:`ipaddress`'] [i18n.inconsistent_references]
/home/runner/work/dashboard/dashboard/clones/cpython/Doc/build/NEWS:36089: WARNING: inconsistent term references in translated message. original: [':class:`sqlite3.Connection`', ':class:`~sqlite3.Connection.backup`'], translated: [':class:`sqlite3.Connection`现在公开了一个 :class:`~sqlite3.Connection.backup`'] [i18n.inconsistent_references]
/home/runner/work/dashboard/dashboard/clones/cpython/Doc/whatsnew/changelog.rst:36117:<translated>:1: WARNING: Inline literal start-string without end-string. [docutils]
/home/runner/work/dashboard/dashboard/clones/cpython/Doc/build/NEWS:36849: WARNING: inconsistent term references in translated message. original: [':envvar:`IDLESTARTUP`', ':envvar:`PYTHONSTARTUP`'], translated: [] [i18n.inconsistent_references]
/home/runner/work/dashboard/dashboard/clones/cpython/Doc/whatsnew/changelog.rst:36944:<translated>:1: WARNING: Inline interpreted text or phrase reference start-string without end-string. [docutils]
/home/runner/work/dashboard/dashboard/clones/cpython/Doc/build/NEWS:36944: WARNING: inconsistent term references in translated message. original: [':c:func:`Py_FinalizeEx()`'], translated: [] [i18n.inconsistent_references]
/home/runner/work/dashboard/dashboard/clones/cpython/Doc/whatsnew/changelog.rst:37624:<translated>:1: WARNING: Inline interpreted text or phrase reference start-string without end-string. [docutils]
/home/runner/work/dashboard/dashboard/clones/cpython/Doc/build/NEWS:37624: WARNING: inconsistent term references in translated message. original: [':mod:`ipaddress`', ':meth:`hosts`'], translated: [':mod:`ipaddress`'] [i18n.inconsistent_references]
/home/runner/work/dashboard/dashboard/clones/cpython/Doc/build/NEWS:37651: WARNING: inconsistent term references in translated message. original: [':class:`sqlite3.Connection`', ':class:`~sqlite3.Connection.backup`'], translated: [':class:`sqlite3.Connection`现在公开了一个 :class:`~sqlite3.Connection.backup`'] [i18n.inconsistent_references]
/home/runner/work/dashboard/dashboard/clones/cpython/Doc/build/NEWS:37708: WARNING: inconsistent term references in translated message. original: [':envvar:`IDLESTARTUP`', ':envvar:`PYTHONSTARTUP`'], translated: [] [i18n.inconsistent_references]
/home/runner/work/dashboard/dashboard/clones/cpython/Doc/whatsnew/changelog.rst:38380:<translated>:1: WARNING: Inline interpreted text or phrase reference start-string without end-string. [docutils]
/home/runner/work/dashboard/dashboard/clones/cpython/Doc/whatsnew/changelog.rst:38605:<translated>:1: WARNING: Inline emphasis start-string without end-string. [docutils]
/home/runner/work/dashboard/dashboard/clones/cpython/Doc/build/NEWS:38895: WARNING: inconsistent term references in translated message. original: [':const:`time.CLOCK_BOOTTIME`', ':const:`time.CLOCK_PROF`', ':const:`time.CLOCK_UPTIME`'], translated: [':const:`time.CLOCK_BOOTTIME`', ':const:`time.CLOCK_PROF`和 :const:`time.CLOCK_UPTIME`'] [i18n.inconsistent_references]
/home/runner/work/dashboard/dashboard/clones/cpython/Doc/build/NEWS:39004: WARNING: inconsistent term references in translated message. original: [], translated: ['`sqlite3.Cursor.close()`', '`Cursor`'] [i18n.inconsistent_references]
/home/runner/work/dashboard/dashboard/clones/cpython/Doc/build/NEWS:39032: WARNING: inconsistent term references in translated message. original: [], translated: ['`select`', '`poll.poll([timeout])`'] [i18n.inconsistent_references]
/home/runner/work/dashboard/dashboard/clones/cpython/Doc/build/NEWS:39042: WARNING: inconsistent term references in translated message. original: [], translated: ['`create_datagram_endpoint`'] [i18n.inconsistent_references]
/home/runner/work/dashboard/dashboard/clones/cpython/Doc/whatsnew/changelog.rst:39562:<translated>:1: WARNING: Inline literal start-string without end-string. [docutils]
/home/runner/work/dashboard/dashboard/clones/cpython/Doc/whatsnew/changelog.rst:39617:<translated>:1: WARNING: Inline interpreted text or phrase reference start-string without end-string. [docutils]
/home/runner/work/dashboard/dashboard/clones/cpython/Doc/build/NEWS:39817: WARNING: inconsistent term references in translated message. original: [':func:`sys.setprofile`', ':mod:`cProfile`', ':mod:`profile`'], translated: [':func:`sys.setprofile`', ':mod:`cProfile`或 :mod:`profile`'] [i18n.inconsistent_references]
/home/runner/work/dashboard/dashboard/clones/cpython/Doc/whatsnew/changelog.rst:40355:<translated>:1: WARNING: Inline literal start-string without end-string. [docutils]
/home/runner/work/dashboard/dashboard/clones/cpython/Doc/whatsnew/changelog.rst:40540:<translated>:1: WARNING: Inline interpreted text or phrase reference start-string without end-string. [docutils]
/home/runner/work/dashboard/dashboard/clones/cpython/Doc/build/NEWS:40540: WARNING: inconsistent term references in translated message. original: [':const:`socket.TCP_NOTSENT_LOWAT`'], translated: [] [i18n.inconsistent_references]
/home/runner/work/dashboard/dashboard/clones/cpython/Doc/whatsnew/changelog.rst:41143:<translated>:1: WARNING: Inline literal start-string without end-string. [docutils]
/home/runner/work/dashboard/dashboard/clones/cpython/Doc/whatsnew/changelog.rst:41450:<translated>:1: WARNING: Inline literal start-string without end-string. [docutils]
/home/runner/work/dashboard/dashboard/clones/cpython/Doc/whatsnew/changelog.rst:41450:<translated>:1: WARNING: Inline literal start-string without end-string. [docutils]
/home/runner/work/dashboard/dashboard/clones/cpython/Doc/whatsnew/changelog.rst:41491:<translated>:1: WARNING: Inline interpreted text or phrase reference start-string without end-string. [docutils]
/home/runner/work/dashboard/dashboard/clones/cpython/Doc/whatsnew/changelog.rst:41735:<translated>:1: WARNING: Inline interpreted text or phrase reference start-string without end-string. [docutils]
/home/runner/work/dashboard/dashboard/clones/cpython/Doc/build/NEWS:41735: WARNING: inconsistent term references in translated message. original: [':mod:`ipaddress`', ':meth:`hosts`'], translated: [':mod:`ipaddress`'] [i18n.inconsistent_references]
/home/runner/work/dashboard/dashboard/clones/cpython/Doc/build/NEWS:42188: WARNING: inconsistent term references in translated message. original: [':envvar:`IDLESTARTUP`', ':envvar:`PYTHONSTARTUP`'], translated: [] [i18n.inconsistent_references]
/home/runner/work/dashboard/dashboard/clones/cpython/Doc/build/NEWS:42452: WARNING: inconsistent term references in translated message. original: [], translated: ['`sqlite3.Cursor.close()`', '`Cursor`'] [i18n.inconsistent_references]
/home/runner/work/dashboard/dashboard/clones/cpython/Doc/build/NEWS:42498: WARNING: inconsistent term references in translated message. original: [], translated: ['`select`', '`poll.poll([timeout])`'] [i18n.inconsistent_references]
/home/runner/work/dashboard/dashboard/clones/cpython/Doc/whatsnew/changelog.rst:42732:<translated>:1: WARNING: Inline literal start-string without end-string. [docutils]
/home/runner/work/dashboard/dashboard/clones/cpython/Doc/whatsnew/changelog.rst:43114:<translated>:1: WARNING: Inline literal start-string without end-string. [docutils]
/home/runner/work/dashboard/dashboard/clones/cpython/Doc/whatsnew/changelog.rst:43114:<translated>:1: WARNING: Inline literal start-string without end-string. [docutils]
/home/runner/work/dashboard/dashboard/clones/cpython/Doc/whatsnew/changelog.rst:43130:<translated>:1: WARNING: Inline interpreted text or phrase reference start-string without end-string. [docutils]
/home/runner/work/dashboard/dashboard/clones/cpython/Doc/whatsnew/changelog.rst:43320:<translated>:1: WARNING: Inline literal start-string without end-string. [docutils]
/home/runner/work/dashboard/dashboard/clones/cpython/Doc/whatsnew/changelog.rst:43466:<translated>:1: WARNING: Inline literal start-string without end-string. [docutils]
/home/runner/work/dashboard/dashboard/clones/cpython/Doc/whatsnew/changelog.rst:43770:<translated>:1: WARNING: Inline interpreted text or phrase reference start-string without end-string. [docutils]
/home/runner/work/dashboard/dashboard/clones/cpython/Doc/whatsnew/changelog.rst:45027:<translated>:1: WARNING: Inline interpreted text or phrase reference start-string without end-string. [docutils]
/home/runner/work/dashboard/dashboard/clones/cpython/Doc/whatsnew/changelog.rst:45120:<translated>:1: WARNING: Inline interpreted text or phrase reference start-string without end-string. [docutils]
/home/runner/work/dashboard/dashboard/clones/cpython/Doc/whatsnew/changelog.rst:45529:<translated>:1: WARNING: Inline interpreted text or phrase reference start-string without end-string. [docutils]
/home/runner/work/dashboard/dashboard/clones/cpython/Doc/whatsnew/changelog.rst:45709:<translated>:1: WARNING: Inline interpreted text or phrase reference start-string without end-string. [docutils]
/home/runner/work/dashboard/dashboard/clones/cpython/Doc/whatsnew/changelog.rst:45777:<translated>:1: WARNING: Inline literal start-string without end-string. [docutils]
/home/runner/work/dashboard/dashboard/clones/cpython/Doc/whatsnew/changelog.rst:45777:<translated>:1: WARNING: Inline emphasis start-string without end-string. [docutils]
/home/runner/work/dashboard/dashboard/clones/cpython/Doc/whatsnew/changelog.rst:45848:<translated>:1: WARNING: Inline literal start-string without end-string. [docutils]
/home/runner/work/dashboard/dashboard/clones/cpython/Doc/whatsnew/changelog.rst:47257:<translated>:1: WARNING: Inline literal start-string without end-string. [docutils]
/home/runner/work/dashboard/dashboard/clones/cpython/Doc/whatsnew/changelog.rst:47451:<translated>:1: WARNING: Inline literal start-string without end-string. [docutils]
/home/runner/work/dashboard/dashboard/clones/cpython/Doc/whatsnew/changelog.rst:48362:<translated>:1: WARNING: Inline interpreted text or phrase reference start-string without end-string. [docutils]
/home/runner/work/dashboard/dashboard/clones/cpython/Doc/whatsnew/changelog.rst:51448:<translated>:1: WARNING: Inline literal start-string without end-string. [docutils]
/home/runner/work/dashboard/dashboard/clones/cpython/Doc/c-api/init.rst:979: WARNING: Lexing literal_block '将线程状态保存到一个局部变量中。\n... 执行某些阻塞式的 I/O 操作 ...\n从局部变量中恢复线程状态。' as "c" resulted in an error at token: '。'. Retrying in relaxed mode. [misc.highlighting_failure]
/home/runner/work/dashboard/dashboard/clones/cpython/Doc/whatsnew/changelog.rst:63:<translated>:1: WARNING: term not in glossary: '自由线程' [ref.term]
/home/runner/work/dashboard/dashboard/clones/cpython/Doc/whatsnew/changelog.rst:164:<translated>:1: WARNING: term not in glossary: '自由线程' [ref.term]
/home/runner/work/dashboard/dashboard/clones/cpython/Doc/whatsnew/changelog.rst:252:<translated>:1: WARNING: term not in glossary: '自由线程' [ref.term]
/home/runner/work/dashboard/dashboard/clones/cpython/Doc/whatsnew/changelog.rst:372:<translated>:1: WARNING: term not in glossary: '自由线程' [ref.term]
/home/runner/work/dashboard/dashboard/clones/cpython/Doc/whatsnew/changelog.rst:420:<translated>:1: WARNING: term not in glossary: '迭代器' [ref.term]
/home/runner/work/dashboard/dashboard/clones/cpython/Doc/whatsnew/changelog.rst:473:<translated>:1: WARNING: term not in glossary: '自由线程' [ref.term]
/home/runner/work/dashboard/dashboard/clones/cpython/Doc/whatsnew/changelog.rst:1442:<translated>:1: WARNING: unknown keyword: 'async with`（或 :keyword:`with' [ref.keyword]
/home/runner/work/dashboard/dashboard/clones/cpython/Doc/whatsnew/changelog.rst:1442:<translated>:1: WARNING: unknown keyword: 'with`（或 :keyword:`async with' [ref.keyword]
/home/runner/work/dashboard/dashboard/clones/cpython/Doc/whatsnew/changelog.rst:1524:<translated>:1: WARNING: Unparseable C cross-reference: 'PyType_GetModuleByDef`返回NULL而不设置 :exc:`TypeError'
Invalid C declaration: Expected end of definition. [error at 21]
  PyType_GetModuleByDef`返回NULL而不设置 :exc:`TypeError
  ---------------------^
/home/runner/work/dashboard/dashboard/clones/cpython/Doc/whatsnew/changelog.rst:1552:<translated>:1: WARNING: Unparseable C cross-reference: 'PyArg_Parse`中的 ``k`'
Invalid C declaration: Expected end of definition. [error at 11]
  PyArg_Parse`中的 ``k`
  -----------^
/home/runner/work/dashboard/dashboard/clones/cpython/Doc/whatsnew/changelog.rst:1574:<translated>:1: WARNING: term not in glossary: '借用引用' [ref.term]
/home/runner/work/dashboard/dashboard/clones/cpython/Doc/whatsnew/changelog.rst:2337:<translated>:1: WARNING: term not in glossary: '自由线程' [ref.term]
/home/runner/work/dashboard/dashboard/clones/cpython/Doc/whatsnew/changelog.rst:2389:<translated>:1: WARNING: term not in glossary: '自由线程' [ref.term]
/home/runner/work/dashboard/dashboard/clones/cpython/Doc/whatsnew/changelog.rst:2401:<translated>:1: WARNING: term not in glossary: '自由线程' [ref.term]
/home/runner/work/dashboard/dashboard/clones/cpython/Doc/whatsnew/changelog.rst:2423:<translated>:1: WARNING: term not in glossary: '自由线程`构建中，当`repr(set)' [ref.term]
/home/runner/work/dashboard/dashboard/clones/cpython/Doc/whatsnew/changelog.rst:2441:<translated>:1: WARNING: term not in glossary: '自由线程' [ref.term]
/home/runner/work/dashboard/dashboard/clones/cpython/Doc/whatsnew/changelog.rst:2736:<translated>:1: WARNING: term not in glossary: '自由线程' [ref.term]
/home/runner/work/dashboard/dashboard/clones/cpython/Doc/whatsnew/changelog.rst:3280:<translated>:1: WARNING: term not in glossary: '关键字参数' [ref.term]
/home/runner/work/dashboard/dashboard/clones/cpython/Doc/whatsnew/changelog.rst:3632:<translated>:1: WARNING: term not in glossary: '文件系统编码和错误处理程序' [ref.term]
/home/runner/work/dashboard/dashboard/clones/cpython/Doc/whatsnew/changelog.rst:4807:<translated>:1: WARNING: undefined label: "action`（如'store_const'或'store_true'）或显式指定了``nargs=0`" [ref.ref]
/home/runner/work/dashboard/dashboard/clones/cpython/Doc/whatsnew/changelog.rst:5870:<translated>:1: WARNING: term not in glossary: '上下文' [ref.term]
/home/runner/work/dashboard/dashboard/clones/cpython/Doc/whatsnew/changelog.rst:5870:<translated>:1: WARNING: term not in glossary: '当前上下文' [ref.term]
/home/runner/work/dashboard/dashboard/clones/cpython/Doc/whatsnew/changelog.rst:6707:<translated>:1: WARNING: term not in glossary: '软弃用' [ref.term]
/home/runner/work/dashboard/dashboard/clones/cpython/Doc/whatsnew/changelog.rst:6956:<translated>:1: WARNING: term not in glossary: '交互式' [ref.term]
/home/runner/work/dashboard/dashboard/clones/cpython/Doc/whatsnew/changelog.rst:7982:<translated>:1: WARNING: term not in glossary: '强引用' [ref.term]
/home/runner/work/dashboard/dashboard/clones/cpython/Doc/whatsnew/changelog.rst:8991:<translated>:1: WARNING: term not in glossary: '强引用' [ref.term]
/home/runner/work/dashboard/dashboard/clones/cpython/Doc/whatsnew/changelog.rst:10654:<translated>:1: WARNING: Unparseable C cross-reference: 'Py_DECREF()`现在如果对象是指向已释放内存的悬挂指针（内存由内存分配器的调试钩子填充为`0xDD'
Invalid C declaration: Expected end of definition. [error at 11]
  Py_DECREF()`现在如果对象是指向已释放内存的悬挂指针（内存由内存分配器的调试钩子填充为`0xDD
  -----------^
/home/runner/work/dashboard/dashboard/clones/cpython/Doc/whatsnew/changelog.rst:12544:<translated>:1: WARNING: unknown option: 'debug-build' [ref.option]
/home/runner/work/dashboard/dashboard/clones/cpython/Doc/whatsnew/changelog.rst:12788:<translated>:1: WARNING: unknown option: 'limited-c-api' [ref.option]
/home/runner/work/dashboard/dashboard/clones/cpython/Doc/whatsnew/changelog.rst:12874:<translated>:1: WARNING: term not in glossary: '强引用' [ref.term]
/home/runner/work/dashboard/dashboard/clones/cpython/Doc/whatsnew/changelog.rst:12883:<translated>:1: WARNING: term not in glossary: '强引用' [ref.term]
/home/runner/work/dashboard/dashboard/clones/cpython/Doc/whatsnew/changelog.rst:12887:<translated>:1: WARNING: term not in glossary: '强引用' [ref.term]
/home/runner/work/dashboard/dashboard/clones/cpython/Doc/whatsnew/changelog.rst:14374:<translated>:1: WARNING: term not in glossary: '序列' [ref.term]
/home/runner/work/dashboard/dashboard/clones/cpython/Doc/whatsnew/changelog.rst:18136:<translated>:1: WARNING: Unparseable C cross-reference: 'PyType_FromMetaclass`（以及其他 ``PyType_From*`'
Invalid C declaration: Expected end of definition. [error at 20]
  PyType_FromMetaclass`（以及其他 ``PyType_From*`
  --------------------^
/home/runner/work/dashboard/dashboard/clones/cpython/Doc/whatsnew/changelog.rst:20792:<translated>:1: WARNING: Unparseable C cross-reference: 'PyBuffer_ToContiguous`和 :c:func:`PyMemoryView_FromBuffer'
Invalid C declaration: Expected end of definition. [error at 21]
  PyBuffer_ToContiguous`和 :c:func:`PyMemoryView_FromBuffer
  ---------------------^
/home/runner/work/dashboard/dashboard/clones/cpython/Doc/whatsnew/changelog.rst:20792:<translated>:1: WARNING: Unparseable C cross-reference: 'PyBuffer_FromContiguous`现在还将源缓冲区作为``const void *`'
Invalid C declaration: Expected end of definition. [error at 23]
  PyBuffer_FromContiguous`现在还将源缓冲区作为``const void *`
  -----------------------^
/home/runner/work/dashboard/dashboard/clones/cpython/Doc/whatsnew/changelog.rst:20792:<translated>:1: WARNING: Unparseable C cross-reference: 'PyBuffer_GetPointer`将步幅作为 ``const Py_ssize_t *`'
Invalid C declaration: Expected end of definition. [error at 19]
  PyBuffer_GetPointer`将步幅作为 ``const Py_ssize_t *`
  -------------------^
/home/runner/work/dashboard/dashboard/clones/cpython/Doc/whatsnew/changelog.rst:22191:<translated>:1: WARNING: term not in glossary: '上下文管理器' [ref.term]
/home/runner/work/dashboard/dashboard/clones/cpython/Doc/whatsnew/changelog.rst:26535:<translated>:1: WARNING: term not in glossary: 'class>`和 :term:`类型 <type' [ref.term]
/home/runner/work/dashboard/dashboard/clones/cpython/Doc/whatsnew/changelog.rst:33430:<translated>:1: WARNING: Unparseable C cross-reference: 'PyMem_SetupDebugHooks`函数)中使用的内部常量 ``CLEANBYTE`'
Invalid C declaration: Expected end of definition. [error at 21]
  PyMem_SetupDebugHooks`函数)中使用的内部常量 ``CLEANBYTE`
  ---------------------^
/home/runner/work/dashboard/dashboard/clones/cpython/Doc/using/mac.rst:378: WARNING: Lexing literal_block 'RELEASE="python-\\ |version|\\ 0b2-macos11.pkg"\n\n# 下载 installer pkg\ncurl -O \\https://www.python.org/ftp/python/\\ |version|\\ .0/${RELEASE}\n\n# 创建 installer choicechanges 文件来定制安装：\n# 启用 PythonTFramework-\\ |version|\\ 包\n# 并接受其他默认选项（安装所有其他包）\ncat > ./choicechanges.plist <<EOF\n<?xml version="1.0" encoding="UTF-8"?>\n<!DOCTYPE plist PUBLIC "-//Apple//DTD PLIST 1.0//EN" "\\http://www.apple.com/DTDs/PropertyList-1.0.dtd">\n<plist version="1.0">\n<array>\n<dict>\n<key>attributeSetting</key>\n<integer>1</integer>\n<key>choiceAttribute</key>\n<string>selected</string>\n<key>choiceIdentifier</key>\n<string>org.python.Python.PythonTFramework-\\ |version|\\ </string>\n</dict>\n</array>\n</plist>\nEOF\n\nsudo installer -pkg ./${RELEASE} -applyChoiceChangesXML ./choicechanges.plist -target /' as "python3" resulted in an error at token: '$'. Retrying in relaxed mode. [misc.highlighting_failure]
/home/runner/work/dashboard/dashboard/clones/cpython/Doc/using/mac.rst:410: WARNING: Lexing literal_block '$ # 当 Unix Command Tools 包被启用时测试自由线程解释器是否已安装\n$ /usr/local/bin/python\\ |version|\\ t -VV\nPython \\ |version|\\ .0b2 experimental free-threading build (v\\ |version|\\ .0b2:3a83b172af, Jun 5 2024, 12:57:31) [Clang 15.0.0 (clang-1500.3.9.4)]\n$ # 并测试传统解释器\n$ /usr/local/bin/python\\ |version|\\ -VV\nPython \\ |version|\\ .0b2 (v\\ |version|\\ .0b2:3a83b172af, Jun 5 2024, 12:50:24) [Clang 15.0.0 (clang-1500.3.9.4)]\n$ # 当 /usr/local/bin 在 $PATH 中时测试它们在不带前缀的情况下是否可用\n$ python\\ |version|\\ t -VV\nPython \\ |version|\\ .0b2 experimental free-threading build (v\\ |version|\\ .0b2:3a83b172af, Jun 5 2024, 12:57:31) [Clang 15.0.0 (clang-1500.3.9.4)]\n$ python\\ |version|\\ -VV\nPython \\ |version|\\ .0b2 (v\\ |version|\\ .0b2:3a83b172af, Jun 5 2024, 12:50:24) [Clang 15.0.0 (clang-1500.3.9.4)]' as "python3" resulted in an error at token: '$'. Retrying in relaxed mode. [misc.highlighting_failure]
