/home/runner/work/dashboard/dashboard/clones/cpython/Doc/whatsnew/changelog.rst:142:<translated>:1: WARNING: Inline literal start-string without end-string. [docutils]
/home/runner/work/dashboard/dashboard/clones/cpython/Doc/whatsnew/changelog.rst:142:<translated>:1: WARNING: Inline literal start-string without end-string. [docutils]
/home/runner/work/dashboard/dashboard/clones/cpython/Doc/whatsnew/changelog.rst:555:<translated>:1: WARNING: Inline literal start-string without end-string. [docutils]
/home/runner/work/dashboard/dashboard/clones/cpython/Doc/whatsnew/changelog.rst:635:<translated>:1: WARNING: Inline interpreted text or phrase reference start-string without end-string. [docutils]
/home/runner/work/dashboard/dashboard/clones/cpython/Doc/whatsnew/changelog.rst:1350:<translated>:1: ERROR: invalid PEP number 750`（模板字符串）。为t-strings添加新语法并实现新的内部 :class: [docutils]
/home/runner/work/dashboard/dashboard/clones/cpython/Doc/whatsnew/changelog.rst:1533:<translated>:1: WARNING: Inline interpreted text or phrase reference start-string without end-string. [docutils]
/home/runner/work/dashboard/dashboard/clones/cpython/Doc/whatsnew/changelog.rst:1719:<translated>:1: WARNING: Inline interpreted text or phrase reference start-string without end-string. [docutils]
/home/runner/work/dashboard/dashboard/clones/cpython/Doc/whatsnew/changelog.rst:1722:<translated>:1: WARNING: Inline interpreted text or phrase reference start-string without end-string. [docutils]
/home/runner/work/dashboard/dashboard/clones/cpython/Doc/whatsnew/changelog.rst:3849:<translated>:1: WARNING: Inline literal start-string without end-string. [docutils]
/home/runner/work/dashboard/dashboard/clones/cpython/Doc/whatsnew/changelog.rst:4906:<translated>:1: WARNING: Inline literal start-string without end-string. [docutils]
/home/runner/work/dashboard/dashboard/clones/cpython/Doc/whatsnew/changelog.rst:4914:<translated>:1: WARNING: Inline literal start-string without end-string. [docutils]
/home/runner/work/dashboard/dashboard/clones/cpython/Doc/whatsnew/changelog.rst:4914:<translated>:1: WARNING: Inline literal start-string without end-string. [docutils]
/home/runner/work/dashboard/dashboard/clones/cpython/Doc/whatsnew/changelog.rst:4926:<translated>:1: WARNING: Inline literal start-string without end-string. [docutils]
/home/runner/work/dashboard/dashboard/clones/cpython/Doc/whatsnew/changelog.rst:4926:<translated>:1: WARNING: Inline literal start-string without end-string. [docutils]
/home/runner/work/dashboard/dashboard/clones/cpython/Doc/whatsnew/changelog.rst:5887:<translated>:1: WARNING: Inline literal start-string without end-string. [docutils]
/home/runner/work/dashboard/dashboard/clones/cpython/Doc/whatsnew/changelog.rst:6338:<translated>:1: WARNING: Inline literal start-string without end-string. [docutils]
/home/runner/work/dashboard/dashboard/clones/cpython/Doc/whatsnew/changelog.rst:6363:<translated>:1: WARNING: Inline interpreted text or phrase reference start-string without end-string. [docutils]
/home/runner/work/dashboard/dashboard/clones/cpython/Doc/whatsnew/changelog.rst:6411:<translated>:1: WARNING: Inline literal start-string without end-string. [docutils]
/home/runner/work/dashboard/dashboard/clones/cpython/Doc/whatsnew/changelog.rst:6582:<translated>:1: WARNING: Inline interpreted text or phrase reference start-string without end-string. [docutils]
/home/runner/work/dashboard/dashboard/clones/cpython/Doc/whatsnew/changelog.rst:6747:<translated>:1: WARNING: Inline literal start-string without end-string. [docutils]
/home/runner/work/dashboard/dashboard/clones/cpython/Doc/whatsnew/changelog.rst:6747:<translated>:1: WARNING: Inline literal start-string without end-string. [docutils]
/home/runner/work/dashboard/dashboard/clones/cpython/Doc/whatsnew/changelog.rst:6842:<translated>:1: WARNING: Inline interpreted text or phrase reference start-string without end-string. [docutils]
/home/runner/work/dashboard/dashboard/clones/cpython/Doc/whatsnew/changelog.rst:6842:<translated>:1: WARNING: Inline interpreted text or phrase reference start-string without end-string. [docutils]
/home/runner/work/dashboard/dashboard/clones/cpython/Doc/whatsnew/changelog.rst:6842:<translated>:1: WARNING: Inline interpreted text or phrase reference start-string without end-string. [docutils]
/home/runner/work/dashboard/dashboard/clones/cpython/Doc/whatsnew/changelog.rst:7098:<translated>:1: WARNING: Inline literal start-string without end-string. [docutils]
/home/runner/work/dashboard/dashboard/clones/cpython/Doc/whatsnew/changelog.rst:7502:<translated>:1: ERROR: Unknown interpreted text role "c:meth". [docutils]
/home/runner/work/dashboard/dashboard/clones/cpython/Doc/whatsnew/changelog.rst:7532:<translated>:1: WARNING: Inline literal start-string without end-string. [docutils]
/home/runner/work/dashboard/dashboard/clones/cpython/Doc/whatsnew/changelog.rst:8162:<translated>:1: WARNING: Inline literal start-string without end-string. [docutils]
/home/runner/work/dashboard/dashboard/clones/cpython/Doc/whatsnew/changelog.rst:8436:<translated>:1: WARNING: Inline literal start-string without end-string. [docutils]
/home/runner/work/dashboard/dashboard/clones/cpython/Doc/whatsnew/changelog.rst:8750:<translated>:1: WARNING: Inline interpreted text or phrase reference start-string without end-string. [docutils]
/home/runner/work/dashboard/dashboard/clones/cpython/Doc/whatsnew/changelog.rst:9103:<translated>:1: WARNING: Inline interpreted text or phrase reference start-string without end-string. [docutils]
/home/runner/work/dashboard/dashboard/clones/cpython/Doc/whatsnew/changelog.rst:9107:<translated>:1: WARNING: Inline literal start-string without end-string. [docutils]
/home/runner/work/dashboard/dashboard/clones/cpython/Doc/whatsnew/changelog.rst:9224:<translated>:1: WARNING: Inline literal start-string without end-string. [docutils]
/home/runner/work/dashboard/dashboard/clones/cpython/Doc/whatsnew/changelog.rst:9916:<translated>:1: WARNING: Inline literal start-string without end-string. [docutils]
/home/runner/work/dashboard/dashboard/clones/cpython/Doc/whatsnew/changelog.rst:9920:<translated>:1: ERROR: Unknown interpreted text role "suspension". [docutils]
/home/runner/work/dashboard/dashboard/clones/cpython/Doc/whatsnew/changelog.rst:9959:<translated>:1: WARNING: Inline strong start-string without end-string. [docutils]
/home/runner/work/dashboard/dashboard/clones/cpython/Doc/whatsnew/changelog.rst:9959:<translated>:1: WARNING: Inline strong start-string without end-string. [docutils]
/home/runner/work/dashboard/dashboard/clones/cpython/Doc/whatsnew/changelog.rst:9980:<translated>:1: WARNING: Inline interpreted text or phrase reference start-string without end-string. [docutils]
/home/runner/work/dashboard/dashboard/clones/cpython/Doc/whatsnew/changelog.rst:10297:<translated>:1: WARNING: Inline literal start-string without end-string. [docutils]
/home/runner/work/dashboard/dashboard/clones/cpython/Doc/whatsnew/changelog.rst:10478:<translated>:1: WARNING: Inline literal start-string without end-string. [docutils]
/home/runner/work/dashboard/dashboard/clones/cpython/Doc/whatsnew/changelog.rst:10483:<translated>:1: WARNING: Inline interpreted text or phrase reference start-string without end-string. [docutils]
/home/runner/work/dashboard/dashboard/clones/cpython/Doc/whatsnew/changelog.rst:10644:<translated>:1: WARNING: Inline literal start-string without end-string. [docutils]
/home/runner/work/dashboard/dashboard/clones/cpython/Doc/whatsnew/changelog.rst:10779:<translated>:1: WARNING: Inline interpreted text or phrase reference start-string without end-string. [docutils]
/home/runner/work/dashboard/dashboard/clones/cpython/Doc/whatsnew/changelog.rst:10784:<translated>:1: WARNING: Inline interpreted text or phrase reference start-string without end-string. [docutils]
/home/runner/work/dashboard/dashboard/clones/cpython/Doc/whatsnew/changelog.rst:10796:<translated>:1: WARNING: Inline interpreted text or phrase reference start-string without end-string. [docutils]
/home/runner/work/dashboard/dashboard/clones/cpython/Doc/whatsnew/changelog.rst:10817:<translated>:1: WARNING: Inline interpreted text or phrase reference start-string without end-string. [docutils]
/home/runner/work/dashboard/dashboard/clones/cpython/Doc/whatsnew/changelog.rst:11645:<translated>:1: WARNING: Inline literal start-string without end-string. [docutils]
/home/runner/work/dashboard/dashboard/clones/cpython/Doc/whatsnew/changelog.rst:11681:<translated>:1: WARNING: Inline literal start-string without end-string. [docutils]
/home/runner/work/dashboard/dashboard/clones/cpython/Doc/whatsnew/changelog.rst:12340:<translated>:1: WARNING: Inline literal start-string without end-string. [docutils]
/home/runner/work/dashboard/dashboard/clones/cpython/Doc/whatsnew/changelog.rst:12662:<translated>:1: WARNING: Inline emphasis start-string without end-string. [docutils]
/home/runner/work/dashboard/dashboard/clones/cpython/Doc/whatsnew/changelog.rst:12782:<translated>:1: WARNING: Inline interpreted text or phrase reference start-string without end-string. [docutils]
/home/runner/work/dashboard/dashboard/clones/cpython/Doc/whatsnew/changelog.rst:13141:<translated>:1: WARNING: Inline literal start-string without end-string. [docutils]
/home/runner/work/dashboard/dashboard/clones/cpython/Doc/whatsnew/changelog.rst:13303:<translated>:1: WARNING: Inline literal start-string without end-string. [docutils]
/home/runner/work/dashboard/dashboard/clones/cpython/Doc/whatsnew/changelog.rst:13534:<translated>:1: WARNING: Inline literal start-string without end-string. [docutils]
/home/runner/work/dashboard/dashboard/clones/cpython/Doc/whatsnew/changelog.rst:13566:<translated>:1: WARNING: Inline interpreted text or phrase reference start-string without end-string. [docutils]
/home/runner/work/dashboard/dashboard/clones/cpython/Doc/whatsnew/changelog.rst:14261:<translated>:1: WARNING: Inline strong start-string without end-string. [docutils]
/home/runner/work/dashboard/dashboard/clones/cpython/Doc/whatsnew/changelog.rst:14805:<translated>:1: WARNING: Inline literal start-string without end-string. [docutils]
/home/runner/work/dashboard/dashboard/clones/cpython/Doc/whatsnew/changelog.rst:15962:<translated>:1: WARNING: Inline literal start-string without end-string. [docutils]
/home/runner/work/dashboard/dashboard/clones/cpython/Doc/whatsnew/changelog.rst:16264:<translated>:1: ERROR: Unknown interpreted text role "susp". [docutils]
/home/runner/work/dashboard/dashboard/clones/cpython/Doc/whatsnew/changelog.rst:16264:<translated>:1: ERROR: Unknown interpreted text role "susp". [docutils]
/home/runner/work/dashboard/dashboard/clones/cpython/Doc/whatsnew/changelog.rst:16268:<translated>:1: ERROR: Unknown interpreted text role "susp". [docutils]
/home/runner/work/dashboard/dashboard/clones/cpython/Doc/whatsnew/changelog.rst:16280:<translated>:1: WARNING: Inline literal start-string without end-string. [docutils]
/home/runner/work/dashboard/dashboard/clones/cpython/Doc/whatsnew/changelog.rst:16280:<translated>:1: WARNING: Inline literal start-string without end-string. [docutils]
/home/runner/work/dashboard/dashboard/clones/cpython/Doc/whatsnew/changelog.rst:16292:<translated>:1: ERROR: Unknown interpreted text role "susp". [docutils]
/home/runner/work/dashboard/dashboard/clones/cpython/Doc/whatsnew/changelog.rst:16292:<translated>:1: ERROR: Unknown interpreted text role "susp". [docutils]
/home/runner/work/dashboard/dashboard/clones/cpython/Doc/whatsnew/changelog.rst:17419:<translated>:1: WARNING: Inline literal start-string without end-string. [docutils]
/home/runner/work/dashboard/dashboard/clones/cpython/Doc/whatsnew/changelog.rst:17419:<translated>:1: WARNING: Inline literal start-string without end-string. [docutils]
/home/runner/work/dashboard/dashboard/clones/cpython/Doc/whatsnew/changelog.rst:17419:<translated>:1: WARNING: Inline interpreted text or phrase reference start-string without end-string. [docutils]
/home/runner/work/dashboard/dashboard/clones/cpython/Doc/whatsnew/changelog.rst:17648:<translated>:1: WARNING: Inline interpreted text or phrase reference start-string without end-string. [docutils]
/home/runner/work/dashboard/dashboard/clones/cpython/Doc/whatsnew/changelog.rst:17855:<translated>:1: WARNING: Inline literal start-string without end-string. [docutils]
/home/runner/work/dashboard/dashboard/clones/cpython/Doc/whatsnew/changelog.rst:18250:<translated>:1: WARNING: Inline literal start-string without end-string. [docutils]
/home/runner/work/dashboard/dashboard/clones/cpython/Doc/whatsnew/changelog.rst:18250:<translated>:1: WARNING: Inline target start-string without end-string. [docutils]
/home/runner/work/dashboard/dashboard/clones/cpython/Doc/whatsnew/changelog.rst:18250:<translated>:1: WARNING: Inline interpreted text or phrase reference start-string without end-string. [docutils]
/home/runner/work/dashboard/dashboard/clones/cpython/Doc/whatsnew/changelog.rst:18406:<translated>:1: WARNING: Inline interpreted text or phrase reference start-string without end-string. [docutils]
/home/runner/work/dashboard/dashboard/clones/cpython/Doc/whatsnew/changelog.rst:19269:<translated>:1: WARNING: Inline interpreted text or phrase reference start-string without end-string. [docutils]
/home/runner/work/dashboard/dashboard/clones/cpython/Doc/whatsnew/changelog.rst:20190:<translated>:1: WARNING: Inline interpreted text or phrase reference start-string without end-string. [docutils]
/home/runner/work/dashboard/dashboard/clones/cpython/Doc/whatsnew/changelog.rst:21056:<translated>:1: WARNING: Inline emphasis start-string without end-string. [docutils]
/home/runner/work/dashboard/dashboard/clones/cpython/Doc/whatsnew/changelog.rst:21745:<translated>:1: WARNING: Inline literal start-string without end-string. [docutils]
/home/runner/work/dashboard/dashboard/clones/cpython/Doc/whatsnew/changelog.rst:21880:<translated>:1: WARNING: Inline literal start-string without end-string. [docutils]
/home/runner/work/dashboard/dashboard/clones/cpython/Doc/whatsnew/changelog.rst:21900:<translated>:1: WARNING: Inline literal start-string without end-string. [docutils]
/home/runner/work/dashboard/dashboard/clones/cpython/Doc/whatsnew/changelog.rst:21900:<translated>:1: WARNING: Inline literal start-string without end-string. [docutils]
/home/runner/work/dashboard/dashboard/clones/cpython/Doc/whatsnew/changelog.rst:21910:<translated>:1: WARNING: Inline interpreted text or phrase reference start-string without end-string. [docutils]
/home/runner/work/dashboard/dashboard/clones/cpython/Doc/whatsnew/changelog.rst:22128:<translated>:1: WARNING: Inline interpreted text or phrase reference start-string without end-string. [docutils]
/home/runner/work/dashboard/dashboard/clones/cpython/Doc/whatsnew/changelog.rst:22488:<translated>:1: WARNING: Inline literal start-string without end-string. [docutils]
/home/runner/work/dashboard/dashboard/clones/cpython/Doc/whatsnew/changelog.rst:22524:<translated>:1: WARNING: Inline interpreted text or phrase reference start-string without end-string. [docutils]
/home/runner/work/dashboard/dashboard/clones/cpython/Doc/whatsnew/changelog.rst:22595:<translated>:1: WARNING: Inline literal start-string without end-string. [docutils]
/home/runner/work/dashboard/dashboard/clones/cpython/Doc/whatsnew/changelog.rst:22945:<translated>:1: WARNING: Inline interpreted text or phrase reference start-string without end-string. [docutils]
/home/runner/work/dashboard/dashboard/clones/cpython/Doc/whatsnew/changelog.rst:22945:<translated>:1: WARNING: Inline interpreted text or phrase reference start-string without end-string. [docutils]
/home/runner/work/dashboard/dashboard/clones/cpython/Doc/whatsnew/changelog.rst:22981:<translated>:1: WARNING: Inline literal start-string without end-string. [docutils]
/home/runner/work/dashboard/dashboard/clones/cpython/Doc/whatsnew/changelog.rst:23217:<translated>:1: WARNING: Inline interpreted text or phrase reference start-string without end-string. [docutils]
/home/runner/work/dashboard/dashboard/clones/cpython/Doc/whatsnew/changelog.rst:23669:<translated>:1: WARNING: Inline interpreted text or phrase reference start-string without end-string. [docutils]
/home/runner/work/dashboard/dashboard/clones/cpython/Doc/whatsnew/changelog.rst:24069:<translated>:1: WARNING: Inline literal start-string without end-string. [docutils]
/home/runner/work/dashboard/dashboard/clones/cpython/Doc/whatsnew/changelog.rst:24545:<translated>:1: WARNING: Inline interpreted text or phrase reference start-string without end-string. [docutils]
/home/runner/work/dashboard/dashboard/clones/cpython/Doc/whatsnew/changelog.rst:24551:<translated>:1: WARNING: Inline literal start-string without end-string. [docutils]
/home/runner/work/dashboard/dashboard/clones/cpython/Doc/whatsnew/changelog.rst:24925:<translated>:1: WARNING: Inline literal start-string without end-string. [docutils]
/home/runner/work/dashboard/dashboard/clones/cpython/Doc/whatsnew/changelog.rst:25063:<translated>:1: WARNING: Inline interpreted text or phrase reference start-string without end-string. [docutils]
/home/runner/work/dashboard/dashboard/clones/cpython/Doc/whatsnew/changelog.rst:25096:<translated>:1: WARNING: Inline literal start-string without end-string. [docutils]
/home/runner/work/dashboard/dashboard/clones/cpython/Doc/whatsnew/changelog.rst:25097:<translated>:1: WARNING: Inline literal start-string without end-string. [docutils]
/home/runner/work/dashboard/dashboard/clones/cpython/Doc/whatsnew/changelog.rst:25894:<translated>:1: WARNING: Inline literal start-string without end-string. [docutils]
/home/runner/work/dashboard/dashboard/clones/cpython/Doc/whatsnew/changelog.rst:25960:<translated>:1: WARNING: Inline literal start-string without end-string. [docutils]
/home/runner/work/dashboard/dashboard/clones/cpython/Doc/whatsnew/changelog.rst:26011:<translated>:1: WARNING: Inline interpreted text or phrase reference start-string without end-string. [docutils]
/home/runner/work/dashboard/dashboard/clones/cpython/Doc/whatsnew/changelog.rst:26558:<translated>:1: WARNING: Inline literal start-string without end-string. [docutils]
/home/runner/work/dashboard/dashboard/clones/cpython/Doc/whatsnew/changelog.rst:27099:<translated>:1: WARNING: Inline interpreted text or phrase reference start-string without end-string. [docutils]
/home/runner/work/dashboard/dashboard/clones/cpython/Doc/whatsnew/changelog.rst:27326:<translated>:1: WARNING: Inline interpreted text or phrase reference start-string without end-string. [docutils]
/home/runner/work/dashboard/dashboard/clones/cpython/Doc/whatsnew/changelog.rst:27481:<translated>:1: ERROR: invalid PEP number 604`（允许将联合类型写作 ``X | Y` [docutils]
/home/runner/work/dashboard/dashboard/clones/cpython/Doc/whatsnew/changelog.rst:27577:<translated>:1: WARNING: Inline literal start-string without end-string. [docutils]
/home/runner/work/dashboard/dashboard/clones/cpython/Doc/whatsnew/changelog.rst:27589:<translated>:1: WARNING: Inline interpreted text or phrase reference start-string without end-string. [docutils]
/home/runner/work/dashboard/dashboard/clones/cpython/Doc/whatsnew/changelog.rst:28109:<translated>:1: WARNING: Inline literal start-string without end-string. [docutils]
/home/runner/work/dashboard/dashboard/clones/cpython/Doc/whatsnew/changelog.rst:29242:<translated>:1: WARNING: Inline literal start-string without end-string. [docutils]
/home/runner/work/dashboard/dashboard/clones/cpython/Doc/whatsnew/changelog.rst:30037:<translated>:1: WARNING: Inline literal start-string without end-string. [docutils]
/home/runner/work/dashboard/dashboard/clones/cpython/Doc/whatsnew/changelog.rst:30037:<translated>:1: WARNING: Inline literal start-string without end-string. [docutils]
/home/runner/work/dashboard/dashboard/clones/cpython/Doc/whatsnew/changelog.rst:30488:<translated>:1: WARNING: Inline literal start-string without end-string. [docutils]
/home/runner/work/dashboard/dashboard/clones/cpython/Doc/whatsnew/changelog.rst:30488:<translated>:1: WARNING: Inline literal start-string without end-string. [docutils]
/home/runner/work/dashboard/dashboard/clones/cpython/Doc/whatsnew/changelog.rst:31109:<translated>:1: WARNING: Inline literal start-string without end-string. [docutils]
/home/runner/work/dashboard/dashboard/clones/cpython/Doc/whatsnew/changelog.rst:31355:<translated>:1: WARNING: Inline interpreted text or phrase reference start-string without end-string. [docutils]
/home/runner/work/dashboard/dashboard/clones/cpython/Doc/whatsnew/changelog.rst:31521:<translated>:1: WARNING: Inline literal start-string without end-string. [docutils]
/home/runner/work/dashboard/dashboard/clones/cpython/Doc/whatsnew/changelog.rst:31866:<translated>:1: WARNING: Inline interpreted text or phrase reference start-string without end-string. [docutils]
/home/runner/work/dashboard/dashboard/clones/cpython/Doc/whatsnew/changelog.rst:32047:<translated>:1: WARNING: Inline interpreted text or phrase reference start-string without end-string. [docutils]
/home/runner/work/dashboard/dashboard/clones/cpython/Doc/whatsnew/changelog.rst:32128:<translated>:1: WARNING: Inline literal start-string without end-string. [docutils]
/home/runner/work/dashboard/dashboard/clones/cpython/Doc/whatsnew/changelog.rst:32168:<translated>:1: WARNING: Inline emphasis start-string without end-string. [docutils]
/home/runner/work/dashboard/dashboard/clones/cpython/Doc/whatsnew/changelog.rst:32189:<translated>:1: WARNING: Inline literal start-string without end-string. [docutils]
/home/runner/work/dashboard/dashboard/clones/cpython/Doc/whatsnew/changelog.rst:32189:<translated>:1: WARNING: Inline literal start-string without end-string. [docutils]
/home/runner/work/dashboard/dashboard/clones/cpython/Doc/whatsnew/changelog.rst:32204:<translated>:1: WARNING: Inline literal start-string without end-string. [docutils]
/home/runner/work/dashboard/dashboard/clones/cpython/Doc/whatsnew/changelog.rst:32299:<translated>:1: WARNING: Inline literal start-string without end-string. [docutils]
/home/runner/work/dashboard/dashboard/clones/cpython/Doc/whatsnew/changelog.rst:32648:<translated>:1: WARNING: Inline literal start-string without end-string. [docutils]
/home/runner/work/dashboard/dashboard/clones/cpython/Doc/whatsnew/changelog.rst:32713:<translated>:1: WARNING: Inline literal start-string without end-string. [docutils]
/home/runner/work/dashboard/dashboard/clones/cpython/Doc/whatsnew/changelog.rst:32713:<translated>:1: WARNING: Inline literal start-string without end-string. [docutils]
/home/runner/work/dashboard/dashboard/clones/cpython/Doc/whatsnew/changelog.rst:32956:<translated>:1: WARNING: Inline interpreted text or phrase reference start-string without end-string. [docutils]
/home/runner/work/dashboard/dashboard/clones/cpython/Doc/whatsnew/changelog.rst:33504:<translated>:1: WARNING: Inline interpreted text or phrase reference start-string without end-string. [docutils]
/home/runner/work/dashboard/dashboard/clones/cpython/Doc/whatsnew/changelog.rst:33504:<translated>:1: WARNING: Inline literal start-string without end-string. [docutils]
/home/runner/work/dashboard/dashboard/clones/cpython/Doc/whatsnew/changelog.rst:33562:<translated>:1: WARNING: Inline interpreted text or phrase reference start-string without end-string. [docutils]
/home/runner/work/dashboard/dashboard/clones/cpython/Doc/whatsnew/changelog.rst:33604:<translated>:1: WARNING: Inline literal start-string without end-string. [docutils]
/home/runner/work/dashboard/dashboard/clones/cpython/Doc/whatsnew/changelog.rst:33879:<translated>:1: WARNING: Inline interpreted text or phrase reference start-string without end-string. [docutils]
/home/runner/work/dashboard/dashboard/clones/cpython/Doc/whatsnew/changelog.rst:34037:<translated>:1: WARNING: Inline literal start-string without end-string. [docutils]
/home/runner/work/dashboard/dashboard/clones/cpython/Doc/whatsnew/changelog.rst:34117:<translated>:1: WARNING: Inline interpreted text or phrase reference start-string without end-string. [docutils]
/home/runner/work/dashboard/dashboard/clones/cpython/Doc/whatsnew/changelog.rst:34232:<translated>:1: WARNING: Inline literal start-string without end-string. [docutils]
/home/runner/work/dashboard/dashboard/clones/cpython/Doc/whatsnew/changelog.rst:34874:<translated>:1: WARNING: Inline literal start-string without end-string. [docutils]
/home/runner/work/dashboard/dashboard/clones/cpython/Doc/whatsnew/changelog.rst:34956:<translated>:1: WARNING: Inline emphasis start-string without end-string. [docutils]
/home/runner/work/dashboard/dashboard/clones/cpython/Doc/whatsnew/changelog.rst:35126:<translated>:1: WARNING: Inline literal start-string without end-string. [docutils]
/home/runner/work/dashboard/dashboard/clones/cpython/Doc/whatsnew/changelog.rst:35368:<translated>:1: WARNING: Inline interpreted text or phrase reference start-string without end-string. [docutils]
/home/runner/work/dashboard/dashboard/clones/cpython/Doc/whatsnew/changelog.rst:35866:<translated>:1: WARNING: Inline interpreted text or phrase reference start-string without end-string. [docutils]
/home/runner/work/dashboard/dashboard/clones/cpython/Doc/whatsnew/changelog.rst:36107:<translated>:1: WARNING: Inline literal start-string without end-string. [docutils]
/home/runner/work/dashboard/dashboard/clones/cpython/Doc/whatsnew/changelog.rst:36934:<translated>:1: WARNING: Inline interpreted text or phrase reference start-string without end-string. [docutils]
/home/runner/work/dashboard/dashboard/clones/cpython/Doc/whatsnew/changelog.rst:37614:<translated>:1: WARNING: Inline interpreted text or phrase reference start-string without end-string. [docutils]
/home/runner/work/dashboard/dashboard/clones/cpython/Doc/whatsnew/changelog.rst:38370:<translated>:1: WARNING: Inline interpreted text or phrase reference start-string without end-string. [docutils]
/home/runner/work/dashboard/dashboard/clones/cpython/Doc/whatsnew/changelog.rst:38595:<translated>:1: WARNING: Inline emphasis start-string without end-string. [docutils]
/home/runner/work/dashboard/dashboard/clones/cpython/Doc/whatsnew/changelog.rst:39552:<translated>:1: WARNING: Inline literal start-string without end-string. [docutils]
/home/runner/work/dashboard/dashboard/clones/cpython/Doc/whatsnew/changelog.rst:39607:<translated>:1: WARNING: Inline interpreted text or phrase reference start-string without end-string. [docutils]
/home/runner/work/dashboard/dashboard/clones/cpython/Doc/whatsnew/changelog.rst:40345:<translated>:1: WARNING: Inline literal start-string without end-string. [docutils]
/home/runner/work/dashboard/dashboard/clones/cpython/Doc/whatsnew/changelog.rst:40530:<translated>:1: WARNING: Inline interpreted text or phrase reference start-string without end-string. [docutils]
/home/runner/work/dashboard/dashboard/clones/cpython/Doc/whatsnew/changelog.rst:41133:<translated>:1: WARNING: Inline literal start-string without end-string. [docutils]
/home/runner/work/dashboard/dashboard/clones/cpython/Doc/whatsnew/changelog.rst:41440:<translated>:1: WARNING: Inline literal start-string without end-string. [docutils]
/home/runner/work/dashboard/dashboard/clones/cpython/Doc/whatsnew/changelog.rst:41440:<translated>:1: WARNING: Inline literal start-string without end-string. [docutils]
/home/runner/work/dashboard/dashboard/clones/cpython/Doc/whatsnew/changelog.rst:41481:<translated>:1: WARNING: Inline interpreted text or phrase reference start-string without end-string. [docutils]
/home/runner/work/dashboard/dashboard/clones/cpython/Doc/whatsnew/changelog.rst:41725:<translated>:1: WARNING: Inline interpreted text or phrase reference start-string without end-string. [docutils]
/home/runner/work/dashboard/dashboard/clones/cpython/Doc/whatsnew/changelog.rst:42722:<translated>:1: WARNING: Inline literal start-string without end-string. [docutils]
/home/runner/work/dashboard/dashboard/clones/cpython/Doc/whatsnew/changelog.rst:43104:<translated>:1: WARNING: Inline literal start-string without end-string. [docutils]
/home/runner/work/dashboard/dashboard/clones/cpython/Doc/whatsnew/changelog.rst:43104:<translated>:1: WARNING: Inline literal start-string without end-string. [docutils]
/home/runner/work/dashboard/dashboard/clones/cpython/Doc/whatsnew/changelog.rst:43120:<translated>:1: WARNING: Inline interpreted text or phrase reference start-string without end-string. [docutils]
/home/runner/work/dashboard/dashboard/clones/cpython/Doc/whatsnew/changelog.rst:43310:<translated>:1: WARNING: Inline literal start-string without end-string. [docutils]
/home/runner/work/dashboard/dashboard/clones/cpython/Doc/whatsnew/changelog.rst:43456:<translated>:1: WARNING: Inline literal start-string without end-string. [docutils]
/home/runner/work/dashboard/dashboard/clones/cpython/Doc/whatsnew/changelog.rst:43760:<translated>:1: WARNING: Inline interpreted text or phrase reference start-string without end-string. [docutils]
/home/runner/work/dashboard/dashboard/clones/cpython/Doc/whatsnew/changelog.rst:45017:<translated>:1: WARNING: Inline interpreted text or phrase reference start-string without end-string. [docutils]
/home/runner/work/dashboard/dashboard/clones/cpython/Doc/whatsnew/changelog.rst:45110:<translated>:1: WARNING: Inline interpreted text or phrase reference start-string without end-string. [docutils]
/home/runner/work/dashboard/dashboard/clones/cpython/Doc/whatsnew/changelog.rst:45519:<translated>:1: WARNING: Inline interpreted text or phrase reference start-string without end-string. [docutils]
/home/runner/work/dashboard/dashboard/clones/cpython/Doc/whatsnew/changelog.rst:45699:<translated>:1: WARNING: Inline interpreted text or phrase reference start-string without end-string. [docutils]
/home/runner/work/dashboard/dashboard/clones/cpython/Doc/whatsnew/changelog.rst:45767:<translated>:1: WARNING: Inline literal start-string without end-string. [docutils]
/home/runner/work/dashboard/dashboard/clones/cpython/Doc/whatsnew/changelog.rst:45767:<translated>:1: WARNING: Inline emphasis start-string without end-string. [docutils]
/home/runner/work/dashboard/dashboard/clones/cpython/Doc/whatsnew/changelog.rst:45838:<translated>:1: WARNING: Inline literal start-string without end-string. [docutils]
/home/runner/work/dashboard/dashboard/clones/cpython/Doc/whatsnew/changelog.rst:47247:<translated>:1: WARNING: Inline literal start-string without end-string. [docutils]
/home/runner/work/dashboard/dashboard/clones/cpython/Doc/whatsnew/changelog.rst:47441:<translated>:1: WARNING: Inline literal start-string without end-string. [docutils]
/home/runner/work/dashboard/dashboard/clones/cpython/Doc/whatsnew/changelog.rst:48352:<translated>:1: WARNING: Inline interpreted text or phrase reference start-string without end-string. [docutils]
/home/runner/work/dashboard/dashboard/clones/cpython/Doc/whatsnew/changelog.rst:51438:<translated>:1: WARNING: Inline literal start-string without end-string. [docutils]
/home/runner/work/dashboard/dashboard/clones/cpython/Doc/whatsnew/changelog.rst:142:<translated>:1: WARNING: Inline literal start-string without end-string. [docutils]
/home/runner/work/dashboard/dashboard/clones/cpython/Doc/whatsnew/changelog.rst:142:<translated>:1: WARNING: Inline literal start-string without end-string. [docutils]
/home/runner/work/dashboard/dashboard/clones/cpython/Doc/whatsnew/changelog.rst:555:<translated>:1: WARNING: Inline literal start-string without end-string. [docutils]
/home/runner/work/dashboard/dashboard/clones/cpython/Doc/whatsnew/changelog.rst:635:<translated>:1: WARNING: Inline interpreted text or phrase reference start-string without end-string. [docutils]
/home/runner/work/dashboard/dashboard/clones/cpython/Doc/build/NEWS:635: WARNING: inconsistent term references in translated message. original: [':envvar:`TMPDIR`', ':ref:`forkserver <multiprocessing-start-method-forkserver>`'], translated: [] [i18n.inconsistent_references]
/home/runner/work/dashboard/dashboard/clones/cpython/Doc/build/NEWS:736: WARNING: inconsistent term references in translated message. original: [], translated: ['`_pyrepl`', '`__package__`', '`__file__`'] [i18n.inconsistent_references]
/home/runner/work/dashboard/dashboard/clones/cpython/Doc/build/NEWS:969: WARNING: inconsistent term references in translated message. original: [':func:`fcntl.fcntl`', ':term:`bytes-like\nobjects <bytes-like object>`', ':class:`bytes`', ':func:`fcntl.ioctl`'], translated: [':func:`fcntl.fcntl`', ':class:`bytes`', ':func:`fcntl.ioctl`'] [i18n.inconsistent_references]
/home/runner/work/dashboard/dashboard/clones/cpython/Doc/build/NEWS:1294: WARNING: inconsistent term references in translated message. original: [], translated: ['`python -m asyncio ps PID`', '`python -m asyncio pstree PID`'] [i18n.inconsistent_references]
/home/runner/work/dashboard/dashboard/clones/cpython/Doc/build/NEWS:1317: WARNING: inconsistent term references in translated message. original: [], translated: ['`sym_new_type`', '`sym_new_not_null`'] [i18n.inconsistent_references]
/home/runner/work/dashboard/dashboard/clones/cpython/Doc/build/NEWS:1332: WARNING: inconsistent term references in translated message. original: [], translated: ['`_CALL_LEN`'] [i18n.inconsistent_references]
/home/runner/work/dashboard/dashboard/clones/cpython/Doc/whatsnew/changelog.rst:1350:<translated>:1: ERROR: invalid PEP number 750`（模板字符串）。为t-strings添加新语法并实现新的内部 :class: [docutils]
/home/runner/work/dashboard/dashboard/clones/cpython/Doc/build/NEWS:1432: WARNING: inconsistent term references in translated message. original: [':keyword:`async with`', ':keyword:`with`', ':keyword:`with`', ':keyword:`async with`'], translated: [':keyword:`async with`（或 :keyword:`with`', ':keyword:`with`（或 :keyword:`async with`'] [i18n.inconsistent_references]
/home/runner/work/dashboard/dashboard/clones/cpython/Doc/build/NEWS:1514: WARNING: inconsistent term references in translated message. original: [':c:func:`PyType_GetModuleByDef`', ':exc:`TypeError`'], translated: [':c:func:`PyType_GetModuleByDef`返回NULL而不设置 :exc:`TypeError`'] [i18n.inconsistent_references]
/home/runner/work/dashboard/dashboard/clones/cpython/Doc/whatsnew/changelog.rst:1533:<translated>:1: WARNING: Inline interpreted text or phrase reference start-string without end-string. [docutils]
/home/runner/work/dashboard/dashboard/clones/cpython/Doc/build/NEWS:1533: WARNING: inconsistent term references in translated message. original: [':c:struct:`PyASCIIObject`'], translated: [] [i18n.inconsistent_references]
/home/runner/work/dashboard/dashboard/clones/cpython/Doc/build/NEWS:1680: WARNING: inconsistent term references in translated message. original: [':class:`ctypes.py_object`', ':term:`generic type`'], translated: [':class:`ctypes.py_object`'] [i18n.inconsistent_references]
/home/runner/work/dashboard/dashboard/clones/cpython/Doc/whatsnew/changelog.rst:1719:<translated>:1: WARNING: Inline interpreted text or phrase reference start-string without end-string. [docutils]
/home/runner/work/dashboard/dashboard/clones/cpython/Doc/build/NEWS:1719: WARNING: inconsistent term references in translated message. original: [':func:`textwrap.indent`'], translated: [] [i18n.inconsistent_references]
/home/runner/work/dashboard/dashboard/clones/cpython/Doc/whatsnew/changelog.rst:1722:<translated>:1: WARNING: Inline interpreted text or phrase reference start-string without end-string. [docutils]
/home/runner/work/dashboard/dashboard/clones/cpython/Doc/build/NEWS:1722: WARNING: inconsistent term references in translated message. original: [':func:`textwrap.dedent`'], translated: [] [i18n.inconsistent_references]
/home/runner/work/dashboard/dashboard/clones/cpython/Doc/build/NEWS:2124: WARNING: inconsistent term references in translated message. original: [':mod:`pdb`', ':exc:`bdb.BdbQuit`', ':mod:`pdb`', ':func:`breakpoint`', ':func:`pdb.set_trace`'], translated: [':func:`breakpoint`', ':func:`pdb.set_trace`', ':mod:`pdb`', ':exc:`bdb.BdbQuit`'] [i18n.inconsistent_references]
/home/runner/work/dashboard/dashboard/clones/cpython/Doc/build/NEWS:2178: WARNING: inconsistent term references in translated message. original: [':func:`super`', ':term:`closure variable`', ':class:`typing.NamedTuple`'], translated: [':class:`typing.NamedTuple`', ':func:`super`和 ``__class__``'] [i18n.inconsistent_references]
/home/runner/work/dashboard/dashboard/clones/cpython/Doc/build/NEWS:2425: WARNING: inconsistent term references in translated message. original: [':meth:`bytes.fromhex`', ':meth:`bytearray.fromhex`', ':class:`bytes`', ':term:`bytes-like objects <bytes-like object>`'], translated: [':meth:`bytes.fromhex`', ':meth:`bytearray.fromhex`', ':class:`bytes`和 :term:`字节类对象 <bytes-like object>`'] [i18n.inconsistent_references]
/home/runner/work/dashboard/dashboard/clones/cpython/Doc/build/NEWS:3035: WARNING: inconsistent term references in translated message. original: [':c:func:`PyUnstable_TryIncRef`', ':c:func:`PyUnstable_EnableTryIncRef`'], translated: [':c:func:`PyUnstable_TryIncRef`'] [i18n.inconsistent_references]
/home/runner/work/dashboard/dashboard/clones/cpython/Doc/build/NEWS:3113: WARNING: inconsistent term references in translated message. original: [':mod:`unittest`', ':meth:`~unittest.TestCase.assertHasAttr`', ':meth:`~unittest.TestCase.assertNotHasAttr`', ':meth:`~unittest.TestCase.assertIsSubclass`', ':meth:`~unittest.TestCase.assertNotIsSubclass`', ':meth:`~unittest.TestCase.assertStartsWith`', ':meth:`~unittest.TestCase.assertNotStartsWith`', ':meth:`~unittest.TestCase.assertEndsWith`', ':meth:`~unittest.TestCase.assertNotEndsWith`'], translated: [':mod:`unittest`', ':meth:`~unittest.TestCase.assertHasAttr`', ':meth:`~unittest.TestCase.assertNotHasAttr`', ':meth:`~unittest.TestCase.assertIsSubclass`', ':meth:`~unittest.TestCase.assertNotIsSubclass`', ':meth:`~unittest.TestCase.assertStartsWith`', ':meth:`~unittest.TestCase.assertNotStartsWith`', ':meth:`~unittest.TestCase.assertEndsWith`和 :meth:`~unittest.TestCase.assertNotEndsWith`'] [i18n.inconsistent_references]
/home/runner/work/dashboard/dashboard/clones/cpython/Doc/build/NEWS:3365: WARNING: inconsistent term references in translated message. original: [':c:func:`Py_FatalError`', ':term:`free threaded <free threading>`'], translated: [':c:func:`Py_FatalError`'] [i18n.inconsistent_references]
/home/runner/work/dashboard/dashboard/clones/cpython/Doc/build/NEWS:3746: WARNING: inconsistent term references in translated message. original: [':meth:`~object.__buffer__`', ':class:`bytearray`', ':attr:`~inspect.BufferFlags.READ`', ':attr:`~inspect.BufferFlags.WRITE`'], translated: [':attr:`~inspect.BufferFlags.READ`或 :attr:`~inspect.BufferFlags.WRITE`', ':class:`bytearray`', ':meth:`~object.__buffer__`'] [i18n.inconsistent_references]
/home/runner/work/dashboard/dashboard/clones/cpython/Doc/build/NEWS:3792: WARNING: inconsistent term references in translated message. original: [':c:func:`PySequence_In`', ':term:`soft deprecated`', ':c:func:`PySequence_Contains`'], translated: [':c:func:`PySequence_In`', ':c:func:`PySequence_Contains`'] [i18n.inconsistent_references]
/home/runner/work/dashboard/dashboard/clones/cpython/Doc/whatsnew/changelog.rst:3849:<translated>:1: WARNING: Inline literal start-string without end-string. [docutils]
/home/runner/work/dashboard/dashboard/clones/cpython/Doc/build/NEWS:3990: WARNING: inconsistent term references in translated message. original: [':class:`multiprocessing.Lock`', ':class:`multiprocessing.RLock`'], translated: [':class:`multiprocessing.Lock`和 :class:`multiprocessing.RLock`'] [i18n.inconsistent_references]
/home/runner/work/dashboard/dashboard/clones/cpython/Doc/build/NEWS:3994: WARNING: inconsistent term references in translated message. original: [':class:`calendar.IllegalMonthError`', ':class:`IndexError`', ':func:`calendar.month`'], translated: [':func:`calendar.month`会抛出 :class:`calendar.IllegalMonthError`（现在是 :class:`IndexError`'] [i18n.inconsistent_references]
/home/runner/work/dashboard/dashboard/clones/cpython/Doc/build/NEWS:4457: WARNING: inconsistent term references in translated message. original: [':term:`soft deprecated`'], translated: [] [i18n.inconsistent_references]
/home/runner/work/dashboard/dashboard/clones/cpython/Doc/build/NEWS:4594: WARNING: inconsistent term references in translated message. original: [':func:`os.getloadavg`', ':exc:`OSError`'], translated: [':func:`os.getloadavg`可能会抛出 :exc:`OSError`'] [i18n.inconsistent_references]
/home/runner/work/dashboard/dashboard/clones/cpython/Doc/whatsnew/changelog.rst:4906:<translated>:1: WARNING: Inline literal start-string without end-string. [docutils]
/home/runner/work/dashboard/dashboard/clones/cpython/Doc/whatsnew/changelog.rst:4914:<translated>:1: WARNING: Inline literal start-string without end-string. [docutils]
/home/runner/work/dashboard/dashboard/clones/cpython/Doc/whatsnew/changelog.rst:4914:<translated>:1: WARNING: Inline literal start-string without end-string. [docutils]
/home/runner/work/dashboard/dashboard/clones/cpython/Doc/whatsnew/changelog.rst:4926:<translated>:1: WARNING: Inline literal start-string without end-string. [docutils]
/home/runner/work/dashboard/dashboard/clones/cpython/Doc/whatsnew/changelog.rst:4926:<translated>:1: WARNING: Inline literal start-string without end-string. [docutils]
/home/runner/work/dashboard/dashboard/clones/cpython/Doc/build/NEWS:5164: WARNING: inconsistent term references in translated message. original: [':mod:`email`', ':mod:`~email.generator`', ':attr:`~email.policy.Policy.verify_generated_headers`'], translated: [':mod:`email`', ':mod:`~email.generator`现在会拒绝序列化（写入）不安全折叠或分隔的标题；参见 :attr:`~email.policy.Policy.verify_generated_headers`'] [i18n.inconsistent_references]
/home/runner/work/dashboard/dashboard/clones/cpython/Doc/build/NEWS:5173: WARNING: inconsistent term references in translated message. original: [':func:`ctypes.ARRAY`', ':term:`soft deprecated`'], translated: [':func:`ctypes.ARRAY`现在是软弃用`'] [i18n.inconsistent_references]
/home/runner/work/dashboard/dashboard/clones/cpython/Doc/build/NEWS:5860: WARNING: inconsistent term references in translated message. original: [':term:`context`', ':term:`current context`', ':term:`context management protocol`', ':class:`contextvars.Context`'], translated: [':term:`上下文`', ':term:`当前上下文`', ':class:`contextvars.Context`'] [i18n.inconsistent_references]
/home/runner/work/dashboard/dashboard/clones/cpython/Doc/whatsnew/changelog.rst:5887:<translated>:1: WARNING: Inline literal start-string without end-string. [docutils]
/home/runner/work/dashboard/dashboard/clones/cpython/Doc/whatsnew/changelog.rst:6338:<translated>:1: WARNING: Inline literal start-string without end-string. [docutils]
/home/runner/work/dashboard/dashboard/clones/cpython/Doc/whatsnew/changelog.rst:6363:<translated>:1: WARNING: Inline interpreted text or phrase reference start-string without end-string. [docutils]
/home/runner/work/dashboard/dashboard/clones/cpython/Doc/build/NEWS:6363: WARNING: inconsistent term references in translated message. original: [], translated: ['`else`语句不匹配任何有效语句的错误消息的改进，这些改进使得在这些`elif`'] [i18n.inconsistent_references]
/home/runner/work/dashboard/dashboard/clones/cpython/Doc/whatsnew/changelog.rst:6411:<translated>:1: WARNING: Inline literal start-string without end-string. [docutils]
/home/runner/work/dashboard/dashboard/clones/cpython/Doc/whatsnew/changelog.rst:6582:<translated>:1: WARNING: Inline interpreted text or phrase reference start-string without end-string. [docutils]
/home/runner/work/dashboard/dashboard/clones/cpython/Doc/build/NEWS:6582: WARNING: inconsistent term references in translated message. original: [':c:func:`PyEval_GetLocals`', ':exc:`SystemError`'], translated: [':c:func:`PyEval_GetLocals`'] [i18n.inconsistent_references]
/home/runner/work/dashboard/dashboard/clones/cpython/Doc/whatsnew/changelog.rst:6747:<translated>:1: WARNING: Inline literal start-string without end-string. [docutils]
/home/runner/work/dashboard/dashboard/clones/cpython/Doc/whatsnew/changelog.rst:6747:<translated>:1: WARNING: Inline literal start-string without end-string. [docutils]
/home/runner/work/dashboard/dashboard/clones/cpython/Doc/build/NEWS:6833: WARNING: inconsistent term references in translated message. original: [], translated: ['`--disable-gil`', '`--experimental-jit`'] [i18n.inconsistent_references]
/home/runner/work/dashboard/dashboard/clones/cpython/Doc/build/NEWS:6836: WARNING: inconsistent term references in translated message. original: [], translated: ['`python-config`'] [i18n.inconsistent_references]
/home/runner/work/dashboard/dashboard/clones/cpython/Doc/whatsnew/changelog.rst:6842:<translated>:1: WARNING: Inline interpreted text or phrase reference start-string without end-string. [docutils]
/home/runner/work/dashboard/dashboard/clones/cpython/Doc/whatsnew/changelog.rst:6842:<translated>:1: WARNING: Inline interpreted text or phrase reference start-string without end-string. [docutils]
/home/runner/work/dashboard/dashboard/clones/cpython/Doc/whatsnew/changelog.rst:6842:<translated>:1: WARNING: Inline interpreted text or phrase reference start-string without end-string. [docutils]
/home/runner/work/dashboard/dashboard/clones/cpython/Doc/build/NEWS:6842: WARNING: inconsistent term references in translated message. original: [], translated: ['`.pc`'] [i18n.inconsistent_references]
/home/runner/work/dashboard/dashboard/clones/cpython/Doc/build/NEWS:6848: WARNING: inconsistent term references in translated message. original: [], translated: ['`make_ssl_certs`'] [i18n.inconsistent_references]
/home/runner/work/dashboard/dashboard/clones/cpython/Doc/build/NEWS:6857: WARNING: inconsistent term references in translated message. original: [], translated: ['`--enable-experimental-jit`', '`SHT_NOTE`', '`AssertionError`'] [i18n.inconsistent_references]
/home/runner/work/dashboard/dashboard/clones/cpython/Doc/build/NEWS:6861: WARNING: inconsistent term references in translated message. original: [], translated: ['`--enable-experimental-jit`'] [i18n.inconsistent_references]
/home/runner/work/dashboard/dashboard/clones/cpython/Doc/build/NEWS:6923: WARNING: inconsistent term references in translated message. original: [], translated: ['`sys._is_gil_enabled()`', '`True`', '`True`', '`False`'] [i18n.inconsistent_references]
/home/runner/work/dashboard/dashboard/clones/cpython/Doc/build/NEWS:6936: WARNING: inconsistent term references in translated message. original: [], translated: ['`__firstlineno__`'] [i18n.inconsistent_references]
/home/runner/work/dashboard/dashboard/clones/cpython/Doc/build/NEWS:6942: WARNING: inconsistent term references in translated message. original: [], translated: ['`async_generator.athrow().close()`', '`async_generator.asend().close()`'] [i18n.inconsistent_references]
/home/runner/work/dashboard/dashboard/clones/cpython/Doc/build/NEWS:6959: WARNING: inconsistent term references in translated message. original: [], translated: ['`--enable-experimental-jit=interpreter`', '`-X uops`', '`PYTHON_UOPS=1`'] [i18n.inconsistent_references]
/home/runner/work/dashboard/dashboard/clones/cpython/Doc/build/NEWS:6964: WARNING: inconsistent term references in translated message. original: [], translated: ['`PYTHON_JIT`', '`PYTHON_UOPS`'] [i18n.inconsistent_references]
/home/runner/work/dashboard/dashboard/clones/cpython/Doc/whatsnew/changelog.rst:7098:<translated>:1: WARNING: Inline literal start-string without end-string. [docutils]
/home/runner/work/dashboard/dashboard/clones/cpython/Doc/build/NEWS:7226: WARNING: inconsistent term references in translated message. original: [':meth:`pathlib.Path.glob`'], translated: ['`115060`', ':meth:`pathlib.Path.glob`'] [i18n.inconsistent_references]
/home/runner/work/dashboard/dashboard/clones/cpython/Doc/build/NEWS:7229: WARNING: inconsistent term references in translated message. original: [':meth:`pathlib.Path.iterdir`', ':func:`os.scandir`'], translated: ['`117727`', ':func:`os.scandir`', ':meth:`pathlib.Path.iterdir`'] [i18n.inconsistent_references]
/home/runner/work/dashboard/dashboard/clones/cpython/Doc/build/NEWS:7232: WARNING: inconsistent term references in translated message. original: [':meth:`pathlib.Path.walk`'], translated: ['`117586`', ':meth:`pathlib.Path.walk`'] [i18n.inconsistent_references]
/home/runner/work/dashboard/dashboard/clones/cpython/Doc/build/NEWS:7235: WARNING: inconsistent term references in translated message. original: [':meth:`asyncio.StreamReader.readuntil`'], translated: ['`117722`', ':meth:`asyncio.StreamReader.readuntil`'] [i18n.inconsistent_references]
/home/runner/work/dashboard/dashboard/clones/cpython/Doc/build/NEWS:7239: WARNING: inconsistent term references in translated message. original: [':class:`doctest.DocTestFinder`'], translated: ['`117692`', ':class:`doctest.DocTestFinder`'] [i18n.inconsistent_references]
/home/runner/work/dashboard/dashboard/clones/cpython/Doc/build/NEWS:7242: WARNING: inconsistent term references in translated message. original: [], translated: ['`117348`'] [i18n.inconsistent_references]
/home/runner/work/dashboard/dashboard/clones/cpython/Doc/build/NEWS:7245: WARNING: inconsistent term references in translated message. original: [':func:`os.path.commonpath`'], translated: ['`117641`', ':func:`os.path.commonpath`'] [i18n.inconsistent_references]
/home/runner/work/dashboard/dashboard/clones/cpython/Doc/build/NEWS:7247: WARNING: inconsistent term references in translated message. original: [], translated: ['`117663`'] [i18n.inconsistent_references]
/home/runner/work/dashboard/dashboard/clones/cpython/Doc/build/NEWS:7250: WARNING: inconsistent term references in translated message. original: [':func:`os.path.join`'], translated: ['`117636`', ':func:`os.path.join`'] [i18n.inconsistent_references]
/home/runner/work/dashboard/dashboard/clones/cpython/Doc/build/NEWS:7252: WARNING: inconsistent term references in translated message. original: [':mod:`pdb`'], translated: ['`117618`', ':mod:`pdb`'] [i18n.inconsistent_references]
/home/runner/work/dashboard/dashboard/clones/cpython/Doc/build/NEWS:7255: WARNING: inconsistent term references in translated message. original: [], translated: ['`102247`'] [i18n.inconsistent_references]
/home/runner/work/dashboard/dashboard/clones/cpython/Doc/build/NEWS:7262: WARNING: inconsistent term references in translated message. original: [':func:`os.path.relpath`'], translated: ['`117607`', ':func:`os.path.relpath`'] [i18n.inconsistent_references]
/home/runner/work/dashboard/dashboard/clones/cpython/Doc/build/NEWS:7264: WARNING: inconsistent term references in translated message. original: [':meth:`pathlib.Path.glob`'], translated: ['`117586`', ':meth:`pathlib.Path.glob`'] [i18n.inconsistent_references]
/home/runner/work/dashboard/dashboard/clones/cpython/Doc/build/NEWS:7267: WARNING: inconsistent term references in translated message. original: [], translated: ['`117225`'] [i18n.inconsistent_references]
/home/runner/work/dashboard/dashboard/clones/cpython/Doc/build/NEWS:7269: WARNING: inconsistent term references in translated message. original: [':meth:`ipaddress.IPv6Address.is_loopback`'], translated: ['`117566`', ':meth:`ipaddress.IPv6Address.is_loopback`'] [i18n.inconsistent_references]
/home/runner/work/dashboard/dashboard/clones/cpython/Doc/build/NEWS:7273: WARNING: inconsistent term references in translated message. original: [':func:`os.path.realpath`'], translated: ['`117546`', ':func:`os.path.realpath`'] [i18n.inconsistent_references]
/home/runner/work/dashboard/dashboard/clones/cpython/Doc/build/NEWS:7313: WARNING: inconsistent term references in translated message. original: [':func:`mimetypes.guess_file_type`', ':func:`~mimetypes.guess_type`', ':term:`soft deprecated`'], translated: [':func:`mimetypes.guess_file_type`', ':func:`~mimetypes.guess_type`'] [i18n.inconsistent_references]
/home/runner/work/dashboard/dashboard/clones/cpython/Doc/whatsnew/changelog.rst:7502:<translated>:1: ERROR: Unknown interpreted text role "c:meth". [docutils]
/home/runner/work/dashboard/dashboard/clones/cpython/Doc/build/NEWS:7502: WARNING: inconsistent term references in translated message. original: [':meth:`datetime.datetime.fromisoformat`'], translated: [] [i18n.inconsistent_references]
/home/runner/work/dashboard/dashboard/clones/cpython/Doc/whatsnew/changelog.rst:7532:<translated>:1: WARNING: Inline literal start-string without end-string. [docutils]
/home/runner/work/dashboard/dashboard/clones/cpython/Doc/build/NEWS:7643: WARNING: inconsistent term references in translated message. original: [':meth:`asyncio.asyncio.run_coroutine_threadsafe`', ':class:`CancelledError`', ':class:`TimeoutError`', ':class:`InvalidStateError`'], translated: [':meth:`asyncio.asyncio.run_coroutine_threadsafe`', ':class:`TimeoutError`', ':class:`InvalidStateError`'] [i18n.inconsistent_references]
/home/runner/work/dashboard/dashboard/clones/cpython/Doc/build/NEWS:7668: WARNING: inconsistent term references in translated message. original: [':mod:`ssl`'], translated: [] [i18n.inconsistent_references]
/home/runner/work/dashboard/dashboard/clones/cpython/Doc/whatsnew/changelog.rst:8162:<translated>:1: WARNING: Inline literal start-string without end-string. [docutils]
/home/runner/work/dashboard/dashboard/clones/cpython/Doc/build/NEWS:8280: WARNING: inconsistent term references in translated message. original: [':func:`functools.partial`s of :func:`repr`', ':term:`module`'], translated: [':func:`functools.partial`', ':func:`repr`', ':term:`module`'] [i18n.inconsistent_references]
/home/runner/work/dashboard/dashboard/clones/cpython/Doc/whatsnew/changelog.rst:8436:<translated>:1: WARNING: Inline literal start-string without end-string. [docutils]
/home/runner/work/dashboard/dashboard/clones/cpython/Doc/build/NEWS:8576: WARNING: inconsistent term references in translated message. original: [':func:`format`', ':class:`~decimal.Decimal`'], translated: [':class:`~decimal.Decimal`', ':func:`format`', '`INF`'] [i18n.inconsistent_references]
/home/runner/work/dashboard/dashboard/clones/cpython/Doc/build/NEWS:8583: WARNING: inconsistent term references in translated message. original: [':class:`fractions.Fraction`', ':class:`complex`'], translated: [':class:`complex`'] [i18n.inconsistent_references]
/home/runner/work/dashboard/dashboard/clones/cpython/Doc/whatsnew/changelog.rst:8750:<translated>:1: WARNING: Inline interpreted text or phrase reference start-string without end-string. [docutils]
/home/runner/work/dashboard/dashboard/clones/cpython/Doc/build/NEWS:8750: WARNING: inconsistent term references in translated message. original: [':func:`asyncio.Condition.notify`'], translated: [] [i18n.inconsistent_references]
/home/runner/work/dashboard/dashboard/clones/cpython/Doc/build/NEWS:8981: WARNING: inconsistent term references in translated message. original: [':c:func:`PyList_GetItemRef`', ':c:func:`PyList_GetItem`', ':term:`strong reference`', ':term:`borrowed reference`'], translated: [':c:func:`PyList_GetItemRef`', ':c:func:`PyList_GetItem`', ':term:`强引用`'] [i18n.inconsistent_references]
/home/runner/work/dashboard/dashboard/clones/cpython/Doc/whatsnew/changelog.rst:9103:<translated>:1: WARNING: Inline interpreted text or phrase reference start-string without end-string. [docutils]
/home/runner/work/dashboard/dashboard/clones/cpython/Doc/build/NEWS:9103: WARNING: inconsistent term references in translated message. original: [':func:`input`'], translated: [] [i18n.inconsistent_references]
/home/runner/work/dashboard/dashboard/clones/cpython/Doc/whatsnew/changelog.rst:9107:<translated>:1: WARNING: Inline literal start-string without end-string. [docutils]
/home/runner/work/dashboard/dashboard/clones/cpython/Doc/whatsnew/changelog.rst:9224:<translated>:1: WARNING: Inline literal start-string without end-string. [docutils]
/home/runner/work/dashboard/dashboard/clones/cpython/Doc/whatsnew/changelog.rst:9916:<translated>:1: WARNING: Inline literal start-string without end-string. [docutils]
/home/runner/work/dashboard/dashboard/clones/cpython/Doc/whatsnew/changelog.rst:9920:<translated>:1: ERROR: Unknown interpreted text role "suspension". [docutils]
/home/runner/work/dashboard/dashboard/clones/cpython/Doc/build/NEWS:9920: WARNING: inconsistent term references in translated message. original: [':meth:`frame.clear`'], translated: [] [i18n.inconsistent_references]
/home/runner/work/dashboard/dashboard/clones/cpython/Doc/whatsnew/changelog.rst:9959:<translated>:1: WARNING: Inline strong start-string without end-string. [docutils]
/home/runner/work/dashboard/dashboard/clones/cpython/Doc/whatsnew/changelog.rst:9959:<translated>:1: WARNING: Inline strong start-string without end-string. [docutils]
/home/runner/work/dashboard/dashboard/clones/cpython/Doc/whatsnew/changelog.rst:9980:<translated>:1: WARNING: Inline interpreted text or phrase reference start-string without end-string. [docutils]
/home/runner/work/dashboard/dashboard/clones/cpython/Doc/build/NEWS:9980: WARNING: inconsistent term references in translated message. original: [':exc:`SyntaxWarning`'], translated: [] [i18n.inconsistent_references]
/home/runner/work/dashboard/dashboard/clones/cpython/Doc/whatsnew/changelog.rst:10297:<translated>:1: WARNING: Inline literal start-string without end-string. [docutils]
/home/runner/work/dashboard/dashboard/clones/cpython/Doc/whatsnew/changelog.rst:10478:<translated>:1: WARNING: Inline literal start-string without end-string. [docutils]
/home/runner/work/dashboard/dashboard/clones/cpython/Doc/whatsnew/changelog.rst:10483:<translated>:1: WARNING: Inline interpreted text or phrase reference start-string without end-string. [docutils]
/home/runner/work/dashboard/dashboard/clones/cpython/Doc/build/NEWS:10483: WARNING: inconsistent term references in translated message. original: [':c:func:`Py_SET_REFCNT`'], translated: [] [i18n.inconsistent_references]
/home/runner/work/dashboard/dashboard/clones/cpython/Doc/whatsnew/changelog.rst:10644:<translated>:1: WARNING: Inline literal start-string without end-string. [docutils]
/home/runner/work/dashboard/dashboard/clones/cpython/Doc/whatsnew/changelog.rst:10779:<translated>:1: WARNING: Inline interpreted text or phrase reference start-string without end-string. [docutils]
/home/runner/work/dashboard/dashboard/clones/cpython/Doc/build/NEWS:10779: WARNING: inconsistent term references in translated message. original: [], translated: ['`RAISE`'] [i18n.inconsistent_references]
/home/runner/work/dashboard/dashboard/clones/cpython/Doc/whatsnew/changelog.rst:10784:<translated>:1: WARNING: Inline interpreted text or phrase reference start-string without end-string. [docutils]
/home/runner/work/dashboard/dashboard/clones/cpython/Doc/whatsnew/changelog.rst:10796:<translated>:1: WARNING: Inline interpreted text or phrase reference start-string without end-string. [docutils]
/home/runner/work/dashboard/dashboard/clones/cpython/Doc/build/NEWS:10796: WARNING: inconsistent term references in translated message. original: [], translated: ['`dir`', '`next`'] [i18n.inconsistent_references]
/home/runner/work/dashboard/dashboard/clones/cpython/Doc/whatsnew/changelog.rst:10817:<translated>:1: WARNING: Inline interpreted text or phrase reference start-string without end-string. [docutils]
/home/runner/work/dashboard/dashboard/clones/cpython/Doc/build/NEWS:10984: WARNING: inconsistent term references in translated message. original: [':opcode:`TO_BOOL`', ':opcode:`POP_JUMP_IF_TRUE`', ':opcode:`POP_JUMP_IF_FALSE`', ':opcode:`UNARY_NOT`', ':class:`bool`', ':opcode:`COMPARE_OP`'], translated: [':opcode:`TO_BOOL`', ':opcode:`POP_JUMP_IF_TRUE`', ':opcode:`POP_JUMP_IF_FALSE`', ':opcode:`UNARY_NOT`（这些现在都期望精确的 :class:`bool`', ':opcode:`COMPARE_OP`'] [i18n.inconsistent_references]
/home/runner/work/dashboard/dashboard/clones/cpython/Doc/build/NEWS:11012: WARNING: inconsistent term references in translated message. original: [':exc:`ValueError`', ':func:`asyncio.sleep`', ':func:`time.sleep`'], translated: [':func:`asyncio.sleep`', ':exc:`ValueError`（与 :func:`time.sleep`'] [i18n.inconsistent_references]
/home/runner/work/dashboard/dashboard/clones/cpython/Doc/build/NEWS:11214: WARNING: inconsistent term references in translated message. original: [':exc:`TypeError`', ':exc:`OverflowError`'], translated: [':exc:`TypeError`会被 :exc:`OverflowError`'] [i18n.inconsistent_references]
/home/runner/work/dashboard/dashboard/clones/cpython/Doc/whatsnew/changelog.rst:11645:<translated>:1: WARNING: Inline literal start-string without end-string. [docutils]
/home/runner/work/dashboard/dashboard/clones/cpython/Doc/whatsnew/changelog.rst:11681:<translated>:1: WARNING: Inline literal start-string without end-string. [docutils]
/home/runner/work/dashboard/dashboard/clones/cpython/Doc/whatsnew/changelog.rst:12340:<translated>:1: WARNING: Inline literal start-string without end-string. [docutils]
/home/runner/work/dashboard/dashboard/clones/cpython/Doc/build/NEWS:12385: WARNING: inconsistent term references in translated message. original: [], translated: ['`FreeBSD GCP镜像启用了TCP和UDP黑洞 <https://reviews.freebsd.org/D41751>`_（``sysctl net.inet.tcp.blackhole=2``'] [i18n.inconsistent_references]
/home/runner/work/dashboard/dashboard/clones/cpython/Doc/build/NEWS:12534: WARNING: inconsistent term references in translated message. original: [':option:`--with-trace-refs`', ':ref:`debug build <debug-build>`'], translated: [':option:`--with-trace-refs`（跟踪引用）构建的 Python 现在与 Python 发布构建和 :ref:`debug build <debug-build>`'] [i18n.inconsistent_references]
/home/runner/work/dashboard/dashboard/clones/cpython/Doc/whatsnew/changelog.rst:12662:<translated>:1: WARNING: Inline emphasis start-string without end-string. [docutils]
/home/runner/work/dashboard/dashboard/clones/cpython/Doc/build/NEWS:12778: WARNING: inconsistent term references in translated message. original: [':option:`--with-trace-refs`', ':ref:`Limited API <limited-c-api>`'], translated: [':option:`--with-trace-refs`（跟踪引用）构建的 Python 现在支持 :ref:`Limited API <limited-c-api>`'] [i18n.inconsistent_references]
/home/runner/work/dashboard/dashboard/clones/cpython/Doc/whatsnew/changelog.rst:12782:<translated>:1: WARNING: Inline interpreted text or phrase reference start-string without end-string. [docutils]
/home/runner/work/dashboard/dashboard/clones/cpython/Doc/build/NEWS:12864: WARNING: inconsistent term references in translated message. original: [':c:func:`PyDict_GetItemRef`', ':c:func:`PyDict_GetItemStringRef`', ':c:func:`PyDict_GetItemWithError`', ':term:`strong reference`', ':term:`borrowed reference`'], translated: [':c:func:`PyDict_GetItemRef`', ':c:func:`PyDict_GetItemStringRef`', ':c:func:`PyDict_GetItemWithError`', ':term:`强引用`'] [i18n.inconsistent_references]
/home/runner/work/dashboard/dashboard/clones/cpython/Doc/build/NEWS:12877: WARNING: inconsistent term references in translated message. original: [':c:func:`PyImport_AddModuleRef`', ':c:func:`PyImport_AddModule`', ':term:`strong reference`', ':term:`borrowed reference`'], translated: [':c:func:`PyImport_AddModuleRef`', ':c:func:`PyImport_AddModule`', ':term:`强引用`'] [i18n.inconsistent_references]
/home/runner/work/dashboard/dashboard/clones/cpython/Doc/whatsnew/changelog.rst:13141:<translated>:1: WARNING: Inline literal start-string without end-string. [docutils]
/home/runner/work/dashboard/dashboard/clones/cpython/Doc/whatsnew/changelog.rst:13303:<translated>:1: WARNING: Inline literal start-string without end-string. [docutils]
/home/runner/work/dashboard/dashboard/clones/cpython/Doc/whatsnew/changelog.rst:13534:<translated>:1: WARNING: Inline literal start-string without end-string. [docutils]
/home/runner/work/dashboard/dashboard/clones/cpython/Doc/whatsnew/changelog.rst:13566:<translated>:1: WARNING: Inline interpreted text or phrase reference start-string without end-string. [docutils]
/home/runner/work/dashboard/dashboard/clones/cpython/Doc/build/NEWS:13566: WARNING: inconsistent term references in translated message. original: [':func:`os.path.join`'], translated: [] [i18n.inconsistent_references]
/home/runner/work/dashboard/dashboard/clones/cpython/Doc/whatsnew/changelog.rst:14261:<translated>:1: WARNING: Inline strong start-string without end-string. [docutils]
/home/runner/work/dashboard/dashboard/clones/cpython/Doc/build/NEWS:14417: WARNING: inconsistent term references in translated message. original: [':class:`lzma.LZMADecompressor`', ':class:`bz2.BZ2Decompressor`', ':class:`lzma.LZMADecompressor`', ':class:`lzma.LZMACompressor`', ':class:`bz2.BZ2Compressor`', ':class:`bz2.BZ2Decompressor`'], translated: [':class:`lzma.LZMADecompressor`和 :class:`bz2.BZ2Decompressor`', ':class:`lzma.LZMADecompressor`', ':class:`lzma.LZMACompressor`', ':class:`bz2.BZ2Compressor`', ':class:`bz2.BZ2Decompressor`'] [i18n.inconsistent_references]
/home/runner/work/dashboard/dashboard/clones/cpython/Doc/whatsnew/changelog.rst:14805:<translated>:1: WARNING: Inline literal start-string without end-string. [docutils]
/home/runner/work/dashboard/dashboard/clones/cpython/Doc/build/NEWS:15017: WARNING: inconsistent term references in translated message. original: [':func:`os.walk`', ':exc:`RecursionError`', ':func:`os.walk`'], translated: [':func:`os.walk`', ':exc:`RecursionError`'] [i18n.inconsistent_references]
/home/runner/work/dashboard/dashboard/clones/cpython/Doc/build/NEWS:15094: WARNING: inconsistent term references in translated message. original: [':class:`os.PathLike`', ':class:`pathlib.Path`', ':meth:`compileall.compile_file`', ':meth:`compileall.compile_dir`'], translated: [':meth:`compileall.compile_file`', ':meth:`compileall.compile_dir`', ':class:`os.PathLike`（如 :class:`pathlib.Path`'] [i18n.inconsistent_references]
/home/runner/work/dashboard/dashboard/clones/cpython/Doc/build/NEWS:15795: WARNING: inconsistent term references in translated message. original: [':class:`array.array`', ':term:`generic type`'], translated: [':class:`array.array`'] [i18n.inconsistent_references]
/home/runner/work/dashboard/dashboard/clones/cpython/Doc/build/NEWS:15842: WARNING: inconsistent term references in translated message. original: [':class:`argparse.ArgumentParser`'], translated: ['`store_true`', ':class:`argparse.ArgumentParser`'] [i18n.inconsistent_references]
/home/runner/work/dashboard/dashboard/clones/cpython/Doc/whatsnew/changelog.rst:15962:<translated>:1: WARNING: Inline literal start-string without end-string. [docutils]
/home/runner/work/dashboard/dashboard/clones/cpython/Doc/build/NEWS:15983: WARNING: inconsistent term references in translated message. original: [':mod:`multiprocessing`', ':ref:`"forkserver" start method\n<multiprocessing-start-methods>`'], translated: [':mod:`multiprocessing`模块恢复使用基于文件系统的Unix域套接字与 *forkserver* 进程通信，而不是使用Linux抽象套接字命名空间。只有选择使用 :ref:`'] [i18n.inconsistent_references]
/home/runner/work/dashboard/dashboard/clones/cpython/Doc/whatsnew/changelog.rst:16264:<translated>:1: ERROR: Unknown interpreted text role "susp". [docutils]
/home/runner/work/dashboard/dashboard/clones/cpython/Doc/whatsnew/changelog.rst:16264:<translated>:1: ERROR: Unknown interpreted text role "susp". [docutils]
/home/runner/work/dashboard/dashboard/clones/cpython/Doc/build/NEWS:16264: WARNING: inconsistent term references in translated message. original: [':keyword:`try`', ':keyword:`except`', ':meth:`~generator.close`', ':meth:`~generator.throw`'], translated: [':keyword:`try`', ':keyword:`except`'] [i18n.inconsistent_references]
/home/runner/work/dashboard/dashboard/clones/cpython/Doc/whatsnew/changelog.rst:16268:<translated>:1: ERROR: Unknown interpreted text role "susp". [docutils]
/home/runner/work/dashboard/dashboard/clones/cpython/Doc/build/NEWS:16268: WARNING: inconsistent term references in translated message. original: [':meth:`~object.__get__`'], translated: [] [i18n.inconsistent_references]
/home/runner/work/dashboard/dashboard/clones/cpython/Doc/whatsnew/changelog.rst:16280:<translated>:1: WARNING: Inline literal start-string without end-string. [docutils]
/home/runner/work/dashboard/dashboard/clones/cpython/Doc/whatsnew/changelog.rst:16280:<translated>:1: WARNING: Inline literal start-string without end-string. [docutils]
/home/runner/work/dashboard/dashboard/clones/cpython/Doc/whatsnew/changelog.rst:16292:<translated>:1: ERROR: Unknown interpreted text role "susp". [docutils]
/home/runner/work/dashboard/dashboard/clones/cpython/Doc/whatsnew/changelog.rst:16292:<translated>:1: ERROR: Unknown interpreted text role "susp". [docutils]
/home/runner/work/dashboard/dashboard/clones/cpython/Doc/build/NEWS:16292: WARNING: inconsistent term references in translated message. original: [':class:`list`', ':meth:`str.split`', ':meth:`str.rsplit`'], translated: [':class:`list`'] [i18n.inconsistent_references]
/home/runner/work/dashboard/dashboard/clones/cpython/Doc/build/NEWS:17300: WARNING: inconsistent term references in translated message. original: [':func:`sqlite3.connect`'], translated: [] [i18n.inconsistent_references]
/home/runner/work/dashboard/dashboard/clones/cpython/Doc/whatsnew/changelog.rst:17419:<translated>:1: WARNING: Inline literal start-string without end-string. [docutils]
/home/runner/work/dashboard/dashboard/clones/cpython/Doc/whatsnew/changelog.rst:17419:<translated>:1: WARNING: Inline literal start-string without end-string. [docutils]
/home/runner/work/dashboard/dashboard/clones/cpython/Doc/whatsnew/changelog.rst:17419:<translated>:1: WARNING: Inline interpreted text or phrase reference start-string without end-string. [docutils]
/home/runner/work/dashboard/dashboard/clones/cpython/Doc/build/NEWS:17419: WARNING: inconsistent term references in translated message. original: [':class:`concurrent.futures.ProcessPoolExecutor`'], translated: [] [i18n.inconsistent_references]
/home/runner/work/dashboard/dashboard/clones/cpython/Doc/whatsnew/changelog.rst:17648:<translated>:1: WARNING: Inline interpreted text or phrase reference start-string without end-string. [docutils]
/home/runner/work/dashboard/dashboard/clones/cpython/Doc/build/NEWS:17648: WARNING: inconsistent term references in translated message. original: [':const:`errno.ENOBUFS`'], translated: [] [i18n.inconsistent_references]
/home/runner/work/dashboard/dashboard/clones/cpython/Doc/whatsnew/changelog.rst:17855:<translated>:1: WARNING: Inline literal start-string without end-string. [docutils]
/home/runner/work/dashboard/dashboard/clones/cpython/Doc/whatsnew/changelog.rst:18250:<translated>:1: WARNING: Inline literal start-string without end-string. [docutils]
/home/runner/work/dashboard/dashboard/clones/cpython/Doc/whatsnew/changelog.rst:18250:<translated>:1: WARNING: Inline target start-string without end-string. [docutils]
/home/runner/work/dashboard/dashboard/clones/cpython/Doc/whatsnew/changelog.rst:18250:<translated>:1: WARNING: Inline interpreted text or phrase reference start-string without end-string. [docutils]
/home/runner/work/dashboard/dashboard/clones/cpython/Doc/whatsnew/changelog.rst:18406:<translated>:1: WARNING: Inline interpreted text or phrase reference start-string without end-string. [docutils]
/home/runner/work/dashboard/dashboard/clones/cpython/Doc/build/NEWS:18406: WARNING: inconsistent term references in translated message. original: [':class:`typing.Text`'], translated: [] [i18n.inconsistent_references]
/home/runner/work/dashboard/dashboard/clones/cpython/Doc/build/NEWS:18450: WARNING: inconsistent term references in translated message. original: [':class:`inspect.Parameter`', ':exc:`ValueError`'], translated: [':class:`inspect.Parameter`现在会引发 :exc:`ValueError`'] [i18n.inconsistent_references]
/home/runner/work/dashboard/dashboard/clones/cpython/Doc/build/NEWS:18611: WARNING: inconsistent term references in translated message. original: [':term:`context manager`', ':class:`sqlite3.Blob`'], translated: [':class:`sqlite3.Blob`'] [i18n.inconsistent_references]
/home/runner/work/dashboard/dashboard/clones/cpython/Doc/build/NEWS:19260: WARNING: inconsistent term references in translated message. original: [':meth:`~asyncio.AbstractEventLoop.sock_sendto`', ':meth:`~asyncio.AbstractEventLoop.sock_recvfrom`', ':meth:`~asyncio.AbstractEventLoop.sock_recvfrom_into`'], translated: [':meth:`~asyncio.AbstractEventLoop.sock_sendto`', ':meth:`~asyncio.AbstractEventLoop.sock_recvfrom`和 :meth:`~asyncio.AbstractEventLoop.sock_recvfrom_into`'] [i18n.inconsistent_references]
/home/runner/work/dashboard/dashboard/clones/cpython/Doc/whatsnew/changelog.rst:19269:<translated>:1: WARNING: Inline interpreted text or phrase reference start-string without end-string. [docutils]
/home/runner/work/dashboard/dashboard/clones/cpython/Doc/build/NEWS:19269: WARNING: inconsistent term references in translated message. original: [':class:`ParamSpec`', ':class:`GenericAlias`', ':class:`Concatenate`'], translated: [':class:`GenericAlias`', ':class:`ParamSpec`'] [i18n.inconsistent_references]
/home/runner/work/dashboard/dashboard/clones/cpython/Doc/build/NEWS:19272: WARNING: inconsistent term references in translated message. original: [':ref:`sysconfig installation\nschemes <installation_paths>`', ':mod:`venv`', ':func:`sysconfig.get_default_scheme`', ':func:`sysconfig.get_preferred_scheme`'], translated: [':ref:`sysconfig安装方案 <installation_paths>`', ':mod:`venv`', ':func:`sysconfig.get_default_scheme`和 :func:`sysconfig.get_preferred_scheme`'] [i18n.inconsistent_references]
/home/runner/work/dashboard/dashboard/clones/cpython/Doc/whatsnew/changelog.rst:20190:<translated>:1: WARNING: Inline interpreted text or phrase reference start-string without end-string. [docutils]
/home/runner/work/dashboard/dashboard/clones/cpython/Doc/build/NEWS:20190: WARNING: inconsistent term references in translated message. original: [':meth:`pathlib.Path.absolute`'], translated: [] [i18n.inconsistent_references]
/home/runner/work/dashboard/dashboard/clones/cpython/Doc/build/NEWS:20782: WARNING: inconsistent term references in translated message. original: [':c:func:`PyBuffer_GetPointer`', ':c:func:`PyBuffer_FromContiguous`', ':c:func:`PyBuffer_ToContiguous`', ':c:func:`PyMemoryView_FromBuffer`', ':c:func:`PyBuffer_FromContiguous`', ':c:func:`PyBuffer_GetPointer`'], translated: [':c:func:`PyBuffer_GetPointer`', ':c:func:`PyBuffer_FromContiguous`', ':c:func:`PyBuffer_ToContiguous`和 :c:func:`PyMemoryView_FromBuffer`', ':c:func:`PyBuffer_FromContiguous`现在还将源缓冲区作为``const void *``', ':c:func:`PyBuffer_GetPointer`将步幅作为 ``const Py_ssize_t *``'] [i18n.inconsistent_references]
/home/runner/work/dashboard/dashboard/clones/cpython/Doc/build/NEWS:20790: WARNING: inconsistent term references in translated message. original: [':c:func:`PyCapsule_Import`'], translated: [] [i18n.inconsistent_references]
/home/runner/work/dashboard/dashboard/clones/cpython/Doc/whatsnew/changelog.rst:21056:<translated>:1: WARNING: Inline emphasis start-string without end-string. [docutils]
/home/runner/work/dashboard/dashboard/clones/cpython/Doc/whatsnew/changelog.rst:21745:<translated>:1: WARNING: Inline literal start-string without end-string. [docutils]
/home/runner/work/dashboard/dashboard/clones/cpython/Doc/build/NEWS:21749: WARNING: inconsistent term references in translated message. original: [':ref:`Include\nFiles <api-includes>`'], translated: [] [i18n.inconsistent_references]
/home/runner/work/dashboard/dashboard/clones/cpython/Doc/whatsnew/changelog.rst:21880:<translated>:1: WARNING: Inline literal start-string without end-string. [docutils]
/home/runner/work/dashboard/dashboard/clones/cpython/Doc/whatsnew/changelog.rst:21900:<translated>:1: WARNING: Inline literal start-string without end-string. [docutils]
/home/runner/work/dashboard/dashboard/clones/cpython/Doc/whatsnew/changelog.rst:21900:<translated>:1: WARNING: Inline literal start-string without end-string. [docutils]
/home/runner/work/dashboard/dashboard/clones/cpython/Doc/build/NEWS:21900: WARNING: inconsistent term references in translated message. original: [':func:`open`', ':func:`io.open`', ':func:`codecs.open`', ':class:`fileinput.FileInput`'], translated: [':func:`open`', ':func:`io.open`', ':func:`codecs.open`和 :class:`fileinput.FileInput`'] [i18n.inconsistent_references]
/home/runner/work/dashboard/dashboard/clones/cpython/Doc/whatsnew/changelog.rst:21910:<translated>:1: WARNING: Inline interpreted text or phrase reference start-string without end-string. [docutils]
/home/runner/work/dashboard/dashboard/clones/cpython/Doc/build/NEWS:21910: WARNING: inconsistent term references in translated message. original: [':mod:`traceback`'], translated: [] [i18n.inconsistent_references]
/home/runner/work/dashboard/dashboard/clones/cpython/Doc/whatsnew/changelog.rst:22128:<translated>:1: WARNING: Inline interpreted text or phrase reference start-string without end-string. [docutils]
/home/runner/work/dashboard/dashboard/clones/cpython/Doc/build/NEWS:22181: WARNING: inconsistent term references in translated message. original: [':exc:`TypeError`', ':exc:`AttributeError`', ':keyword:`with`', ':keyword:`async with`', ':term:`context manager`', ':term:`asynchronous context manager`'], translated: [':term:`上下文管理器`', ':keyword:`with`', ':keyword:`async with`', ':exc:`TypeError`', ':exc:`AttributeError`'] [i18n.inconsistent_references]
/home/runner/work/dashboard/dashboard/clones/cpython/Doc/whatsnew/changelog.rst:22488:<translated>:1: WARNING: Inline literal start-string without end-string. [docutils]
/home/runner/work/dashboard/dashboard/clones/cpython/Doc/whatsnew/changelog.rst:22524:<translated>:1: WARNING: Inline interpreted text or phrase reference start-string without end-string. [docutils]
/home/runner/work/dashboard/dashboard/clones/cpython/Doc/whatsnew/changelog.rst:22595:<translated>:1: WARNING: Inline literal start-string without end-string. [docutils]
/home/runner/work/dashboard/dashboard/clones/cpython/Doc/whatsnew/changelog.rst:22945:<translated>:1: WARNING: Inline interpreted text or phrase reference start-string without end-string. [docutils]
/home/runner/work/dashboard/dashboard/clones/cpython/Doc/whatsnew/changelog.rst:22945:<translated>:1: WARNING: Inline interpreted text or phrase reference start-string without end-string. [docutils]
/home/runner/work/dashboard/dashboard/clones/cpython/Doc/build/NEWS:22945: WARNING: inconsistent term references in translated message. original: [':mod:`ipaddress.IPv6Address.is_private`'], translated: [] [i18n.inconsistent_references]
/home/runner/work/dashboard/dashboard/clones/cpython/Doc/whatsnew/changelog.rst:22981:<translated>:1: WARNING: Inline literal start-string without end-string. [docutils]
/home/runner/work/dashboard/dashboard/clones/cpython/Doc/build/NEWS:23085: WARNING: inconsistent term references in translated message. original: [':meth:`subprocess.check_output`', ':exc:`ValueError`', ':exc:`TypeError`'], translated: [':meth:`subprocess.check_output`现在会引发 :exc:`ValueError`', ':exc:`TypeError`'] [i18n.inconsistent_references]
/home/runner/work/dashboard/dashboard/clones/cpython/Doc/build/NEWS:23192: WARNING: inconsistent term references in translated message. original: [':meth:`int.to_bytes`', ':meth:`int.from_bytes`'], translated: [] [i18n.inconsistent_references]
/home/runner/work/dashboard/dashboard/clones/cpython/Doc/whatsnew/changelog.rst:23217:<translated>:1: WARNING: Inline interpreted text or phrase reference start-string without end-string. [docutils]
/home/runner/work/dashboard/dashboard/clones/cpython/Doc/build/NEWS:23217: WARNING: inconsistent term references in translated message. original: [':func:`shutil.make_archive`'], translated: [] [i18n.inconsistent_references]
/home/runner/work/dashboard/dashboard/clones/cpython/Doc/whatsnew/changelog.rst:23669:<translated>:1: WARNING: Inline interpreted text or phrase reference start-string without end-string. [docutils]
/home/runner/work/dashboard/dashboard/clones/cpython/Doc/build/NEWS:23669: WARNING: inconsistent term references in translated message. original: [':c:func:`PyType_Ready`', ':c:macro:`Py_TPFLAGS_HAVE_GC`', ':c:member:`PyTypeObject.tp_traverse`'], translated: [':c:macro:`Py_TPFLAGS_HAVE_GC`', ':c:member:`PyTypeObject.tp_traverse`'] [i18n.inconsistent_references]
/home/runner/work/dashboard/dashboard/clones/cpython/Doc/whatsnew/changelog.rst:24069:<translated>:1: WARNING: Inline literal start-string without end-string. [docutils]
/home/runner/work/dashboard/dashboard/clones/cpython/Doc/whatsnew/changelog.rst:24545:<translated>:1: WARNING: Inline interpreted text or phrase reference start-string without end-string. [docutils]
/home/runner/work/dashboard/dashboard/clones/cpython/Doc/build/NEWS:24545: WARNING: inconsistent term references in translated message. original: [':class:`xmlrpc.client.ServerProxy`'], translated: [] [i18n.inconsistent_references]
/home/runner/work/dashboard/dashboard/clones/cpython/Doc/build/NEWS:24548: WARNING: inconsistent term references in translated message. original: [':meth:`~array.array.index`', ':class:`array.array`'], translated: [':class:`array.array`的 :meth:`~array.array.index`'] [i18n.inconsistent_references]
/home/runner/work/dashboard/dashboard/clones/cpython/Doc/whatsnew/changelog.rst:24551:<translated>:1: WARNING: Inline literal start-string without end-string. [docutils]
/home/runner/work/dashboard/dashboard/clones/cpython/Doc/build/NEWS:24889: WARNING: inconsistent term references in translated message. original: [':mod:`readline`'], translated: [] [i18n.inconsistent_references]
/home/runner/work/dashboard/dashboard/clones/cpython/Doc/whatsnew/changelog.rst:24925:<translated>:1: WARNING: Inline literal start-string without end-string. [docutils]
/home/runner/work/dashboard/dashboard/clones/cpython/Doc/whatsnew/changelog.rst:25063:<translated>:1: WARNING: Inline interpreted text or phrase reference start-string without end-string. [docutils]
/home/runner/work/dashboard/dashboard/clones/cpython/Doc/build/NEWS:25063: WARNING: inconsistent term references in translated message. original: [':c:func:`PyCFunction_New`'], translated: [] [i18n.inconsistent_references]
/home/runner/work/dashboard/dashboard/clones/cpython/Doc/whatsnew/changelog.rst:25096:<translated>:1: WARNING: Inline literal start-string without end-string. [docutils]
/home/runner/work/dashboard/dashboard/clones/cpython/Doc/whatsnew/changelog.rst:25097:<translated>:1: WARNING: Inline literal start-string without end-string. [docutils]
/home/runner/work/dashboard/dashboard/clones/cpython/Doc/build/NEWS:25206: WARNING: inconsistent term references in translated message. original: [], translated: ['`__init_subclass__`'] [i18n.inconsistent_references]
/home/runner/work/dashboard/dashboard/clones/cpython/Doc/build/NEWS:25208: WARNING: inconsistent term references in translated message. original: [], translated: ['`_json`'] [i18n.inconsistent_references]
/home/runner/work/dashboard/dashboard/clones/cpython/Doc/build/NEWS:25219: WARNING: inconsistent term references in translated message. original: [], translated: ['`bdist_wininst`', '`bdist_wheel`'] [i18n.inconsistent_references]
/home/runner/work/dashboard/dashboard/clones/cpython/Doc/build/NEWS:25223: WARNING: inconsistent term references in translated message. original: [], translated: ['`sqlite3.enable_shared_cache`'] [i18n.inconsistent_references]
/home/runner/work/dashboard/dashboard/clones/cpython/Doc/whatsnew/changelog.rst:25894:<translated>:1: WARNING: Inline literal start-string without end-string. [docutils]
/home/runner/work/dashboard/dashboard/clones/cpython/Doc/whatsnew/changelog.rst:25960:<translated>:1: WARNING: Inline literal start-string without end-string. [docutils]
/home/runner/work/dashboard/dashboard/clones/cpython/Doc/build/NEWS:25998: WARNING: inconsistent term references in translated message. original: [':func:`traceback.format_exception`', ':func:`traceback.format_exception_only`', ':func:`traceback.print_exception`'], translated: [':func:`traceback.format_exception`', ':func:`traceback.format_exception_only`和 :func:`traceback.print_exception`'] [i18n.inconsistent_references]
/home/runner/work/dashboard/dashboard/clones/cpython/Doc/whatsnew/changelog.rst:26011:<translated>:1: WARNING: Inline interpreted text or phrase reference start-string without end-string. [docutils]
/home/runner/work/dashboard/dashboard/clones/cpython/Doc/build/NEWS:26011: WARNING: inconsistent term references in translated message. original: [':meth:`pprint.PrettyPrinter.format`', ':func:`pprint._safe_repr`'], translated: [':meth:`pprint.PrettyPrinter.format`'] [i18n.inconsistent_references]
/home/runner/work/dashboard/dashboard/clones/cpython/Doc/build/NEWS:26525: WARNING: inconsistent term references in translated message. original: [':term:`classes <class>`', ':term:`types <type>`', ':meth:`__class_getitem__`'], translated: [':term:`类 <class>`和 :term:`类型 <type>`', ':meth:`__class_getitem__`'] [i18n.inconsistent_references]
/home/runner/work/dashboard/dashboard/clones/cpython/Doc/whatsnew/changelog.rst:26558:<translated>:1: WARNING: Inline literal start-string without end-string. [docutils]
/home/runner/work/dashboard/dashboard/clones/cpython/Doc/build/NEWS:27064: WARNING: inconsistent term references in translated message. original: [':term:`iterator`', ':class:`memoryview`'], translated: [':class:`memoryview`'] [i18n.inconsistent_references]
/home/runner/work/dashboard/dashboard/clones/cpython/Doc/build/NEWS:27066: WARNING: inconsistent term references in translated message. original: [':meth:`turtle.Vec2D.__rmul__`'], translated: [] [i18n.inconsistent_references]
/home/runner/work/dashboard/dashboard/clones/cpython/Doc/build/NEWS:27082: WARNING: inconsistent term references in translated message. original: [':exc:`~sqlite3.ProgrammingError`', ':mod:`sqlite3`'], translated: [':mod:`sqlite3`中对于缺少参数的 :exc:`~sqlite3.ProgrammingError`'] [i18n.inconsistent_references]
/home/runner/work/dashboard/dashboard/clones/cpython/Doc/whatsnew/changelog.rst:27099:<translated>:1: WARNING: Inline interpreted text or phrase reference start-string without end-string. [docutils]
/home/runner/work/dashboard/dashboard/clones/cpython/Doc/build/NEWS:27099: WARNING: inconsistent term references in translated message. original: [':meth:`asyncio.wait_for`'], translated: [] [i18n.inconsistent_references]
/home/runner/work/dashboard/dashboard/clones/cpython/Doc/whatsnew/changelog.rst:27326:<translated>:1: WARNING: Inline interpreted text or phrase reference start-string without end-string. [docutils]
/home/runner/work/dashboard/dashboard/clones/cpython/Doc/build/NEWS:27326: WARNING: inconsistent term references in translated message. original: [':func:`hashlib.compare_digest`'], translated: [] [i18n.inconsistent_references]
/home/runner/work/dashboard/dashboard/clones/cpython/Doc/whatsnew/changelog.rst:27481:<translated>:1: ERROR: invalid PEP number 604`（允许将联合类型写作 ``X | Y` [docutils]
/home/runner/work/dashboard/dashboard/clones/cpython/Doc/whatsnew/changelog.rst:27577:<translated>:1: WARNING: Inline literal start-string without end-string. [docutils]
/home/runner/work/dashboard/dashboard/clones/cpython/Doc/whatsnew/changelog.rst:27589:<translated>:1: WARNING: Inline interpreted text or phrase reference start-string without end-string. [docutils]
/home/runner/work/dashboard/dashboard/clones/cpython/Doc/build/NEWS:27589: WARNING: inconsistent term references in translated message. original: [':mod:`zoneinfo`'], translated: [] [i18n.inconsistent_references]
/home/runner/work/dashboard/dashboard/clones/cpython/Doc/whatsnew/changelog.rst:28109:<translated>:1: WARNING: Inline literal start-string without end-string. [docutils]
/home/runner/work/dashboard/dashboard/clones/cpython/Doc/build/NEWS:28573: WARNING: inconsistent term references in translated message. original: [':c:func:`PyObject_New`', ':c:func:`PyObject_NewVar`', ':c:member:`PyTypeObject.tp_basicsize`'], translated: [':c:func:`PyObject_New`', ':c:member:`PyTypeObject.tp_basicsize`'] [i18n.inconsistent_references]
/home/runner/work/dashboard/dashboard/clones/cpython/Doc/build/NEWS:29085: WARNING: inconsistent term references in translated message. original: [':c:member:`~PyModuleDef.m_traverse`', ':c:member:`~PyModuleDef.m_clear`', ':c:member:`~PyModuleDef.m_free`', ':c:type:`PyModuleDef`', ':c:data:`Py_mod_exec`', ':c:member:`~PyModuleDef.m_size`', ':c:func:`PyModule_GetState`'], translated: [':c:member:`~PyModuleDef.m_traverse`', ':c:member:`~PyModuleDef.m_clear`', ':c:member:`~PyModuleDef.m_free`', ':c:data:`Py_mod_exec`', ':c:member:`~PyModuleDef.m_size`', ':c:func:`PyModule_GetState`'] [i18n.inconsistent_references]
/home/runner/work/dashboard/dashboard/clones/cpython/Doc/build/NEWS:29191: WARNING: inconsistent term references in translated message. original: [':class:`dict`', ':class:`collections.UserDict`'], translated: [':class:`dict`（和 :class:`collections.UserDict`'] [i18n.inconsistent_references]
/home/runner/work/dashboard/dashboard/clones/cpython/Doc/whatsnew/changelog.rst:29242:<translated>:1: WARNING: Inline literal start-string without end-string. [docutils]
/home/runner/work/dashboard/dashboard/clones/cpython/Doc/build/NEWS:29675: WARNING: inconsistent term references in translated message. original: [], translated: ['`38871`', '`:mod:`'] [i18n.inconsistent_references]
/home/runner/work/dashboard/dashboard/clones/cpython/Doc/build/NEWS:29678: WARNING: inconsistent term references in translated message. original: [], translated: ['`39142`'] [i18n.inconsistent_references]
/home/runner/work/dashboard/dashboard/clones/cpython/Doc/build/NEWS:29684: WARNING: inconsistent term references in translated message. original: [], translated: ['`39158`'] [i18n.inconsistent_references]
/home/runner/work/dashboard/dashboard/clones/cpython/Doc/build/NEWS:29686: WARNING: inconsistent term references in translated message. original: [], translated: ['`39129`'] [i18n.inconsistent_references]
/home/runner/work/dashboard/dashboard/clones/cpython/Doc/build/NEWS:29688: WARNING: inconsistent term references in translated message. original: [':func:`urllib.request.proxy_bypass_environment`'], translated: ['`39057`', ':func:`urllib.request.proxy_bypass_environment`'] [i18n.inconsistent_references]
/home/runner/work/dashboard/dashboard/clones/cpython/Doc/build/NEWS:29691: WARNING: inconsistent term references in translated message. original: [], translated: ['`39056`'] [i18n.inconsistent_references]
/home/runner/work/dashboard/dashboard/clones/cpython/Doc/build/NEWS:29694: WARNING: inconsistent term references in translated message. original: [':func:`base64.b64decode`'], translated: ['`39055`', ':func:`base64.b64decode`'] [i18n.inconsistent_references]
/home/runner/work/dashboard/dashboard/clones/cpython/Doc/build/NEWS:29697: WARNING: inconsistent term references in translated message. original: [':func:`mock.patch.stopall`', ':func:`mock.patch.dict`'], translated: ['`21600`', ':func:`mock.patch.stopall`', ':func:`mock.patch.dict`'] [i18n.inconsistent_references]
/home/runner/work/dashboard/dashboard/clones/cpython/Doc/build/NEWS:29700: WARNING: inconsistent term references in translated message. original: [':class:`tempfile.SpooledTemporaryFile`'], translated: ['`39019`', ':class:`tempfile.SpooledTemporaryFile`'] [i18n.inconsistent_references]
/home/runner/work/dashboard/dashboard/clones/cpython/Doc/build/NEWS:29703: WARNING: inconsistent term references in translated message. original: [], translated: ['`39019`'] [i18n.inconsistent_references]
/home/runner/work/dashboard/dashboard/clones/cpython/Doc/build/NEWS:29706: WARNING: inconsistent term references in translated message. original: [], translated: ['`38914`'] [i18n.inconsistent_references]
/home/runner/work/dashboard/dashboard/clones/cpython/Doc/build/NEWS:29712: WARNING: inconsistent term references in translated message. original: [':class:`os.PathLike`'], translated: ['`38878`', ':class:`os.PathLike`'] [i18n.inconsistent_references]
/home/runner/work/dashboard/dashboard/clones/cpython/Doc/whatsnew/changelog.rst:30037:<translated>:1: WARNING: Inline literal start-string without end-string. [docutils]
/home/runner/work/dashboard/dashboard/clones/cpython/Doc/whatsnew/changelog.rst:30037:<translated>:1: WARNING: Inline literal start-string without end-string. [docutils]
/home/runner/work/dashboard/dashboard/clones/cpython/Doc/build/NEWS:30263: WARNING: inconsistent term references in translated message. original: [':class:`bytes`', ':class:`bytearray`'], translated: [':class:`bytes`和 :class:`bytearray`'] [i18n.inconsistent_references]
/home/runner/work/dashboard/dashboard/clones/cpython/Doc/whatsnew/changelog.rst:30488:<translated>:1: WARNING: Inline literal start-string without end-string. [docutils]
/home/runner/work/dashboard/dashboard/clones/cpython/Doc/whatsnew/changelog.rst:30488:<translated>:1: WARNING: Inline literal start-string without end-string. [docutils]
/home/runner/work/dashboard/dashboard/clones/cpython/Doc/whatsnew/changelog.rst:31109:<translated>:1: WARNING: Inline literal start-string without end-string. [docutils]
/home/runner/work/dashboard/dashboard/clones/cpython/Doc/whatsnew/changelog.rst:31355:<translated>:1: WARNING: Inline interpreted text or phrase reference start-string without end-string. [docutils]
/home/runner/work/dashboard/dashboard/clones/cpython/Doc/whatsnew/changelog.rst:31521:<translated>:1: WARNING: Inline literal start-string without end-string. [docutils]
/home/runner/work/dashboard/dashboard/clones/cpython/Doc/build/NEWS:31809: WARNING: inconsistent term references in translated message. original: [':func:`os.readlink`', ':func:`~os.path.realpath`'], translated: [':func:`os.readlink`（或间接通过 :func:`~os.path.realpath`'] [i18n.inconsistent_references]
/home/runner/work/dashboard/dashboard/clones/cpython/Doc/whatsnew/changelog.rst:31866:<translated>:1: WARNING: Inline interpreted text or phrase reference start-string without end-string. [docutils]
/home/runner/work/dashboard/dashboard/clones/cpython/Doc/build/NEWS:31866: WARNING: inconsistent term references in translated message. original: [':func:`os.dup`'], translated: [] [i18n.inconsistent_references]
/home/runner/work/dashboard/dashboard/clones/cpython/Doc/whatsnew/changelog.rst:32047:<translated>:1: WARNING: Inline interpreted text or phrase reference start-string without end-string. [docutils]
/home/runner/work/dashboard/dashboard/clones/cpython/Doc/build/NEWS:32047: WARNING: inconsistent term references in translated message. original: [':class:`weakref.proxy`'], translated: [] [i18n.inconsistent_references]
/home/runner/work/dashboard/dashboard/clones/cpython/Doc/whatsnew/changelog.rst:32128:<translated>:1: WARNING: Inline literal start-string without end-string. [docutils]
/home/runner/work/dashboard/dashboard/clones/cpython/Doc/whatsnew/changelog.rst:32168:<translated>:1: WARNING: Inline emphasis start-string without end-string. [docutils]
/home/runner/work/dashboard/dashboard/clones/cpython/Doc/whatsnew/changelog.rst:32189:<translated>:1: WARNING: Inline literal start-string without end-string. [docutils]
/home/runner/work/dashboard/dashboard/clones/cpython/Doc/whatsnew/changelog.rst:32189:<translated>:1: WARNING: Inline literal start-string without end-string. [docutils]
/home/runner/work/dashboard/dashboard/clones/cpython/Doc/whatsnew/changelog.rst:32204:<translated>:1: WARNING: Inline literal start-string without end-string. [docutils]
/home/runner/work/dashboard/dashboard/clones/cpython/Doc/whatsnew/changelog.rst:32299:<translated>:1: WARNING: Inline literal start-string without end-string. [docutils]
/home/runner/work/dashboard/dashboard/clones/cpython/Doc/whatsnew/changelog.rst:32648:<translated>:1: WARNING: Inline literal start-string without end-string. [docutils]
/home/runner/work/dashboard/dashboard/clones/cpython/Doc/whatsnew/changelog.rst:32713:<translated>:1: WARNING: Inline literal start-string without end-string. [docutils]
/home/runner/work/dashboard/dashboard/clones/cpython/Doc/whatsnew/changelog.rst:32713:<translated>:1: WARNING: Inline literal start-string without end-string. [docutils]
/home/runner/work/dashboard/dashboard/clones/cpython/Doc/whatsnew/changelog.rst:32956:<translated>:1: WARNING: Inline interpreted text or phrase reference start-string without end-string. [docutils]
/home/runner/work/dashboard/dashboard/clones/cpython/Doc/build/NEWS:33039: WARNING: inconsistent term references in translated message. original: [':func:`shutil.which`', ':data:`os.defpath`', ':data:`os.defpath`'], translated: [':func:`shutil.which`', ':data:`os.defpath`'] [i18n.inconsistent_references]
/home/runner/work/dashboard/dashboard/clones/cpython/Doc/whatsnew/changelog.rst:33504:<translated>:1: WARNING: Inline interpreted text or phrase reference start-string without end-string. [docutils]
/home/runner/work/dashboard/dashboard/clones/cpython/Doc/whatsnew/changelog.rst:33504:<translated>:1: WARNING: Inline literal start-string without end-string. [docutils]
/home/runner/work/dashboard/dashboard/clones/cpython/Doc/build/NEWS:33504: WARNING: inconsistent term references in translated message. original: [':func:`pickle.load`', ':func:`marshal.load`'], translated: [':func:`pickle.load`'] [i18n.inconsistent_references]
/home/runner/work/dashboard/dashboard/clones/cpython/Doc/whatsnew/changelog.rst:33562:<translated>:1: WARNING: Inline interpreted text or phrase reference start-string without end-string. [docutils]
/home/runner/work/dashboard/dashboard/clones/cpython/Doc/whatsnew/changelog.rst:33604:<translated>:1: WARNING: Inline literal start-string without end-string. [docutils]
/home/runner/work/dashboard/dashboard/clones/cpython/Doc/whatsnew/changelog.rst:33879:<translated>:1: WARNING: Inline interpreted text or phrase reference start-string without end-string. [docutils]
/home/runner/work/dashboard/dashboard/clones/cpython/Doc/build/NEWS:33879: WARNING: inconsistent term references in translated message. original: [':func:`re.search`', ':func:`re.findall`', ':func:`re.sub`'], translated: [':func:`re.search`', ':func:`re.findall`'] [i18n.inconsistent_references]
/home/runner/work/dashboard/dashboard/clones/cpython/Doc/build/NEWS:33892: WARNING: inconsistent term references in translated message. original: [':class:`datetime.datetime`', ':class:`datetime.timedelta`', ':class:`datetime.datetime`', ':meth:`datetime.datetime.astimezone`', ':meth:`datetime.datetime.now`', ':meth:`datetime.fromtimestamp`'], translated: [':class:`datetime.datetime`', ':class:`datetime.timedelta`', ':class:`datetime.datetime`', ':meth:`datetime.datetime.astimezone`和替代构造函数如 :meth:`datetime.datetime.now`', ':meth:`datetime.fromtimestamp`'] [i18n.inconsistent_references]
/home/runner/work/dashboard/dashboard/clones/cpython/Doc/whatsnew/changelog.rst:34037:<translated>:1: WARNING: Inline literal start-string without end-string. [docutils]
/home/runner/work/dashboard/dashboard/clones/cpython/Doc/whatsnew/changelog.rst:34117:<translated>:1: WARNING: Inline interpreted text or phrase reference start-string without end-string. [docutils]
/home/runner/work/dashboard/dashboard/clones/cpython/Doc/whatsnew/changelog.rst:34232:<translated>:1: WARNING: Inline literal start-string without end-string. [docutils]
/home/runner/work/dashboard/dashboard/clones/cpython/Doc/build/NEWS:34519: WARNING: inconsistent term references in translated message. original: [], translated: ['`x in [a, b]`和`for x in [a, b]`'] [i18n.inconsistent_references]
/home/runner/work/dashboard/dashboard/clones/cpython/Doc/build/NEWS:34866: WARNING: inconsistent term references in translated message. original: [':meth:`socketserver.BaseServer.serve_forever`', ':meth:`~socketserver.BaseServer.shutdown`'], translated: [':meth:`~socketserver.BaseServer.shutdown`'] [i18n.inconsistent_references]
/home/runner/work/dashboard/dashboard/clones/cpython/Doc/whatsnew/changelog.rst:34874:<translated>:1: WARNING: Inline literal start-string without end-string. [docutils]
/home/runner/work/dashboard/dashboard/clones/cpython/Doc/whatsnew/changelog.rst:34956:<translated>:1: WARNING: Inline emphasis start-string without end-string. [docutils]
/home/runner/work/dashboard/dashboard/clones/cpython/Doc/build/NEWS:35085: WARNING: inconsistent term references in translated message. original: [':func:`~unittest.addModuleCleanup`', ':meth:`~unittest.TestCase.addClassCleanup`', ':func:`~unittest.setUpModule`', ':meth:`~unittest.TestCase.setUpClass`'], translated: [':func:`~unittest.addModuleCleanup`和 :meth:`~unittest.TestCase.addClassCleanup`', ':func:`~unittest.setUpModule`', ':meth:`~unittest.TestCase.setUpClass`'] [i18n.inconsistent_references]
/home/runner/work/dashboard/dashboard/clones/cpython/Doc/whatsnew/changelog.rst:35126:<translated>:1: WARNING: Inline literal start-string without end-string. [docutils]
/home/runner/work/dashboard/dashboard/clones/cpython/Doc/build/NEWS:35141: WARNING: inconsistent term references in translated message. original: [':exc:`ValueError`', ':meth:`multiprocessing.Queue.put`', ':meth:`multiprocessing.Queue.get`', ':exc:`AssertionError`', ':exc:`OSError`'], translated: [':meth:`multiprocessing.Queue.put`和 :meth:`multiprocessing.Queue.get`', ':exc:`ValueError`', ':exc:`AssertionError`', ':exc:`OSError`'] [i18n.inconsistent_references]
/home/runner/work/dashboard/dashboard/clones/cpython/Doc/whatsnew/changelog.rst:35368:<translated>:1: WARNING: Inline interpreted text or phrase reference start-string without end-string. [docutils]
/home/runner/work/dashboard/dashboard/clones/cpython/Doc/build/NEWS:35368: WARNING: inconsistent term references in translated message. original: [':func:`os.readv`', ':func:`os.writev`', ':func:`os.preadv`', ':func:`os.pwritev`', ':func:`os.sendfile`'], translated: [':func:`os.readv`', ':func:`os.writev`', ':func:`os.preadv`', ':func:`os.pwritev`'] [i18n.inconsistent_references]
/home/runner/work/dashboard/dashboard/clones/cpython/Doc/whatsnew/changelog.rst:35866:<translated>:1: WARNING: Inline interpreted text or phrase reference start-string without end-string. [docutils]
/home/runner/work/dashboard/dashboard/clones/cpython/Doc/build/NEWS:35866: WARNING: inconsistent term references in translated message. original: [':mod:`ipaddress`', ':meth:`hosts`'], translated: [':mod:`ipaddress`'] [i18n.inconsistent_references]
/home/runner/work/dashboard/dashboard/clones/cpython/Doc/build/NEWS:36079: WARNING: inconsistent term references in translated message. original: [':class:`sqlite3.Connection`', ':class:`~sqlite3.Connection.backup`'], translated: [':class:`sqlite3.Connection`现在公开了一个 :class:`~sqlite3.Connection.backup`'] [i18n.inconsistent_references]
/home/runner/work/dashboard/dashboard/clones/cpython/Doc/whatsnew/changelog.rst:36107:<translated>:1: WARNING: Inline literal start-string without end-string. [docutils]
/home/runner/work/dashboard/dashboard/clones/cpython/Doc/build/NEWS:36839: WARNING: inconsistent term references in translated message. original: [':envvar:`IDLESTARTUP`', ':envvar:`PYTHONSTARTUP`'], translated: [] [i18n.inconsistent_references]
/home/runner/work/dashboard/dashboard/clones/cpython/Doc/whatsnew/changelog.rst:36934:<translated>:1: WARNING: Inline interpreted text or phrase reference start-string without end-string. [docutils]
/home/runner/work/dashboard/dashboard/clones/cpython/Doc/build/NEWS:36934: WARNING: inconsistent term references in translated message. original: [':c:func:`Py_FinalizeEx()`'], translated: [] [i18n.inconsistent_references]
/home/runner/work/dashboard/dashboard/clones/cpython/Doc/whatsnew/changelog.rst:37614:<translated>:1: WARNING: Inline interpreted text or phrase reference start-string without end-string. [docutils]
/home/runner/work/dashboard/dashboard/clones/cpython/Doc/build/NEWS:37614: WARNING: inconsistent term references in translated message. original: [':mod:`ipaddress`', ':meth:`hosts`'], translated: [':mod:`ipaddress`'] [i18n.inconsistent_references]
/home/runner/work/dashboard/dashboard/clones/cpython/Doc/build/NEWS:37641: WARNING: inconsistent term references in translated message. original: [':class:`sqlite3.Connection`', ':class:`~sqlite3.Connection.backup`'], translated: [':class:`sqlite3.Connection`现在公开了一个 :class:`~sqlite3.Connection.backup`'] [i18n.inconsistent_references]
/home/runner/work/dashboard/dashboard/clones/cpython/Doc/build/NEWS:37698: WARNING: inconsistent term references in translated message. original: [':envvar:`IDLESTARTUP`', ':envvar:`PYTHONSTARTUP`'], translated: [] [i18n.inconsistent_references]
/home/runner/work/dashboard/dashboard/clones/cpython/Doc/whatsnew/changelog.rst:38370:<translated>:1: WARNING: Inline interpreted text or phrase reference start-string without end-string. [docutils]
/home/runner/work/dashboard/dashboard/clones/cpython/Doc/whatsnew/changelog.rst:38595:<translated>:1: WARNING: Inline emphasis start-string without end-string. [docutils]
/home/runner/work/dashboard/dashboard/clones/cpython/Doc/build/NEWS:38885: WARNING: inconsistent term references in translated message. original: [':const:`time.CLOCK_BOOTTIME`', ':const:`time.CLOCK_PROF`', ':const:`time.CLOCK_UPTIME`'], translated: [':const:`time.CLOCK_BOOTTIME`', ':const:`time.CLOCK_PROF`和 :const:`time.CLOCK_UPTIME`'] [i18n.inconsistent_references]
/home/runner/work/dashboard/dashboard/clones/cpython/Doc/build/NEWS:38994: WARNING: inconsistent term references in translated message. original: [], translated: ['`sqlite3.Cursor.close()`', '`Cursor`'] [i18n.inconsistent_references]
/home/runner/work/dashboard/dashboard/clones/cpython/Doc/build/NEWS:39022: WARNING: inconsistent term references in translated message. original: [], translated: ['`select`', '`poll.poll([timeout])`'] [i18n.inconsistent_references]
/home/runner/work/dashboard/dashboard/clones/cpython/Doc/build/NEWS:39032: WARNING: inconsistent term references in translated message. original: [], translated: ['`create_datagram_endpoint`'] [i18n.inconsistent_references]
/home/runner/work/dashboard/dashboard/clones/cpython/Doc/whatsnew/changelog.rst:39552:<translated>:1: WARNING: Inline literal start-string without end-string. [docutils]
/home/runner/work/dashboard/dashboard/clones/cpython/Doc/whatsnew/changelog.rst:39607:<translated>:1: WARNING: Inline interpreted text or phrase reference start-string without end-string. [docutils]
/home/runner/work/dashboard/dashboard/clones/cpython/Doc/build/NEWS:39807: WARNING: inconsistent term references in translated message. original: [':func:`sys.setprofile`', ':mod:`cProfile`', ':mod:`profile`'], translated: [':func:`sys.setprofile`', ':mod:`cProfile`或 :mod:`profile`'] [i18n.inconsistent_references]
/home/runner/work/dashboard/dashboard/clones/cpython/Doc/whatsnew/changelog.rst:40345:<translated>:1: WARNING: Inline literal start-string without end-string. [docutils]
/home/runner/work/dashboard/dashboard/clones/cpython/Doc/whatsnew/changelog.rst:40530:<translated>:1: WARNING: Inline interpreted text or phrase reference start-string without end-string. [docutils]
/home/runner/work/dashboard/dashboard/clones/cpython/Doc/build/NEWS:40530: WARNING: inconsistent term references in translated message. original: [':const:`socket.TCP_NOTSENT_LOWAT`'], translated: [] [i18n.inconsistent_references]
/home/runner/work/dashboard/dashboard/clones/cpython/Doc/whatsnew/changelog.rst:41133:<translated>:1: WARNING: Inline literal start-string without end-string. [docutils]
/home/runner/work/dashboard/dashboard/clones/cpython/Doc/whatsnew/changelog.rst:41440:<translated>:1: WARNING: Inline literal start-string without end-string. [docutils]
/home/runner/work/dashboard/dashboard/clones/cpython/Doc/whatsnew/changelog.rst:41440:<translated>:1: WARNING: Inline literal start-string without end-string. [docutils]
/home/runner/work/dashboard/dashboard/clones/cpython/Doc/whatsnew/changelog.rst:41481:<translated>:1: WARNING: Inline interpreted text or phrase reference start-string without end-string. [docutils]
/home/runner/work/dashboard/dashboard/clones/cpython/Doc/whatsnew/changelog.rst:41725:<translated>:1: WARNING: Inline interpreted text or phrase reference start-string without end-string. [docutils]
/home/runner/work/dashboard/dashboard/clones/cpython/Doc/build/NEWS:41725: WARNING: inconsistent term references in translated message. original: [':mod:`ipaddress`', ':meth:`hosts`'], translated: [':mod:`ipaddress`'] [i18n.inconsistent_references]
/home/runner/work/dashboard/dashboard/clones/cpython/Doc/build/NEWS:42178: WARNING: inconsistent term references in translated message. original: [':envvar:`IDLESTARTUP`', ':envvar:`PYTHONSTARTUP`'], translated: [] [i18n.inconsistent_references]
/home/runner/work/dashboard/dashboard/clones/cpython/Doc/build/NEWS:42442: WARNING: inconsistent term references in translated message. original: [], translated: ['`sqlite3.Cursor.close()`', '`Cursor`'] [i18n.inconsistent_references]
/home/runner/work/dashboard/dashboard/clones/cpython/Doc/build/NEWS:42488: WARNING: inconsistent term references in translated message. original: [], translated: ['`select`', '`poll.poll([timeout])`'] [i18n.inconsistent_references]
/home/runner/work/dashboard/dashboard/clones/cpython/Doc/whatsnew/changelog.rst:42722:<translated>:1: WARNING: Inline literal start-string without end-string. [docutils]
/home/runner/work/dashboard/dashboard/clones/cpython/Doc/whatsnew/changelog.rst:43104:<translated>:1: WARNING: Inline literal start-string without end-string. [docutils]
/home/runner/work/dashboard/dashboard/clones/cpython/Doc/whatsnew/changelog.rst:43104:<translated>:1: WARNING: Inline literal start-string without end-string. [docutils]
/home/runner/work/dashboard/dashboard/clones/cpython/Doc/whatsnew/changelog.rst:43120:<translated>:1: WARNING: Inline interpreted text or phrase reference start-string without end-string. [docutils]
/home/runner/work/dashboard/dashboard/clones/cpython/Doc/whatsnew/changelog.rst:43310:<translated>:1: WARNING: Inline literal start-string without end-string. [docutils]
/home/runner/work/dashboard/dashboard/clones/cpython/Doc/whatsnew/changelog.rst:43456:<translated>:1: WARNING: Inline literal start-string without end-string. [docutils]
/home/runner/work/dashboard/dashboard/clones/cpython/Doc/whatsnew/changelog.rst:43760:<translated>:1: WARNING: Inline interpreted text or phrase reference start-string without end-string. [docutils]
/home/runner/work/dashboard/dashboard/clones/cpython/Doc/whatsnew/changelog.rst:45017:<translated>:1: WARNING: Inline interpreted text or phrase reference start-string without end-string. [docutils]
/home/runner/work/dashboard/dashboard/clones/cpython/Doc/whatsnew/changelog.rst:45110:<translated>:1: WARNING: Inline interpreted text or phrase reference start-string without end-string. [docutils]
/home/runner/work/dashboard/dashboard/clones/cpython/Doc/whatsnew/changelog.rst:45519:<translated>:1: WARNING: Inline interpreted text or phrase reference start-string without end-string. [docutils]
/home/runner/work/dashboard/dashboard/clones/cpython/Doc/whatsnew/changelog.rst:45699:<translated>:1: WARNING: Inline interpreted text or phrase reference start-string without end-string. [docutils]
/home/runner/work/dashboard/dashboard/clones/cpython/Doc/whatsnew/changelog.rst:45767:<translated>:1: WARNING: Inline literal start-string without end-string. [docutils]
/home/runner/work/dashboard/dashboard/clones/cpython/Doc/whatsnew/changelog.rst:45767:<translated>:1: WARNING: Inline emphasis start-string without end-string. [docutils]
/home/runner/work/dashboard/dashboard/clones/cpython/Doc/whatsnew/changelog.rst:45838:<translated>:1: WARNING: Inline literal start-string without end-string. [docutils]
/home/runner/work/dashboard/dashboard/clones/cpython/Doc/whatsnew/changelog.rst:47247:<translated>:1: WARNING: Inline literal start-string without end-string. [docutils]
/home/runner/work/dashboard/dashboard/clones/cpython/Doc/whatsnew/changelog.rst:47441:<translated>:1: WARNING: Inline literal start-string without end-string. [docutils]
/home/runner/work/dashboard/dashboard/clones/cpython/Doc/whatsnew/changelog.rst:48352:<translated>:1: WARNING: Inline interpreted text or phrase reference start-string without end-string. [docutils]
/home/runner/work/dashboard/dashboard/clones/cpython/Doc/whatsnew/changelog.rst:51438:<translated>:1: WARNING: Inline literal start-string without end-string. [docutils]
/home/runner/work/dashboard/dashboard/clones/cpython/Doc/c-api/init.rst:979: WARNING: Lexing literal_block '将线程状态保存到一个局部变量中。\n... 执行某些阻塞式的 I/O 操作 ...\n从局部变量中恢复线程状态。' as "c" resulted in an error at token: '。'. Retrying in relaxed mode. [misc.highlighting_failure]
/home/runner/work/dashboard/dashboard/clones/cpython/Doc/whatsnew/changelog.rst:53:<translated>:1: WARNING: term not in glossary: '自由线程' [ref.term]
/home/runner/work/dashboard/dashboard/clones/cpython/Doc/whatsnew/changelog.rst:154:<translated>:1: WARNING: term not in glossary: '自由线程' [ref.term]
/home/runner/work/dashboard/dashboard/clones/cpython/Doc/whatsnew/changelog.rst:242:<translated>:1: WARNING: term not in glossary: '自由线程' [ref.term]
/home/runner/work/dashboard/dashboard/clones/cpython/Doc/whatsnew/changelog.rst:362:<translated>:1: WARNING: term not in glossary: '自由线程' [ref.term]
/home/runner/work/dashboard/dashboard/clones/cpython/Doc/whatsnew/changelog.rst:410:<translated>:1: WARNING: term not in glossary: '迭代器' [ref.term]
/home/runner/work/dashboard/dashboard/clones/cpython/Doc/whatsnew/changelog.rst:463:<translated>:1: WARNING: term not in glossary: '自由线程' [ref.term]
/home/runner/work/dashboard/dashboard/clones/cpython/Doc/whatsnew/changelog.rst:1432:<translated>:1: WARNING: unknown keyword: 'async with`（或 :keyword:`with' [ref.keyword]
/home/runner/work/dashboard/dashboard/clones/cpython/Doc/whatsnew/changelog.rst:1432:<translated>:1: WARNING: unknown keyword: 'with`（或 :keyword:`async with' [ref.keyword]
/home/runner/work/dashboard/dashboard/clones/cpython/Doc/whatsnew/changelog.rst:1514:<translated>:1: WARNING: Unparseable C cross-reference: 'PyType_GetModuleByDef`返回NULL而不设置 :exc:`TypeError'
Invalid C declaration: Expected end of definition. [error at 21]
  PyType_GetModuleByDef`返回NULL而不设置 :exc:`TypeError
  ---------------------^
/home/runner/work/dashboard/dashboard/clones/cpython/Doc/whatsnew/changelog.rst:1542:<translated>:1: WARNING: Unparseable C cross-reference: 'PyArg_Parse`中的 ``k`'
Invalid C declaration: Expected end of definition. [error at 11]
  PyArg_Parse`中的 ``k`
  -----------^
/home/runner/work/dashboard/dashboard/clones/cpython/Doc/whatsnew/changelog.rst:1564:<translated>:1: WARNING: term not in glossary: '借用引用' [ref.term]
/home/runner/work/dashboard/dashboard/clones/cpython/Doc/whatsnew/changelog.rst:2327:<translated>:1: WARNING: term not in glossary: '自由线程' [ref.term]
/home/runner/work/dashboard/dashboard/clones/cpython/Doc/whatsnew/changelog.rst:2379:<translated>:1: WARNING: term not in glossary: '自由线程' [ref.term]
/home/runner/work/dashboard/dashboard/clones/cpython/Doc/whatsnew/changelog.rst:2391:<translated>:1: WARNING: term not in glossary: '自由线程' [ref.term]
/home/runner/work/dashboard/dashboard/clones/cpython/Doc/whatsnew/changelog.rst:2413:<translated>:1: WARNING: term not in glossary: '自由线程`构建中，当`repr(set)' [ref.term]
/home/runner/work/dashboard/dashboard/clones/cpython/Doc/whatsnew/changelog.rst:2431:<translated>:1: WARNING: term not in glossary: '自由线程' [ref.term]
/home/runner/work/dashboard/dashboard/clones/cpython/Doc/whatsnew/changelog.rst:2726:<translated>:1: WARNING: term not in glossary: '自由线程' [ref.term]
/home/runner/work/dashboard/dashboard/clones/cpython/Doc/whatsnew/changelog.rst:3270:<translated>:1: WARNING: term not in glossary: '关键字参数' [ref.term]
/home/runner/work/dashboard/dashboard/clones/cpython/Doc/whatsnew/changelog.rst:3622:<translated>:1: WARNING: term not in glossary: '文件系统编码和错误处理程序' [ref.term]
/home/runner/work/dashboard/dashboard/clones/cpython/Doc/whatsnew/changelog.rst:4797:<translated>:1: WARNING: undefined label: "action`（如'store_const'或'store_true'）或显式指定了``nargs=0`" [ref.ref]
/home/runner/work/dashboard/dashboard/clones/cpython/Doc/whatsnew/changelog.rst:5860:<translated>:1: WARNING: term not in glossary: '上下文' [ref.term]
/home/runner/work/dashboard/dashboard/clones/cpython/Doc/whatsnew/changelog.rst:5860:<translated>:1: WARNING: term not in glossary: '当前上下文' [ref.term]
/home/runner/work/dashboard/dashboard/clones/cpython/Doc/whatsnew/changelog.rst:6697:<translated>:1: WARNING: term not in glossary: '软弃用' [ref.term]
/home/runner/work/dashboard/dashboard/clones/cpython/Doc/whatsnew/changelog.rst:6946:<translated>:1: WARNING: term not in glossary: '交互式' [ref.term]
/home/runner/work/dashboard/dashboard/clones/cpython/Doc/whatsnew/changelog.rst:7972:<translated>:1: WARNING: term not in glossary: '强引用' [ref.term]
/home/runner/work/dashboard/dashboard/clones/cpython/Doc/whatsnew/changelog.rst:8981:<translated>:1: WARNING: term not in glossary: '强引用' [ref.term]
/home/runner/work/dashboard/dashboard/clones/cpython/Doc/whatsnew/changelog.rst:10644:<translated>:1: WARNING: Unparseable C cross-reference: 'Py_DECREF()`现在如果对象是指向已释放内存的悬挂指针（内存由内存分配器的调试钩子填充为`0xDD'
Invalid C declaration: Expected end of definition. [error at 11]
  Py_DECREF()`现在如果对象是指向已释放内存的悬挂指针（内存由内存分配器的调试钩子填充为`0xDD
  -----------^
/home/runner/work/dashboard/dashboard/clones/cpython/Doc/whatsnew/changelog.rst:12534:<translated>:1: WARNING: unknown option: 'debug-build' [ref.option]
/home/runner/work/dashboard/dashboard/clones/cpython/Doc/whatsnew/changelog.rst:12778:<translated>:1: WARNING: unknown option: 'limited-c-api' [ref.option]
/home/runner/work/dashboard/dashboard/clones/cpython/Doc/whatsnew/changelog.rst:12864:<translated>:1: WARNING: term not in glossary: '强引用' [ref.term]
/home/runner/work/dashboard/dashboard/clones/cpython/Doc/whatsnew/changelog.rst:12873:<translated>:1: WARNING: term not in glossary: '强引用' [ref.term]
/home/runner/work/dashboard/dashboard/clones/cpython/Doc/whatsnew/changelog.rst:12877:<translated>:1: WARNING: term not in glossary: '强引用' [ref.term]
/home/runner/work/dashboard/dashboard/clones/cpython/Doc/whatsnew/changelog.rst:14364:<translated>:1: WARNING: term not in glossary: '序列' [ref.term]
/home/runner/work/dashboard/dashboard/clones/cpython/Doc/whatsnew/changelog.rst:18126:<translated>:1: WARNING: Unparseable C cross-reference: 'PyType_FromMetaclass`（以及其他 ``PyType_From*`'
Invalid C declaration: Expected end of definition. [error at 20]
  PyType_FromMetaclass`（以及其他 ``PyType_From*`
  --------------------^
/home/runner/work/dashboard/dashboard/clones/cpython/Doc/whatsnew/changelog.rst:20782:<translated>:1: WARNING: Unparseable C cross-reference: 'PyBuffer_ToContiguous`和 :c:func:`PyMemoryView_FromBuffer'
Invalid C declaration: Expected end of definition. [error at 21]
  PyBuffer_ToContiguous`和 :c:func:`PyMemoryView_FromBuffer
  ---------------------^
/home/runner/work/dashboard/dashboard/clones/cpython/Doc/whatsnew/changelog.rst:20782:<translated>:1: WARNING: Unparseable C cross-reference: 'PyBuffer_FromContiguous`现在还将源缓冲区作为``const void *`'
Invalid C declaration: Expected end of definition. [error at 23]
  PyBuffer_FromContiguous`现在还将源缓冲区作为``const void *`
  -----------------------^
/home/runner/work/dashboard/dashboard/clones/cpython/Doc/whatsnew/changelog.rst:20782:<translated>:1: WARNING: Unparseable C cross-reference: 'PyBuffer_GetPointer`将步幅作为 ``const Py_ssize_t *`'
Invalid C declaration: Expected end of definition. [error at 19]
  PyBuffer_GetPointer`将步幅作为 ``const Py_ssize_t *`
  -------------------^
/home/runner/work/dashboard/dashboard/clones/cpython/Doc/whatsnew/changelog.rst:22181:<translated>:1: WARNING: term not in glossary: '上下文管理器' [ref.term]
/home/runner/work/dashboard/dashboard/clones/cpython/Doc/whatsnew/changelog.rst:26525:<translated>:1: WARNING: term not in glossary: 'class>`和 :term:`类型 <type' [ref.term]
/home/runner/work/dashboard/dashboard/clones/cpython/Doc/whatsnew/changelog.rst:33420:<translated>:1: WARNING: Unparseable C cross-reference: 'PyMem_SetupDebugHooks`函数)中使用的内部常量 ``CLEANBYTE`'
Invalid C declaration: Expected end of definition. [error at 21]
  PyMem_SetupDebugHooks`函数)中使用的内部常量 ``CLEANBYTE`
  ---------------------^
/home/runner/work/dashboard/dashboard/clones/cpython/Doc/using/mac.rst:378: WARNING: Lexing literal_block 'RELEASE="python-\\ |version|\\ 0b2-macos11.pkg"\n\n# 下载 installer pkg\ncurl -O \\https://www.python.org/ftp/python/\\ |version|\\ .0/${RELEASE}\n\n# 创建 installer choicechanges 文件来定制安装：\n# 启用 PythonTFramework-\\ |version|\\ 包\n# 并接受其他默认选项（安装所有其他包）\ncat > ./choicechanges.plist <<EOF\n<?xml version="1.0" encoding="UTF-8"?>\n<!DOCTYPE plist PUBLIC "-//Apple//DTD PLIST 1.0//EN" "\\http://www.apple.com/DTDs/PropertyList-1.0.dtd">\n<plist version="1.0">\n<array>\n<dict>\n<key>attributeSetting</key>\n<integer>1</integer>\n<key>choiceAttribute</key>\n<string>selected</string>\n<key>choiceIdentifier</key>\n<string>org.python.Python.PythonTFramework-\\ |version|\\ </string>\n</dict>\n</array>\n</plist>\nEOF\n\nsudo installer -pkg ./${RELEASE} -applyChoiceChangesXML ./choicechanges.plist -target /' as "python3" resulted in an error at token: '$'. Retrying in relaxed mode. [misc.highlighting_failure]
/home/runner/work/dashboard/dashboard/clones/cpython/Doc/using/mac.rst:410: WARNING: Lexing literal_block '$ # 当 Unix Command Tools 包被启用时测试自由线程解释器是否已安装\n$ /usr/local/bin/python\\ |version|\\ t -VV\nPython \\ |version|\\ .0b2 experimental free-threading build (v\\ |version|\\ .0b2:3a83b172af, Jun 5 2024, 12:57:31) [Clang 15.0.0 (clang-1500.3.9.4)]\n$ # 并测试传统解释器\n$ /usr/local/bin/python\\ |version|\\ -VV\nPython \\ |version|\\ .0b2 (v\\ |version|\\ .0b2:3a83b172af, Jun 5 2024, 12:50:24) [Clang 15.0.0 (clang-1500.3.9.4)]\n$ # 当 /usr/local/bin 在 $PATH 中时测试它们在不带前缀的情况下是否可用\n$ python\\ |version|\\ t -VV\nPython \\ |version|\\ .0b2 experimental free-threading build (v\\ |version|\\ .0b2:3a83b172af, Jun 5 2024, 12:57:31) [Clang 15.0.0 (clang-1500.3.9.4)]\n$ python\\ |version|\\ -VV\nPython \\ |version|\\ .0b2 (v\\ |version|\\ .0b2:3a83b172af, Jun 5 2024, 12:50:24) [Clang 15.0.0 (clang-1500.3.9.4)]' as "python3" resulted in an error at token: '$'. Retrying in relaxed mode. [misc.highlighting_failure]
